#
# There is insufficient memory for the Java Runtime Environment to continue.
# Native memory allocation (malloc) failed to allocate 1048576 bytes for AllocateHeap
# Possible reasons:
#   The system is out of physical RAM or swap space
#   The process is running with CompressedOops enabled, and the Java Heap may be blocking the growth of the native heap
# Possible solutions:
#   Reduce memory load on the system
#   Increase physical memory or swap space
#   Check if swap backing store is full
#   Decrease Java heap size (-Xmx/-Xms)
#   Decrease number of Java threads
#   Decrease Java thread stack sizes (-Xss)
#   Set larger code cache with -XX:ReservedCodeCacheSize=
#   JVM is running with Zero Based Compressed Oops mode in which the Java heap is
#     placed in the first 32GB address space. The Java Heap base address is the
#     maximum limit for the native heap growth. Please use -XX:HeapBaseMinAddress
#     to set the Java Heap base and to place the Java Heap above 32GB virtual address.
# This output file may be truncated or incomplete.
#
#  Out of Memory Error (./src/hotspot/share/memory/allocation.cpp:46), pid=30592, tid=23532
#
# JRE version: OpenJDK Runtime Environment Corretto-11.0.11.9.1 (11.0.11+9) (build 11.0.11+9-LTS)
# Java VM: OpenJDK 64-Bit Server VM Corretto-11.0.11.9.1 (11.0.11+9-LTS, mixed mode, tiered, compressed oops, g1 gc, windows-amd64)
# No core dump will be written. Minidumps are not enabled by default on client versions of Windows
#

---------------  S U M M A R Y ------------

Command Line: -Dfile.encoding=UTF-8 --module-path=D:\Xim\FES\2DO SEM\POO\poo2209\tareas\CifradoCesar\build\classes cifradocesar.CifradoCesar

Host: AMD Ryzen 3 3300U with Radeon Vega Mobile Gfx  , 4 cores, 9G,  Windows 10 , 64 bit Build 18362 (10.0.18362.1500)
Time: Mon May 16 16:32:33 2022 Hora de verano central (México) elapsed time: 5735.767335 seconds (0d 1h 35m 35s)

---------------  T H R E A D  ---------------

Current thread (0x000001ee77a7a000):  VMThread "VM Thread" [stack: 0x0000007730b00000,0x0000007730c00000] [id=23532]

Stack: [0x0000007730b00000,0x0000007730c00000]
[error occurred during error reporting (printing stack bounds), id 0xc0000005, EXCEPTION_ACCESS_VIOLATION (0xc0000005) at pc=0x000001ee60720f2d]

Native frames: (J=compiled Java code, j=interpreted, Vv=VM code, C=native code)
V  [jvm.dll+0x5f867a]
V  [jvm.dll+0x78124e]
V  [jvm.dll+0x78291f]
V  [jvm.dll+0x782f45]
V  [jvm.dll+0x782efb]
V  [jvm.dll+0x5f7b63]
V  [jvm.dll+0x5f8278]
C  [ntdll.dll+0xa1fff]
C  [ntdll.dll+0x6aad9]
C  [ntdll.dll+0xa0c6e]
C  0x000001ee60720f2d

VM_Operation (0x00000077322fbbc0): CollectForMetadataAllocation, mode: safepoint, requested by thread 0x000001ee78dfe000


---------------  P R O C E S S  ---------------

Threads class SMR info:
_java_thread_list=0x000001ee78bfd830, length=16, elements={
0x000001ee77a7e800, 0x000001ee782ba000, 0x000001ee77aa6000, 0x000001ee78301800,
0x000001ee78305800, 0x000001ee7830d000, 0x000001ee78315800, 0x000001ee78316800,
0x000001ee78485800, 0x000001ee78924000, 0x000001ee78927800, 0x000001ee7892b000,
0x000001ee78dfe000, 0x000001ee5801e000, 0x000001ee78dd8800, 0x000001ee78944800
}

Java Threads: ( => current thread )
  0x000001ee77a7e800 JavaThread "Reference Handler" daemon [_thread_blocked, id=26020, stack(0x0000007730c00000,0x0000007730d00000)]
  0x000001ee782ba000 JavaThread "Finalizer" daemon [_thread_blocked, id=25308, stack(0x0000007730d00000,0x0000007730e00000)]
  0x000001ee77aa6000 JavaThread "Signal Dispatcher" daemon [_thread_blocked, id=15088, stack(0x0000007730e00000,0x0000007730f00000)]
  0x000001ee78301800 JavaThread "Attach Listener" daemon [_thread_blocked, id=27640, stack(0x0000007730f00000,0x0000007731000000)]
  0x000001ee78305800 JavaThread "Service Thread" daemon [_thread_blocked, id=27052, stack(0x0000007731000000,0x0000007731100000)]
  0x000001ee7830d000 JavaThread "C2 CompilerThread0" daemon [_thread_blocked, id=17364, stack(0x0000007731100000,0x0000007731200000)]
  0x000001ee78315800 JavaThread "C1 CompilerThread0" daemon [_thread_blocked, id=3520, stack(0x0000007731200000,0x0000007731300000)]
  0x000001ee78316800 JavaThread "Sweeper thread" daemon [_thread_blocked, id=10124, stack(0x0000007731300000,0x0000007731400000)]
  0x000001ee78485800 JavaThread "Common-Cleaner" daemon [_thread_blocked, id=13484, stack(0x0000007731400000,0x0000007731500000)]
  0x000001ee78924000 JavaThread "Java2D Disposer" daemon [_thread_blocked, id=17456, stack(0x0000007731600000,0x0000007731700000)]
  0x000001ee78927800 JavaThread "AWT-Shutdown" [_thread_blocked, id=20988, stack(0x0000007731700000,0x0000007731800000)]
  0x000001ee7892b000 JavaThread "AWT-Windows" daemon [_thread_in_native, id=18204, stack(0x0000007731800000,0x0000007731900000)]
  0x000001ee78dfe000 JavaThread "AWT-EventQueue-0" [_thread_blocked, id=1712, stack(0x0000007732200000,0x0000007732300000)]
  0x000001ee5801e000 JavaThread "DestroyJavaVM" [_thread_blocked, id=13636, stack(0x0000007730500000,0x0000007730600000)]
  0x000001ee78dd8800 JavaThread "D3D Screen Updater" daemon [_thread_blocked, id=29128, stack(0x0000007732400000,0x0000007732500000)]
  0x000001ee78944800 JavaThread "TimerQueue" daemon [_thread_blocked, id=17500, stack(0x0000007732500000,0x0000007732600000)]

Other Threads:
=>0x000001ee77a7a000 VMThread "VM Thread" [stack: 0x0000007730b00000,0x0000007730c00000] [id=23532]
  0x000001ee78599000 WatcherThread [stack: 0x0000007731500000,0x0000007731600000] [id=30080]
  0x000001ee58036800 GCTaskThread "GC Thread#0" [stack: 0x0000007730600000,0x0000007730700000] [id=8000]
  0x000001ee7e1e7800 GCTaskThread "GC Thread#1" [stack: 0x0000000000000000,0x0000000000000000] [id=32168]
  0x000001ee7894c800 GCTaskThread "GC Thread#2" [stack: 0x0000000000000000,0x0000000000000000] [id=10840]
  0x000001ee58071800 ConcurrentGCThread "G1 Main Marker" [stack: 0x0000007730700000,0x0000007730800000] [id=26788]
  0x000001ee58073000 ConcurrentGCThread "G1 Conc#0" [stack: 0x0000007730800000,0x0000007730900000] [id=8284]
  0x000001ee580ee800 ConcurrentGCThread "G1 Refine#0" [stack: 0x0000007730900000,0x0000007730a00000] [id=19320]
  0x000001ee778e4800 ConcurrentGCThread "G1 Young RemSet Sampling" [stack: 0x0000007730a00000,0x0000007730b00000] [id=11292]

Threads with active compile tasks:

VM state:at safepoint (normal execution)

VM Mutex/Monitor currently owned by a thread:  ([mutex/lock_event])
[0x000001ee5801a510] Threads_lock - owner thread: 0x000001ee77a7a000
[0x000001ee58019670] Heap_lock - owner thread: 0x000001ee78dfe000

Heap address: 0x0000000761400000, size: 2540 MB, Compressed Oops mode: Zero based, Oop shift amount: 3
Narrow klass base: 0x0000000800000000, Narrow klass shift: 0
Compressed class space size: 1073741824 Address: 0x0000000800000000

Heap:
 garbage-first heap   total 163840K, used 2193K [0x0000000761400000, 0x0000000800000000)
  region size 1024K, 2 young (2048K), 2 survivors (2048K)
 Metaspace       used 14694K, capacity 15047K, committed 15232K, reserved 1071104K
  class space    used 1601K, capacity 1796K, committed 1920K, reserved 1048576K
Heap Regions: E=young(eden), S=young(survivor), O=old, HS=humongous(starts), HC=humongous(continues), CS=collection set, F=free, A=archive, TAMS=top-at-mark-start (previous, next)
|   0|0x0000000761400000, 0x0000000761424600, 0x0000000761500000| 14%| O|  |TAMS 0x0000000761400000, 0x0000000761424600| Untracked 
|   1|0x0000000761500000, 0x0000000761500000, 0x0000000761600000|  0%| F|  |TAMS 0x0000000761500000, 0x0000000761500000| Untracked 
|   2|0x0000000761600000, 0x0000000761600000, 0x0000000761700000|  0%| F|  |TAMS 0x0000000761600000, 0x0000000761600000| Untracked 
|   3|0x0000000761700000, 0x0000000761700000, 0x0000000761800000|  0%| F|  |TAMS 0x0000000761700000, 0x0000000761700000| Untracked 
|   4|0x0000000761800000, 0x0000000761800000, 0x0000000761900000|  0%| F|  |TAMS 0x0000000761800000, 0x0000000761800000| Untracked 
|   5|0x0000000761900000, 0x0000000761900000, 0x0000000761a00000|  0%| F|  |TAMS 0x0000000761900000, 0x0000000761900000| Untracked 
|   6|0x0000000761a00000, 0x0000000761a00000, 0x0000000761b00000|  0%| F|  |TAMS 0x0000000761a00000, 0x0000000761a00000| Untracked 
|   7|0x0000000761b00000, 0x0000000761b00000, 0x0000000761c00000|  0%| F|  |TAMS 0x0000000761b00000, 0x0000000761b00000| Untracked 
|   8|0x0000000761c00000, 0x0000000761c00000, 0x0000000761d00000|  0%| F|  |TAMS 0x0000000761c00000, 0x0000000761c00000| Untracked 
|   9|0x0000000761d00000, 0x0000000761d00000, 0x0000000761e00000|  0%| F|  |TAMS 0x0000000761d00000, 0x0000000761d00000| Untracked 
|  10|0x0000000761e00000, 0x0000000761e00000, 0x0000000761f00000|  0%| F|  |TAMS 0x0000000761e00000, 0x0000000761e00000| Untracked 
|  11|0x0000000761f00000, 0x0000000761f00000, 0x0000000762000000|  0%| F|  |TAMS 0x0000000761f00000, 0x0000000761f00000| Untracked 
|  12|0x0000000762000000, 0x0000000762000000, 0x0000000762100000|  0%| F|  |TAMS 0x0000000762000000, 0x0000000762000000| Untracked 
|  13|0x0000000762100000, 0x0000000762100000, 0x0000000762200000|  0%| F|  |TAMS 0x0000000762100000, 0x0000000762100000| Untracked 
|  14|0x0000000762200000, 0x0000000762200000, 0x0000000762300000|  0%| F|  |TAMS 0x0000000762200000, 0x0000000762200000| Untracked 
|  15|0x0000000762300000, 0x0000000762300000, 0x0000000762400000|  0%| F|  |TAMS 0x0000000762300000, 0x0000000762300000| Untracked 
|  16|0x0000000762400000, 0x0000000762400000, 0x0000000762500000|  0%| F|  |TAMS 0x0000000762400000, 0x0000000762400000| Untracked 
|  17|0x0000000762500000, 0x0000000762500000, 0x0000000762600000|  0%| F|  |TAMS 0x0000000762500000, 0x0000000762500000| Untracked 
|  18|0x0000000762600000, 0x0000000762600000, 0x0000000762700000|  0%| F|  |TAMS 0x0000000762600000, 0x0000000762600000| Untracked 
|  19|0x0000000762700000, 0x0000000762700000, 0x0000000762800000|  0%| F|  |TAMS 0x0000000762700000, 0x0000000762700000| Untracked 
|  20|0x0000000762800000, 0x0000000762800000, 0x0000000762900000|  0%| F|  |TAMS 0x0000000762800000, 0x0000000762800000| Untracked 
|  21|0x0000000762900000, 0x0000000762900000, 0x0000000762a00000|  0%| F|  |TAMS 0x0000000762900000, 0x0000000762900000| Untracked 
|  22|0x0000000762a00000, 0x0000000762a00000, 0x0000000762b00000|  0%| F|  |TAMS 0x0000000762a00000, 0x0000000762a00000| Untracked 
|  23|0x0000000762b00000, 0x0000000762b00000, 0x0000000762c00000|  0%| F|  |TAMS 0x0000000762b00000, 0x0000000762b00000| Untracked 
|  24|0x0000000762c00000, 0x0000000762c00000, 0x0000000762d00000|  0%| F|  |TAMS 0x0000000762c00000, 0x0000000762c00000| Untracked 
|  25|0x0000000762d00000, 0x0000000762d00000, 0x0000000762e00000|  0%| F|  |TAMS 0x0000000762d00000, 0x0000000762d00000| Untracked 
|  26|0x0000000762e00000, 0x0000000762e00000, 0x0000000762f00000|  0%| F|  |TAMS 0x0000000762e00000, 0x0000000762e00000| Untracked 
|  27|0x0000000762f00000, 0x0000000762f00000, 0x0000000763000000|  0%| F|  |TAMS 0x0000000762f00000, 0x0000000762f00000| Untracked 
|  28|0x0000000763000000, 0x0000000763000000, 0x0000000763100000|  0%| F|  |TAMS 0x0000000763000000, 0x0000000763000000| Untracked 
|  29|0x0000000763100000, 0x0000000763100000, 0x0000000763200000|  0%| F|  |TAMS 0x0000000763100000, 0x0000000763100000| Untracked 
|  30|0x0000000763200000, 0x0000000763200000, 0x0000000763300000|  0%| F|  |TAMS 0x0000000763200000, 0x0000000763200000| Untracked 
|  31|0x0000000763300000, 0x0000000763300000, 0x0000000763400000|  0%| F|  |TAMS 0x0000000763300000, 0x0000000763300000| Untracked 
|  32|0x0000000763400000, 0x0000000763400000, 0x0000000763500000|  0%| F|  |TAMS 0x0000000763400000, 0x0000000763400000| Untracked 
|  33|0x0000000763500000, 0x0000000763500000, 0x0000000763600000|  0%| F|  |TAMS 0x0000000763500000, 0x0000000763500000| Untracked 
|  34|0x0000000763600000, 0x0000000763600000, 0x0000000763700000|  0%| F|  |TAMS 0x0000000763600000, 0x0000000763600000| Untracked 
|  35|0x0000000763700000, 0x0000000763700000, 0x0000000763800000|  0%| F|  |TAMS 0x0000000763700000, 0x0000000763700000| Untracked 
|  36|0x0000000763800000, 0x0000000763800000, 0x0000000763900000|  0%| F|  |TAMS 0x0000000763800000, 0x0000000763800000| Untracked 
|  37|0x0000000763900000, 0x0000000763900000, 0x0000000763a00000|  0%| F|  |TAMS 0x0000000763900000, 0x0000000763900000| Untracked 
|  38|0x0000000763a00000, 0x0000000763a00000, 0x0000000763b00000|  0%| F|  |TAMS 0x0000000763a00000, 0x0000000763a00000| Untracked 
|  39|0x0000000763b00000, 0x0000000763b00000, 0x0000000763c00000|  0%| F|  |TAMS 0x0000000763b00000, 0x0000000763b00000| Untracked 
|  40|0x0000000763c00000, 0x0000000763c00000, 0x0000000763d00000|  0%| F|  |TAMS 0x0000000763c00000, 0x0000000763c00000| Untracked 
|  41|0x0000000763d00000, 0x0000000763d00000, 0x0000000763e00000|  0%| F|  |TAMS 0x0000000763d00000, 0x0000000763d00000| Untracked 
|  42|0x0000000763e00000, 0x0000000763e00000, 0x0000000763f00000|  0%| F|  |TAMS 0x0000000763e00000, 0x0000000763e00000| Untracked 
|  43|0x0000000763f00000, 0x0000000763f00000, 0x0000000764000000|  0%| F|  |TAMS 0x0000000763f00000, 0x0000000763f00000| Untracked 
|  44|0x0000000764000000, 0x0000000764000000, 0x0000000764100000|  0%| F|  |TAMS 0x0000000764000000, 0x0000000764000000| Untracked 
|  45|0x0000000764100000, 0x0000000764100000, 0x0000000764200000|  0%| F|  |TAMS 0x0000000764100000, 0x0000000764100000| Untracked 
|  46|0x0000000764200000, 0x0000000764200000, 0x0000000764300000|  0%| F|  |TAMS 0x0000000764200000, 0x0000000764200000| Untracked 
|  47|0x0000000764300000, 0x0000000764300000, 0x0000000764400000|  0%| F|  |TAMS 0x0000000764300000, 0x0000000764300000| Untracked 
|  48|0x0000000764400000, 0x0000000764400000, 0x0000000764500000|  0%| F|  |TAMS 0x0000000764400000, 0x0000000764400000| Untracked 
|  49|0x0000000764500000, 0x0000000764500000, 0x0000000764600000|  0%| F|  |TAMS 0x0000000764500000, 0x0000000764500000| Untracked 
|  50|0x0000000764600000, 0x0000000764600000, 0x0000000764700000|  0%| F|  |TAMS 0x0000000764600000, 0x0000000764600000| Untracked 
|  51|0x0000000764700000, 0x0000000764700000, 0x0000000764800000|  0%| F|  |TAMS 0x0000000764700000, 0x0000000764700000| Untracked 
|  52|0x0000000764800000, 0x0000000764800000, 0x0000000764900000|  0%| F|  |TAMS 0x0000000764800000, 0x0000000764800000| Untracked 
|  53|0x0000000764900000, 0x0000000764900000, 0x0000000764a00000|  0%| F|  |TAMS 0x0000000764900000, 0x0000000764900000| Untracked 
|  54|0x0000000764a00000, 0x0000000764a00000, 0x0000000764b00000|  0%| F|  |TAMS 0x0000000764a00000, 0x0000000764a00000| Untracked 
|  55|0x0000000764b00000, 0x0000000764b00000, 0x0000000764c00000|  0%| F|  |TAMS 0x0000000764b00000, 0x0000000764b00000| Untracked 
|  56|0x0000000764c00000, 0x0000000764c00000, 0x0000000764d00000|  0%| F|  |TAMS 0x0000000764c00000, 0x0000000764c00000| Untracked 
|  57|0x0000000764d00000, 0x0000000764d00000, 0x0000000764e00000|  0%| F|  |TAMS 0x0000000764d00000, 0x0000000764d00000| Untracked 
|  58|0x0000000764e00000, 0x0000000764e00000, 0x0000000764f00000|  0%| F|  |TAMS 0x0000000764e00000, 0x0000000764e00000| Untracked 
|  59|0x0000000764f00000, 0x0000000764f00000, 0x0000000765000000|  0%| F|  |TAMS 0x0000000764f00000, 0x0000000764f00000| Untracked 
|  60|0x0000000765000000, 0x0000000765000000, 0x0000000765100000|  0%| F|  |TAMS 0x0000000765000000, 0x0000000765000000| Untracked 
|  61|0x0000000765100000, 0x0000000765100000, 0x0000000765200000|  0%| F|  |TAMS 0x0000000765100000, 0x0000000765100000| Untracked 
|  62|0x0000000765200000, 0x0000000765200000, 0x0000000765300000|  0%| F|  |TAMS 0x0000000765200000, 0x0000000765200000| Untracked 
|  63|0x0000000765300000, 0x0000000765300000, 0x0000000765400000|  0%| F|  |TAMS 0x0000000765300000, 0x0000000765300000| Untracked 
|  64|0x0000000765400000, 0x0000000765400000, 0x0000000765500000|  0%| F|  |TAMS 0x0000000765400000, 0x0000000765400000| Untracked 
|  65|0x0000000765500000, 0x0000000765500000, 0x0000000765600000|  0%| F|  |TAMS 0x0000000765500000, 0x0000000765500000| Untracked 
|  66|0x0000000765600000, 0x0000000765600000, 0x0000000765700000|  0%| F|  |TAMS 0x0000000765600000, 0x0000000765600000| Untracked 
|  67|0x0000000765700000, 0x0000000765700000, 0x0000000765800000|  0%| F|  |TAMS 0x0000000765700000, 0x0000000765700000| Untracked 
|  68|0x0000000765800000, 0x0000000765800000, 0x0000000765900000|  0%| F|  |TAMS 0x0000000765800000, 0x0000000765800000| Untracked 
|  69|0x0000000765900000, 0x0000000765900000, 0x0000000765a00000|  0%| F|  |TAMS 0x0000000765900000, 0x0000000765900000| Untracked 
|  70|0x0000000765a00000, 0x0000000765a00000, 0x0000000765b00000|  0%| F|  |TAMS 0x0000000765a00000, 0x0000000765a00000| Untracked 
|  71|0x0000000765b00000, 0x0000000765b00000, 0x0000000765c00000|  0%| F|  |TAMS 0x0000000765b00000, 0x0000000765b00000| Untracked 
|  72|0x0000000765c00000, 0x0000000765c00000, 0x0000000765d00000|  0%| F|  |TAMS 0x0000000765c00000, 0x0000000765c00000| Untracked 
|  73|0x0000000765d00000, 0x0000000765d00000, 0x0000000765e00000|  0%| F|  |TAMS 0x0000000765d00000, 0x0000000765d00000| Untracked 
|  74|0x0000000765e00000, 0x0000000765e00000, 0x0000000765f00000|  0%| F|  |TAMS 0x0000000765e00000, 0x0000000765e00000| Untracked 
|  75|0x0000000765f00000, 0x0000000765f00000, 0x0000000766000000|  0%| F|  |TAMS 0x0000000765f00000, 0x0000000765f00000| Untracked 
|  76|0x0000000766000000, 0x0000000766000000, 0x0000000766100000|  0%| F|  |TAMS 0x0000000766000000, 0x0000000766000000| Untracked 
|  77|0x0000000766100000, 0x0000000766100000, 0x0000000766200000|  0%| F|  |TAMS 0x0000000766100000, 0x0000000766100000| Untracked 
|  78|0x0000000766200000, 0x0000000766200000, 0x0000000766300000|  0%| F|  |TAMS 0x0000000766200000, 0x0000000766200000| Untracked 
|  79|0x0000000766300000, 0x0000000766300000, 0x0000000766400000|  0%| F|  |TAMS 0x0000000766300000, 0x0000000766300000| Untracked 
|  80|0x0000000766400000, 0x0000000766400000, 0x0000000766500000|  0%| F|  |TAMS 0x0000000766400000, 0x0000000766400000| Untracked 
|  81|0x0000000766500000, 0x0000000766500000, 0x0000000766600000|  0%| F|  |TAMS 0x0000000766500000, 0x0000000766500000| Untracked 
|  82|0x0000000766600000, 0x0000000766600000, 0x0000000766700000|  0%| F|  |TAMS 0x0000000766600000, 0x0000000766600000| Untracked 
|  83|0x0000000766700000, 0x0000000766700000, 0x0000000766800000|  0%| F|  |TAMS 0x0000000766700000, 0x0000000766700000| Untracked 
|  84|0x0000000766800000, 0x0000000766800000, 0x0000000766900000|  0%| F|  |TAMS 0x0000000766800000, 0x0000000766800000| Untracked 
|  85|0x0000000766900000, 0x0000000766900000, 0x0000000766a00000|  0%| F|  |TAMS 0x0000000766900000, 0x0000000766900000| Untracked 
|  86|0x0000000766a00000, 0x0000000766a00000, 0x0000000766b00000|  0%| F|  |TAMS 0x0000000766a00000, 0x0000000766a00000| Untracked 
|  87|0x0000000766b00000, 0x0000000766b00000, 0x0000000766c00000|  0%| F|  |TAMS 0x0000000766b00000, 0x0000000766b00000| Untracked 
|  88|0x0000000766c00000, 0x0000000766c00000, 0x0000000766d00000|  0%| F|  |TAMS 0x0000000766c00000, 0x0000000766c00000| Untracked 
|  89|0x0000000766d00000, 0x0000000766d00000, 0x0000000766e00000|  0%| F|  |TAMS 0x0000000766d00000, 0x0000000766d00000| Untracked 
|  90|0x0000000766e00000, 0x0000000766e00000, 0x0000000766f00000|  0%| F|  |TAMS 0x0000000766e00000, 0x0000000766e00000| Untracked 
|  91|0x0000000766f00000, 0x0000000766f00000, 0x0000000767000000|  0%| F|  |TAMS 0x0000000766f00000, 0x0000000766f00000| Untracked 
|  92|0x0000000767000000, 0x0000000767000000, 0x0000000767100000|  0%| F|  |TAMS 0x0000000767000000, 0x0000000767000000| Untracked 
|  93|0x0000000767100000, 0x0000000767100000, 0x0000000767200000|  0%| F|  |TAMS 0x0000000767100000, 0x0000000767100000| Untracked 
|  94|0x0000000767200000, 0x0000000767200000, 0x0000000767300000|  0%| F|  |TAMS 0x0000000767200000, 0x0000000767200000| Untracked 
|  95|0x0000000767300000, 0x0000000767300000, 0x0000000767400000|  0%| F|  |TAMS 0x0000000767300000, 0x0000000767300000| Untracked 
|  96|0x0000000767400000, 0x0000000767400000, 0x0000000767500000|  0%| F|  |TAMS 0x0000000767400000, 0x0000000767400000| Untracked 
|  97|0x0000000767500000, 0x0000000767500000, 0x0000000767600000|  0%| F|  |TAMS 0x0000000767500000, 0x0000000767500000| Untracked 
|  98|0x0000000767600000, 0x0000000767600000, 0x0000000767700000|  0%| F|  |TAMS 0x0000000767600000, 0x0000000767600000| Untracked 
|  99|0x0000000767700000, 0x0000000767700000, 0x0000000767800000|  0%| F|  |TAMS 0x0000000767700000, 0x0000000767700000| Untracked 
| 100|0x0000000767800000, 0x0000000767800000, 0x0000000767900000|  0%| F|  |TAMS 0x0000000767800000, 0x0000000767800000| Untracked 
| 101|0x0000000767900000, 0x0000000767900000, 0x0000000767a00000|  0%| F|  |TAMS 0x0000000767900000, 0x0000000767900000| Untracked 
| 102|0x0000000767a00000, 0x0000000767a00000, 0x0000000767b00000|  0%| F|  |TAMS 0x0000000767a00000, 0x0000000767a00000| Untracked 
| 103|0x0000000767b00000, 0x0000000767b00000, 0x0000000767c00000|  0%| F|  |TAMS 0x0000000767b00000, 0x0000000767b00000| Untracked 
| 104|0x0000000767c00000, 0x0000000767c00000, 0x0000000767d00000|  0%| F|  |TAMS 0x0000000767c00000, 0x0000000767c00000| Untracked 
| 105|0x0000000767d00000, 0x0000000767d00000, 0x0000000767e00000|  0%| F|  |TAMS 0x0000000767d00000, 0x0000000767d00000| Untracked 
| 106|0x0000000767e00000, 0x0000000767e00000, 0x0000000767f00000|  0%| F|  |TAMS 0x0000000767e00000, 0x0000000767e00000| Untracked 
| 107|0x0000000767f00000, 0x0000000767f00000, 0x0000000768000000|  0%| F|  |TAMS 0x0000000767f00000, 0x0000000767f00000| Untracked 
| 108|0x0000000768000000, 0x0000000768000000, 0x0000000768100000|  0%| F|  |TAMS 0x0000000768000000, 0x0000000768000000| Untracked 
| 109|0x0000000768100000, 0x0000000768100000, 0x0000000768200000|  0%| F|  |TAMS 0x0000000768100000, 0x0000000768100000| Untracked 
| 110|0x0000000768200000, 0x0000000768200000, 0x0000000768300000|  0%| F|  |TAMS 0x0000000768200000, 0x0000000768200000| Untracked 
| 111|0x0000000768300000, 0x0000000768300000, 0x0000000768400000|  0%| F|  |TAMS 0x0000000768300000, 0x0000000768300000| Untracked 
| 112|0x0000000768400000, 0x0000000768400000, 0x0000000768500000|  0%| F|  |TAMS 0x0000000768400000, 0x0000000768400000| Untracked 
| 113|0x0000000768500000, 0x0000000768500000, 0x0000000768600000|  0%| F|  |TAMS 0x0000000768500000, 0x0000000768500000| Untracked 
| 114|0x0000000768600000, 0x0000000768600000, 0x0000000768700000|  0%| F|  |TAMS 0x0000000768600000, 0x0000000768600000| Untracked 
| 115|0x0000000768700000, 0x0000000768700000, 0x0000000768800000|  0%| F|  |TAMS 0x0000000768700000, 0x0000000768700000| Untracked 
| 116|0x0000000768800000, 0x0000000768800000, 0x0000000768900000|  0%| F|  |TAMS 0x0000000768800000, 0x0000000768800000| Untracked 
| 117|0x0000000768900000, 0x0000000768900000, 0x0000000768a00000|  0%| F|  |TAMS 0x0000000768900000, 0x0000000768900000| Untracked 
| 118|0x0000000768a00000, 0x0000000768a00000, 0x0000000768b00000|  0%| F|  |TAMS 0x0000000768a00000, 0x0000000768a00000| Untracked 
| 119|0x0000000768b00000, 0x0000000768b00000, 0x0000000768c00000|  0%| F|  |TAMS 0x0000000768b00000, 0x0000000768b00000| Untracked 
| 120|0x0000000768c00000, 0x0000000768c00000, 0x0000000768d00000|  0%| F|  |TAMS 0x0000000768c00000, 0x0000000768c00000| Untracked 
| 121|0x0000000768d00000, 0x0000000768d00000, 0x0000000768e00000|  0%| F|  |TAMS 0x0000000768d00000, 0x0000000768d00000| Untracked 
| 122|0x0000000768e00000, 0x0000000768e00000, 0x0000000768f00000|  0%| F|  |TAMS 0x0000000768e00000, 0x0000000768e00000| Untracked 
| 123|0x0000000768f00000, 0x0000000768f00000, 0x0000000769000000|  0%| F|  |TAMS 0x0000000768f00000, 0x0000000768f00000| Untracked 
| 124|0x0000000769000000, 0x0000000769000000, 0x0000000769100000|  0%| F|  |TAMS 0x0000000769000000, 0x0000000769000000| Untracked 
| 125|0x0000000769100000, 0x0000000769100000, 0x0000000769200000|  0%| F|  |TAMS 0x0000000769100000, 0x0000000769100000| Untracked 
| 126|0x0000000769200000, 0x0000000769200000, 0x0000000769300000|  0%| F|  |TAMS 0x0000000769200000, 0x0000000769200000| Untracked 
| 127|0x0000000769300000, 0x0000000769300000, 0x0000000769400000|  0%| F|  |TAMS 0x0000000769300000, 0x0000000769300000| Untracked 
| 128|0x0000000769400000, 0x0000000769400000, 0x0000000769500000|  0%| F|  |TAMS 0x0000000769400000, 0x0000000769400000| Untracked 
| 129|0x0000000769500000, 0x0000000769500000, 0x0000000769600000|  0%| F|  |TAMS 0x0000000769500000, 0x0000000769500000| Untracked 
| 130|0x0000000769600000, 0x0000000769600000, 0x0000000769700000|  0%| F|  |TAMS 0x0000000769600000, 0x0000000769600000| Untracked 
| 131|0x0000000769700000, 0x0000000769700000, 0x0000000769800000|  0%| F|  |TAMS 0x0000000769700000, 0x0000000769700000| Untracked 
| 132|0x0000000769800000, 0x0000000769800000, 0x0000000769900000|  0%| F|  |TAMS 0x0000000769800000, 0x0000000769800000| Untracked 
| 133|0x0000000769900000, 0x0000000769900000, 0x0000000769a00000|  0%| F|  |TAMS 0x0000000769900000, 0x0000000769900000| Untracked 
| 134|0x0000000769a00000, 0x0000000769a00000, 0x0000000769b00000|  0%| F|  |TAMS 0x0000000769a00000, 0x0000000769a00000| Untracked 
| 135|0x0000000769b00000, 0x0000000769b00000, 0x0000000769c00000|  0%| F|  |TAMS 0x0000000769b00000, 0x0000000769b00000| Untracked 
| 136|0x0000000769c00000, 0x0000000769c00000, 0x0000000769d00000|  0%| F|  |TAMS 0x0000000769c00000, 0x0000000769c00000| Untracked 
| 137|0x0000000769d00000, 0x0000000769d00000, 0x0000000769e00000|  0%| F|  |TAMS 0x0000000769d00000, 0x0000000769d00000| Untracked 
| 138|0x0000000769e00000, 0x0000000769e00000, 0x0000000769f00000|  0%| F|  |TAMS 0x0000000769e00000, 0x0000000769e00000| Untracked 
| 139|0x0000000769f00000, 0x0000000769f00000, 0x000000076a000000|  0%| F|  |TAMS 0x0000000769f00000, 0x0000000769f00000| Untracked 
| 140|0x000000076a000000, 0x000000076a000000, 0x000000076a100000|  0%| F|  |TAMS 0x000000076a000000, 0x000000076a000000| Untracked 
| 141|0x000000076a100000, 0x000000076a100000, 0x000000076a200000|  0%| F|  |TAMS 0x000000076a100000, 0x000000076a100000| Untracked 
| 142|0x000000076a200000, 0x000000076a200000, 0x000000076a300000|  0%| F|  |TAMS 0x000000076a200000, 0x000000076a200000| Untracked 
| 143|0x000000076a300000, 0x000000076a300000, 0x000000076a400000|  0%| F|  |TAMS 0x000000076a300000, 0x000000076a300000| Untracked 
| 144|0x000000076a400000, 0x000000076a400000, 0x000000076a500000|  0%| F|  |TAMS 0x000000076a400000, 0x000000076a400000| Untracked 
| 145|0x000000076a500000, 0x000000076a600000, 0x000000076a600000|100%| S|CS|TAMS 0x000000076a500000, 0x000000076a500000| Complete 
| 146|0x000000076a600000, 0x000000076a700000, 0x000000076a700000|100%| S|CS|TAMS 0x000000076a600000, 0x000000076a600000| Complete 
| 147|0x000000076a700000, 0x000000076a700000, 0x000000076a800000|  0%| F|  |TAMS 0x000000076a700000, 0x000000076a700000| Untracked 
| 148|0x000000076a800000, 0x000000076a800000, 0x000000076a900000|  0%| F|  |TAMS 0x000000076a800000, 0x000000076a800000| Untracked 
| 149|0x000000076a900000, 0x000000076a900000, 0x000000076aa00000|  0%| F|  |TAMS 0x000000076a900000, 0x000000076a900000| Untracked 
| 150|0x000000076aa00000, 0x000000076aa00000, 0x000000076ab00000|  0%| F|  |TAMS 0x000000076aa00000, 0x000000076aa00000| Untracked 
| 151|0x000000076ab00000, 0x000000076ab00000, 0x000000076ac00000|  0%| F|  |TAMS 0x000000076ab00000, 0x000000076ab00000| Untracked 
| 152|0x000000076ac00000, 0x000000076ac00000, 0x000000076ad00000|  0%| F|  |TAMS 0x000000076ac00000, 0x000000076ac00000| Untracked 
| 153|0x000000076ad00000, 0x000000076ad00000, 0x000000076ae00000|  0%| F|  |TAMS 0x000000076ad00000, 0x000000076ad00000| Untracked 
| 154|0x000000076ae00000, 0x000000076ae00000, 0x000000076af00000|  0%| F|  |TAMS 0x000000076ae00000, 0x000000076ae00000| Untracked 
| 155|0x000000076af00000, 0x000000076af00000, 0x000000076b000000|  0%| F|  |TAMS 0x000000076af00000, 0x000000076af00000| Untracked 
| 156|0x000000076b000000, 0x000000076b000000, 0x000000076b100000|  0%| F|  |TAMS 0x000000076b000000, 0x000000076b000000| Untracked 
| 157|0x000000076b100000, 0x000000076b100000, 0x000000076b200000|  0%| F|  |TAMS 0x000000076b100000, 0x000000076b100000| Untracked 
| 158|0x000000076b200000, 0x000000076b200000, 0x000000076b300000|  0%| F|  |TAMS 0x000000076b200000, 0x000000076b200000| Untracked 
| 159|0x000000076b300000, 0x000000076b300000, 0x000000076b400000|  0%| F|  |TAMS 0x000000076b300000, 0x000000076b300000| Untracked 

Card table byte_map: [0x000001ee6fc20000,0x000001ee70120000] _byte_map_base: 0x000001ee6c116000

Marking Bits (Prev, Next): (CMBitMap*) 0x000001ee58066bf8, (CMBitMap*) 0x000001ee58066c30
 Prev Bits: [0x000001ee70620000, 0x000001ee72dd0000)
 Next Bits: [0x000001ee72dd0000, 0x000001ee75580000)

Polling page: 0x000001ee55ec0000

Metaspace:

Usage:
  Non-class:     12.94 MB capacity,    12.79 MB ( 99%) used,   113.63 KB ( <1%) free+waste,    43.69 KB ( <1%) overhead. 
      Class:      1.75 MB capacity,     1.56 MB ( 89%) used,   170.84 KB ( 10%) free+waste,    24.06 KB (  1%) overhead. 
       Both:     14.69 MB capacity,    14.35 MB ( 98%) used,   284.47 KB (  2%) free+waste,    67.75 KB ( <1%) overhead. 

Virtual space:
  Non-class space:       22.00 MB reserved,      13.00 MB ( 59%) committed 
      Class space:        1.00 GB reserved,       1.88 MB ( <1%) committed 
             Both:        1.02 GB reserved,      14.88 MB (  1%) committed 

Chunk freelists:
   Non-Class:  61.00 KB
       Class:  0 bytes
        Both:  61.00 KB

MaxMetaspaceSize: 17179869184.00 GB
CompressedClassSpaceSize: 1.00 GB

CodeHeap 'non-profiled nmethods': size=120064Kb used=353Kb max_used=353Kb free=119710Kb
 bounds [0x000001ee681e0000, 0x000001ee68450000, 0x000001ee6f720000]
CodeHeap 'profiled nmethods': size=120000Kb used=1509Kb max_used=1509Kb free=118490Kb
 bounds [0x000001ee60cb0000, 0x000001ee60f20000, 0x000001ee681e0000]
CodeHeap 'non-nmethods': size=5696Kb used=1209Kb max_used=1221Kb free=4486Kb
 bounds [0x000001ee60720000, 0x000001ee60990000, 0x000001ee60cb0000]
 total_blobs=1538 nmethods=968 adapters=482
 compilation: enabled
              stopped_count=0, restarted_count=0
 full_count=0

Compilation events (20 events):
Event: 120.738 Thread 0x000001ee7830d000  957       4       java.util.Arrays::copyOf (40 bytes)
Event: 120.746 Thread 0x000001ee7830d000 nmethod 957 0x000001ee68233110 code [0x000001ee682332c0, 0x000001ee68233758]
Event: 524.801 Thread 0x000001ee7830d000  958       4       java.util.ArrayList::toArray (57 bytes)
Event: 524.806 Thread 0x000001ee7830d000 nmethod 958 0x000001ee68233990 code [0x000001ee68233b20, 0x000001ee68233e78]
Event: 537.745 Thread 0x000001ee7830d000  959       4       java.util.ArrayList::toArray (57 bytes)
Event: 537.752 Thread 0x000001ee7830d000 nmethod 959 0x000001ee68234010 code [0x000001ee682341a0, 0x000001ee682345f8]
Event: 540.054 Thread 0x000001ee7830d000  960       4       sun.java2d.d3d.D3DSurfaceData$D3DWindowSurfaceData::isDirty (18 bytes)
Event: 540.056 Thread 0x000001ee7830d000 nmethod 960 0x000001ee68234790 code [0x000001ee68234920, 0x000001ee682349d8]
Event: 3034.686 Thread 0x000001ee78315800  961 % !   3       sun.java2d.d3d.D3DScreenUpdateManager::run @ 0 (267 bytes)
Event: 3034.699 Thread 0x000001ee78315800 nmethod 961% 0x000001ee60e1f090 code [0x000001ee60e1f4a0, 0x000001ee60e21c38]
Event: 3086.071 Thread 0x000001ee78315800  962   !   3       sun.java2d.d3d.D3DScreenUpdateManager::run (267 bytes)
Event: 3086.075 Thread 0x000001ee78315800 nmethod 962 0x000001ee60e22b10 code [0x000001ee60e22f20, 0x000001ee60e25638]
Event: 3188.907 Thread 0x000001ee7830d000  963       4       sun.java2d.StateTrackableDelegate$1::isCurrent (17 bytes)
Event: 3188.908 Thread 0x000001ee7830d000 nmethod 963 0x000001ee68234b10 code [0x000001ee68234ca0, 0x000001ee68234d38]
Event: 5089.720 Thread 0x000001ee7830d000  964 % !   4       sun.java2d.d3d.D3DScreenUpdateManager::run @ 0 (267 bytes)
Event: 5089.740 Thread 0x000001ee7830d000 nmethod 964% 0x000001ee68234e10 code [0x000001ee68235000, 0x000001ee68235f58]
Event: 5552.086 Thread 0x000001ee7830d000  966 % !   4       sun.java2d.d3d.D3DScreenUpdateManager::run @ 105 (267 bytes)
Event: 5552.106 Thread 0x000001ee7830d000 nmethod 966% 0x000001ee68236a90 code [0x000001ee68236ca0, 0x000001ee68237e58]
Event: 5735.247 Thread 0x000001ee78315800  967       3       sun.invoke.util.VerifyAccess::isMemberAccessible (313 bytes)
Event: 5735.251 Thread 0x000001ee78315800 nmethod 967 0x000001ee60e26510 code [0x000001ee60e269e0, 0x000001ee60e28be8]

GC Heap History (2 events):
Event: 5735.609 GC heap before
{Heap before GC invocations=0 (full 0):
 garbage-first heap   total 163840K, used 12288K [0x0000000761400000, 0x0000000800000000)
  region size 1024K, 13 young (13312K), 0 survivors (0K)
 Metaspace       used 14694K, capacity 15047K, committed 15232K, reserved 1069056K
  class space    used 1601K, capacity 1796K, committed 1920K, reserved 1048576K
}
Event: 5735.751 GC heap after
{Heap after GC invocations=1 (full 0):
 garbage-first heap   total 163840K, used 2193K [0x0000000761400000, 0x0000000800000000)
  region size 1024K, 2 young (2048K), 2 survivors (2048K)
 Metaspace       used 14694K, capacity 15047K, committed 15232K, reserved 1069056K
  class space    used 1601K, capacity 1796K, committed 1920K, reserved 1048576K
}

Deoptimization events (20 events):
Event: 0.226 Thread 0x000001ee5801e000 DEOPT PACKING pc=0x000001ee681eba94 sp=0x00000077305fa8d0
Event: 0.226 Thread 0x000001ee5801e000 DEOPT UNPACKING pc=0x000001ee607468af sp=0x00000077305fa860 mode 2
Event: 0.226 Thread 0x000001ee5801e000 Uncommon trap: trap_request=0xffffffc6 fr.pc=0x000001ee681eba94 relative=0x0000000000000074
Event: 0.226 Thread 0x000001ee5801e000 Uncommon trap: reason=bimorphic_or_optimized_type_check action=maybe_recompile pc=0x000001ee681eba94 method=java.util.AbstractCollection.isEmpty()Z @ 1 c2
Event: 0.226 Thread 0x000001ee5801e000 DEOPT PACKING pc=0x000001ee681eba94 sp=0x00000077305faaa0
Event: 0.226 Thread 0x000001ee5801e000 DEOPT UNPACKING pc=0x000001ee607468af sp=0x00000077305faa30 mode 2
Event: 0.457 Thread 0x000001ee5801e000 Uncommon trap: trap_request=0xffffff4d fr.pc=0x000001ee681eeb34 relative=0x0000000000000d34
Event: 0.457 Thread 0x000001ee5801e000 Uncommon trap: reason=unstable_if action=reinterpret pc=0x000001ee681eeb34 method=java.util.HashMap.putVal(ILjava/lang/Object;Ljava/lang/Object;ZZ)Ljava/lang/Object; @ 81 c2
Event: 0.457 Thread 0x000001ee5801e000 DEOPT PACKING pc=0x000001ee681eeb34 sp=0x00000077305fe3b0
Event: 0.457 Thread 0x000001ee5801e000 DEOPT UNPACKING pc=0x000001ee607468af sp=0x00000077305fe350 mode 2
Event: 107.898 Thread 0x000001ee78dd8800 Uncommon trap: trap_request=0xffffffcc fr.pc=0x000001ee68232d70 relative=0x0000000000000330
Event: 107.898 Thread 0x000001ee78dd8800 Uncommon trap: reason=intrinsic_or_type_checked_inlining action=make_not_entrant pc=0x000001ee68232d70 method=java.util.Arrays.copyOf([Ljava/lang/Object;ILjava/lang/Class;)[Ljava/lang/Object; @ 35 c2
Event: 107.898 Thread 0x000001ee78dd8800 DEOPT PACKING pc=0x000001ee68232d70 sp=0x00000077324fed60
Event: 107.898 Thread 0x000001ee78dd8800 DEOPT UNPACKING pc=0x000001ee607468af sp=0x00000077324fecf0 mode 2
Event: 524.901 Thread 0x000001ee78dd8800 Uncommon trap: trap_request=0xffffffdc fr.pc=0x000001ee68233cb4 relative=0x0000000000000194
Event: 524.901 Thread 0x000001ee78dd8800 Uncommon trap: reason=class_check action=make_not_entrant pc=0x000001ee68233cb4 method=java.util.ArrayList.toArray([Ljava/lang/Object;)[Ljava/lang/Object; @ 21 c2
Event: 524.901 Thread 0x000001ee78dd8800 DEOPT PACKING pc=0x000001ee68233cb4 sp=0x00000077324fedc0
Event: 524.901 Thread 0x000001ee78dd8800 DEOPT UNPACKING pc=0x000001ee607468af sp=0x00000077324fed80 mode 2
Event: 5500.688 Thread 0x000001ee78dd8800 DEOPT PACKING pc=0x000001ee60e21a05 sp=0x00000077324feda0
Event: 5500.689 Thread 0x000001ee78dd8800 DEOPT UNPACKING pc=0x000001ee6074705e sp=0x00000077324fe310 mode 0

Classes redefined (0 events):
No events

Internal exceptions (20 events):
Event: 0.263 Thread 0x000001ee5801e000 Exception <a 'java/lang/NoSuchMethodError'{0x000000076b00e5f0}: 'java.lang.Object java.lang.invoke.DirectMethodHandle$Holder.invokeSpecial(java.lang.Object, java.lang.Object, int, int, java.lang.Object, java.lang.Object, java.lang.Object)'> (0x000000076b00e5f0) thrown at [./src/hotspot/share/interpreter/linkResolver.cpp, line 773]
Event: 0.263 Thread 0x000001ee5801e000 Exception <a 'java/lang/NoSuchMethodError'{0x000000076b011b80}: 'java.lang.Object java.lang.invoke.DelegatingMethodHandle$Holder.reinvoke_L(java.lang.Object, int, int, java.lang.Object, java.lang.Object, java.lang.Object)'> (0x000000076b011b80) thrown at [./src/hotspot/share/interpreter/linkResolver.cpp, line 773]
Event: 0.264 Thread 0x000001ee5801e000 Exception <a 'java/lang/NoSuchMethodError'{0x000000076b015c60}: 'java.lang.Object java.lang.invoke.DirectMethodHandle$Holder.invokeStatic(java.lang.Object, java.lang.Object, java.lang.Object, java.lang.Object, int)'> (0x000000076b015c60) thrown at [./src/hotspot/share/interpreter/linkResolver.cpp, line 773]
Event: 0.275 Thread 0x000001ee5801e000 Exception <a 'java/io/FileNotFoundException'{0x000000076b0787b0}> (0x000000076b0787b0) thrown at [./src/hotspot/share/prims/jni.cpp, line 615]
Event: 0.343 Thread 0x000001ee7892b000 Exception <a 'java/lang/NoSuchMethodError'{0x000000076af4d3f8}: 'void java.lang.invoke.DirectMethodHandle$Holder.invokeSpecial(java.lang.Object, java.lang.Object)'> (0x000000076af4d3f8) thrown at [./src/hotspot/share/interpreter/linkResolver.cpp, line 773]
Event: 0.349 Thread 0x000001ee5801e000 Exception <a 'java/lang/NoSuchMethodError'{0x000000076af27f88}: 'java.lang.Object java.lang.invoke.DirectMethodHandle$Holder.invokeStatic(java.lang.Object, java.lang.Object, java.lang.Object, java.lang.Object, java.lang.Object, java.lang.Object, java.lang.Object, java.lang.Object, int)'> (0x000000076af27f88) thrown at [./src/hotspot/share/interpreter/linkResolver.cpp, line 773]
Event: 0.351 Thread 0x000001ee5801e000 Exception <a 'java/lang/NoSuchMethodError'{0x000000076af41ee8}: 'java.lang.Object java.lang.invoke.DirectMethodHandle$Holder.invokeStatic(java.lang.Object, java.lang.Object, java.lang.Object, java.lang.Object, java.lang.Object, java.lang.Object, java.lang.Object, java.lang.Object, int, int)'> (0x000000076af41ee8) thrown at [./src/hotspot/share/interpreter/linkResolver.cpp, line 773]
Event: 0.480 Thread 0x000001ee5801e000 Exception <a 'java/lang/NoSuchMethodError'{0x000000076aea2060}: 'java.lang.Object java.lang.invoke.DirectMethodHandle$Holder.invokeStatic(java.lang.Object, int, java.lang.Object, java.lang.Object, java.lang.Object, java.lang.Object)'> (0x000000076aea2060) thrown at [./src/hotspot/share/interpreter/linkResolver.cpp, line 773]
Event: 0.482 Thread 0x000001ee5801e000 Exception <a 'java/lang/NoSuchMethodError'{0x000000076aea9120}: 'java.lang.Object java.lang.invoke.DirectMethodHandle$Holder.invokeStatic(java.lang.Object, int, java.lang.Object, java.lang.Object, java.lang.Object)'> (0x000000076aea9120) thrown at [./src/hotspot/share/interpreter/linkResolver.cpp, line 773]
Event: 0.482 Thread 0x000001ee5801e000 Exception <a 'java/lang/NoSuchMethodError'{0x000000076aeacc68}: 'java.lang.Object java.lang.invoke.DirectMethodHandle$Holder.invokeSpecial(java.lang.Object, java.lang.Object, int, java.lang.Object, java.lang.Object, java.lang.Object)'> (0x000000076aeacc68) thrown at [./src/hotspot/share/interpreter/linkResolver.cpp, line 773]
Event: 0.486 Thread 0x000001ee5801e000 Exception <a 'java/lang/NoSuchMethodError'{0x000000076aec4548}: 'java.lang.Object java.lang.invoke.DirectMethodHandle$Holder.invokeStatic(java.lang.Object, int, java.lang.Object)'> (0x000000076aec4548) thrown at [./src/hotspot/share/interpreter/linkResolver.cpp, line 773]
Event: 0.526 Thread 0x000001ee5801e000 Exception <a 'java/lang/ClassNotFoundException'{0x000000076ad72728}: com/sun/swing/internal/plaf/metal/resources/spi/metalProvider> (0x000000076ad72728) thrown at [./src/hotspot/share/classfile/systemDictionary.cpp, line 231]
Event: 0.529 Thread 0x000001ee5801e000 Exception <a 'java/lang/ClassNotFoundException'{0x000000076ad77250}: com/sun/swing/internal/plaf/basic/resources/spi/basicProvider> (0x000000076ad77250) thrown at [./src/hotspot/share/classfile/systemDictionary.cpp, line 231]
Event: 0.613 Thread 0x000001ee5801e000 Exception <a 'java/lang/NoSuchMethodError'{0x000000076ac910b8}: 'void java.lang.invoke.DirectMethodHandle$Holder.invokeStaticInit(java.lang.Object)'> (0x000000076ac910b8) thrown at [./src/hotspot/share/interpreter/linkResolver.cpp, line 773]
Event: 0.659 Thread 0x000001ee5801e000 Exception <a 'java/lang/NoSuchMethodError'{0x000000076ab97320}: 'java.lang.Object java.lang.invoke.DirectMethodHandle$Holder.invokeStatic(java.lang.Object, java.lang.Object, java.lang.Object, java.lang.Object, java.lang.Object, java.lang.Object, java.lang.Object, java.lang.Object, java.lang.Object, java.lang.Object, java.lang.Object, int)'> (0x000000076ab97320) thrown at [./src/hotspot/share/interpreter/linkResolver.cpp, line 773]
Event: 0.661 Thread 0x000001ee5801e000 Exception <a 'java/lang/NoSuchMethodError'{0x000000076abb5528}: 'java.lang.Object java.lang.invoke.DirectMethodHandle$Holder.invokeStatic(java.lang.Object, java.lang.Object, java.lang.Object, java.lang.Object, java.lang.Object, java.lang.Object, java.lang.Object, java.lang.Object, java.lang.Object, java.lang.Object, java.lang.Object, int, int)'> (0x000000076abb5528) thrown at [./src/hotspot/share/interpreter/linkResolver.cpp, line 773]
Event: 0.663 Thread 0x000001ee5801e000 Exception <a 'java/lang/NoSuchMethodError'{0x000000076abd44c0}: 'java.lang.Object java.lang.invoke.DirectMethodHandle$Holder.invokeStatic(java.lang.Object, java.lang.Object, java.lang.Object, java.lang.Object, java.lang.Object, java.lang.Object, java.lang.Object, java.lang.Object, java.lang.Object, java.lang.Object, java.lang.Object, int, int, java.lang.Object)'> (0x000000076abd44c0) thrown at [./src/hotspot/share/interpreter/linkResolver.cpp, line 773]
Event: 0.665 Thread 0x000001ee5801e000 Exception <a 'java/lang/NoSuchMethodError'{0x000000076aa08ee8}: 'java.lang.Object java.lang.invoke.Invokers$Holder.linkToTargetMethod(java.lang.Object, int, java.lang.Object)'> (0x000000076aa08ee8) thrown at [./src/hotspot/share/interpreter/linkResolver.cpp, line 773]
Event: 0.694 Thread 0x000001ee5801e000 Exception <a 'java/lang/NoSuchMethodError'{0x000000076aa52d28}: 'java.lang.Object java.lang.invoke.DirectMethodHandle$Holder.invokeStatic(java.lang.Object, java.lang.Object, java.lang.Object, java.lang.Object, java.lang.Object, java.lang.Object, java.lang.Object, java.lang.Object, java.lang.Object, java.lang.Object, java.lang.Object, int, int, java.lang.Object, java.lang.Object)'> (0x000000076aa52d28) thrown at [./src/hotspot/share/interpreter/linkResolver.cpp, line 773]
Event: 5735.597 Thread 0x000001ee78dfe000 Exception <a 'java/lang/NoSuchMethodError'{0x000000076ac781e0}: 'void java.lang.invoke.DirectMethodHandle$Holder.invokeVirtual(java.lang.Object, java.lang.Object)'> (0x000000076ac781e0) thrown at [./src/hotspot/share/interpreter/linkResolver.cpp, line 773]

Events (20 events):
Event: 2.970 loading class java/awt/LightweightDispatcher$2 done
Event: 3.662 Executing VM operation: RevokeBias
Event: 3.662 Executing VM operation: RevokeBias done
Event: 3.662 loading class java/awt/KeyboardFocusManager$2
Event: 3.662 loading class java/awt/KeyboardFocusManager$2 done
Event: 3.662 loading class sun/awt/SunToolkit$1
Event: 3.663 loading class sun/awt/SunToolkit$1 done
Event: 5160.213 Loaded shared library D:\Program Files (X86)\jdk11.0.11_9\bin\java.dll
Event: 5735.140 Executing VM operation: RevokeBias
Event: 5735.140 Executing VM operation: RevokeBias done
Event: 5735.476 Executing VM operation: RevokeBias
Event: 5735.476 Executing VM operation: RevokeBias done
Event: 5735.592 loading class java/util/WeakHashMap$KeyIterator
Event: 5735.593 loading class java/util/WeakHashMap$HashIterator
Event: 5735.594 loading class java/util/WeakHashMap$HashIterator done
Event: 5735.594 loading class java/util/WeakHashMap$KeyIterator done
Event: 5735.605 loading class java/awt/image/Raster
Event: 5735.606 loading class java/awt/image/Raster done
Event: 5735.607 loading class java/awt/image/DataBufferInt
Event: 5735.609 Executing VM operation: CollectForMetadataAllocation


Dynamic libraries:
0x00007ff6ed870000 - 0x00007ff6ed87d000 	D:\Program Files (X86)\jdk11.0.11_9\bin\java.exe
0x00007ffbfe580000 - 0x00007ffbfe770000 	C:\windows\SYSTEM32\ntdll.dll
0x00007ffbfc970000 - 0x00007ffbfca22000 	C:\windows\System32\KERNEL32.DLL
0x00007ffbfb550000 - 0x00007ffbfb7f5000 	C:\windows\System32\KERNELBASE.dll
0x00007ffbfbb00000 - 0x00007ffbfbbfa000 	C:\windows\System32\ucrtbase.dll
0x00007ffbe20d0000 - 0x00007ffbe20e9000 	D:\Program Files (X86)\jdk11.0.11_9\bin\VCRUNTIME140.dll
0x00007ffbf77b0000 - 0x00007ffbf77c7000 	D:\Program Files (X86)\jdk11.0.11_9\bin\jli.dll
0x00007ffbfcae0000 - 0x00007ffbfcc74000 	C:\windows\System32\USER32.dll
0x00007ffbfbd70000 - 0x00007ffbfbd91000 	C:\windows\System32\win32u.dll
0x00007ffbfcc90000 - 0x00007ffbfccb6000 	C:\windows\System32\GDI32.dll
0x00007ffbe5770000 - 0x00007ffbe59f4000 	C:\windows\WinSxS\amd64_microsoft.windows.common-controls_6595b64144ccf1df_6.0.18362.1556_none_9e7e372fe45e41d5\COMCTL32.dll
0x00007ffbfb800000 - 0x00007ffbfb998000 	C:\windows\System32\gdi32full.dll
0x00007ffbfd460000 - 0x00007ffbfd4fe000 	C:\windows\System32\msvcrt.dll
0x00007ffbfbda0000 - 0x00007ffbfbe3e000 	C:\windows\System32\msvcp_win.dll
0x00007ffbfd500000 - 0x00007ffbfd836000 	C:\windows\System32\combase.dll
0x00007ffbfe420000 - 0x00007ffbfe53f000 	C:\windows\System32\RPCRT4.dll
0x00007ffbfbcb0000 - 0x00007ffbfbd31000 	C:\windows\System32\bcryptPrimitives.dll
0x00007ffbfcfc0000 - 0x00007ffbfcfee000 	C:\windows\System32\IMM32.DLL
0x00007ffbd92a0000 - 0x00007ffbd933b000 	D:\Program Files (X86)\jdk11.0.11_9\bin\msvcp140.dll
0x00007ffbb0800000 - 0x00007ffbb134c000 	D:\Program Files (X86)\jdk11.0.11_9\bin\server\jvm.dll
0x00007ffbfca30000 - 0x00007ffbfcad3000 	C:\windows\System32\ADVAPI32.dll
0x00007ffbfd3c0000 - 0x00007ffbfd457000 	C:\windows\System32\sechost.dll
0x00007ffbfc960000 - 0x00007ffbfc968000 	C:\windows\System32\PSAPI.DLL
0x00007ffbf62f0000 - 0x00007ffbf62fa000 	C:\windows\SYSTEM32\VERSION.dll
0x00007ffbf8170000 - 0x00007ffbf8179000 	C:\windows\SYSTEM32\WSOCK32.dll
0x00007ffbeca60000 - 0x00007ffbeca84000 	C:\windows\SYSTEM32\WINMM.dll
0x00007ffbfe3b0000 - 0x00007ffbfe41f000 	C:\windows\System32\WS2_32.dll
0x00007ffbeca30000 - 0x00007ffbeca5d000 	C:\windows\SYSTEM32\winmmbase.dll
0x00007ffbfbe60000 - 0x00007ffbfbeaa000 	C:\windows\System32\cfgmgr32.dll
0x00007ffbfb460000 - 0x00007ffbfb471000 	C:\windows\System32\kernel.appcore.dll
0x00007ffbf5ab0000 - 0x00007ffbf5ac0000 	D:\Program Files (X86)\jdk11.0.11_9\bin\verify.dll
0x00007ffbeda00000 - 0x00007ffbedbf4000 	C:\windows\SYSTEM32\DBGHELP.DLL
0x00007ffbe5a00000 - 0x00007ffbe5a2a000 	C:\windows\SYSTEM32\dbgcore.DLL
0x00007ffbda230000 - 0x00007ffbda258000 	D:\Program Files (X86)\jdk11.0.11_9\bin\java.dll
0x00007ffbf5a20000 - 0x00007ffbf5a2a000 	D:\Program Files (X86)\jdk11.0.11_9\bin\jimage.dll
0x00007ffbe20b0000 - 0x00007ffbe20c7000 	D:\Program Files (X86)\jdk11.0.11_9\bin\zip.dll
0x00007ffbfd840000 - 0x00007ffbfdf27000 	C:\windows\System32\SHELL32.dll
0x00007ffbfc720000 - 0x00007ffbfc7c8000 	C:\windows\System32\shcore.dll
0x00007ffbfbeb0000 - 0x00007ffbfc62b000 	C:\windows\System32\windows.storage.dll
0x00007ffbfb480000 - 0x00007ffbfb49e000 	C:\windows\System32\profapi.dll
0x00007ffbfb4a0000 - 0x00007ffbfb4ea000 	C:\windows\System32\powrprof.dll
0x00007ffbfb430000 - 0x00007ffbfb440000 	C:\windows\System32\UMPDC.dll
0x00007ffbfc900000 - 0x00007ffbfc952000 	C:\windows\System32\shlwapi.dll
0x00007ffbfbe40000 - 0x00007ffbfbe57000 	C:\windows\System32\cryptsp.dll
0x00007ffbdda60000 - 0x00007ffbdda79000 	D:\Program Files (X86)\jdk11.0.11_9\bin\net.dll
0x00007ffbef4d0000 - 0x00007ffbef5ca000 	C:\windows\SYSTEM32\WINHTTP.dll
0x00007ffbfac10000 - 0x00007ffbfac77000 	C:\windows\system32\mswsock.dll
0x00007ffbda210000 - 0x00007ffbda222000 	D:\Program Files (X86)\jdk11.0.11_9\bin\nio.dll
0x00007ffbc3550000 - 0x00007ffbc36e9000 	D:\Program Files (X86)\jdk11.0.11_9\bin\awt.dll
0x00007ffbfc650000 - 0x00007ffbfc715000 	C:\windows\System32\OLEAUT32.dll
0x00007ffbf9640000 - 0x00007ffbf96cf000 	C:\windows\SYSTEM32\apphelp.dll
0x00007ffbf9b90000 - 0x00007ffbf9bbd000 	C:\windows\system32\DWMAPI.DLL
0x00007ffbf9770000 - 0x00007ffbf9809000 	C:\windows\system32\uxtheme.dll
0x00007ffbc15c0000 - 0x00007ffbc1716000 	C:\windows\system32\opengl32.dll
0x00007ffbcba70000 - 0x00007ffbcba9c000 	C:\windows\SYSTEM32\GLU32.dll
0x00007ffbfa0e0000 - 0x00007ffbfa100000 	C:\windows\SYSTEM32\dxcore.dll
0x00007ffbfce80000 - 0x00007ffbfcfb5000 	C:\windows\System32\MSCTF.dll
0x00007ffbfcd20000 - 0x00007ffbfce77000 	C:\windows\System32\ole32.dll
0x00007ffbc2690000 - 0x00007ffbc2857000 	C:\windows\system32\d3d9.dll
0x00007ffbead40000 - 0x00007ffbeaf17000 	C:\windows\System32\DriverStore\FileRepository\u0355311.inf_amd64_183b8d63847c90cf\B355199\aticfx64.dll
0x00007ffbc5490000 - 0x00007ffbc54c1000 	C:\windows\System32\DriverStore\FileRepository\u0355311.inf_amd64_183b8d63847c90cf\B355199\atiu9p64.dll
0x00007ffbaf540000 - 0x00007ffbb01c9000 	C:\windows\System32\DriverStore\FileRepository\u0355311.inf_amd64_183b8d63847c90cf\B355199\atiumd64.dll
0x0000000065ed0000 - 0x0000000066c95000 	C:\windows\System32\DriverStore\FileRepository\u0355311.inf_amd64_183b8d63847c90cf\B355199\atiumd6a.dll
0x00007ffbf8120000 - 0x00007ffbf814e000 	C:\windows\SYSTEM32\amdihk64.dll
0x00007ffbd1ec0000 - 0x00007ffbd1f45000 	D:\Program Files (X86)\jdk11.0.11_9\bin\freetype.dll
0x00007ffbda0c0000 - 0x00007ffbda0d2000 	D:\Program Files (X86)\jdk11.0.11_9\bin\fontmanager.dll
0x00007ffbc3a00000 - 0x00007ffbc3abc000 	D:\Program Files (X86)\jdk11.0.11_9\bin\harfbuzz.dll
0x00007ffbfd290000 - 0x00007ffbfd332000 	C:\windows\System32\clbcatq.dll
0x00007ffbebc60000 - 0x00007ffbebe0f000 	C:\windows\SYSTEM32\WindowsCodecs.dll
0x00007ffbe0920000 - 0x00007ffbe095b000 	C:\windows\system32\dataexchange.dll
0x00007ffbf8fa0000 - 0x00007ffbf917d000 	C:\windows\system32\dcomp.dll
0x00007ffbf87c0000 - 0x00007ffbf8a1b000 	C:\windows\system32\d3d11.dll
0x00007ffbfa100000 - 0x00007ffbfa1eb000 	C:\windows\system32\dxgi.dll
0x00007ffbf9830000 - 0x00007ffbf9a8a000 	C:\windows\system32\twinapi.appcore.dll
0x00007ffbf9bc0000 - 0x00007ffbf9be9000 	C:\windows\system32\RMCLIENT.dll
0x00007ffbdc300000 - 0x00007ffbdc39b000 	C:\windows\System32\TextInputFramework.dll
0x00007ffbebe10000 - 0x00007ffbec13a000 	C:\windows\System32\CoreUIComponents.dll
0x00007ffbf8ec0000 - 0x00007ffbf8f94000 	C:\windows\System32\CoreMessaging.dll
0x00007ffbfa570000 - 0x00007ffbfa5a1000 	C:\windows\SYSTEM32\ntmarta.dll
0x00007ffbf7800000 - 0x00007ffbf7952000 	C:\windows\SYSTEM32\wintypes.dll
0x00007ffbecec0000 - 0x00007ffbed167000 	C:\windows\System32\iertutil.dll

dbghelp: loaded successfully - version: 4.0.5 - missing functions: none
symbol engine: initialized successfully - sym options: 0x614 - pdb path: .;D:\Program Files (X86)\jdk11.0.11_9\bin;C:\windows\SYSTEM32;C:\windows\WinSxS\amd64_microsoft.windows.common-controls_6595b64144ccf1df_6.0.18362.1556_none_9e7e372fe45e41d5;D:\Program Files (X86)\jdk11.0.11_9\bin\server;C:\windows\System32\DriverStore\FileRepository\u0355311.inf_amd64_183b8d63847c90cf\B355199

VM Arguments:
jvm_args: -Dfile.encoding=UTF-8 --module-path=D:\Xim\FES\2DO SEM\POO\poo2209\tareas\CifradoCesar\build\classes 
java_command: cifradocesar.CifradoCesar
java_class_path (initial): D:\Xim\FES\2DO SEM\POO\poo2209\tareas\CifradoCesar\build\classes
Launcher Type: SUN_STANDARD

[Global flags]
     intx CICompilerCount                          = 3                                         {product} {ergonomic}
     uint ConcGCThreads                            = 1                                         {product} {ergonomic}
     uint G1ConcRefinementThreads                  = 4                                         {product} {ergonomic}
   size_t G1HeapRegionSize                         = 1048576                                   {product} {ergonomic}
    uintx GCDrainStackTargetSize                   = 64                                        {product} {ergonomic}
   size_t InitialHeapSize                          = 167772160                                 {product} {ergonomic}
   size_t MarkStackSize                            = 4194304                                   {product} {ergonomic}
   size_t MaxHeapSize                              = 2663383040                                {product} {ergonomic}
   size_t MaxNewSize                               = 1598029824                                {product} {ergonomic}
   size_t MinHeapDeltaBytes                        = 1048576                                   {product} {ergonomic}
    uintx NonNMethodCodeHeapSize                   = 5830732                                {pd product} {ergonomic}
    uintx NonProfiledCodeHeapSize                  = 122913754                              {pd product} {ergonomic}
    uintx ProfiledCodeHeapSize                     = 122913754                              {pd product} {ergonomic}
    uintx ReservedCodeCacheSize                    = 251658240                              {pd product} {ergonomic}
     bool SegmentedCodeCache                       = true                                      {product} {ergonomic}
     bool UseCompressedClassPointers               = true                                 {lp64_product} {ergonomic}
     bool UseCompressedOops                        = true                                 {lp64_product} {ergonomic}
     bool UseG1GC                                  = true                                      {product} {ergonomic}
     bool UseLargePagesIndividualAllocation        = false                                  {pd product} {ergonomic}

Logging:
Log output configuration:
 #0: stdout all=warning uptime,level,tags
 #1: stderr all=off uptime,level,tags

Environment Variables:
JAVA_HOME=D:\Program Files (X86)\jdk11.0.11_9
PATH=C:\Program Files\Common Files\Oracle\Java\javapath;D:\Program Files (X86)\jdk11.0.11_9\bin;C:\Program Files\Common Files (x86)\Oracle\Java\javapath;C:\windows\system32;C:\windows;C:\windows\System32\Wbem;C:\windows\System32\WindowsPowerShell\v1.0\;C:\windows\System32\OpenSSH\;C:\Program Files\dotnet\;C:\Program Files\Microsoft SQL Server\130\Tools\Binn\;C:\Program Files (x86)\dotnet\;D:\Program Files (X86)\JAVA\bin;C:\Users\begax\AppData\Local\Microsoft\WindowsApps;C:\Users\begax\.dotnet\tools
USERNAME=begax
OS=Windows_NT
PROCESSOR_IDENTIFIER=AMD64 Family 23 Model 24 Stepping 1, AuthenticAMD



---------------  S Y S T E M  ---------------

OS: Windows 10 , 64 bit Build 18362 (10.0.18362.1500)
OS uptime: 19 days 7:56 hours

CPU:total 4 (initial active 4) (4 cores per cpu, 1 threads per core) family 23 model 24 stepping 1 microcode 0x0, cmov, cx8, fxsr, mmx, sse, sse2, sse3, ssse3, sse4.1, sse4.2, popcnt, avx, avx2, aes, clmul, mmxext, 3dnowpref, lzcnt, sse4a, tsc, tscinvbit, tscinv, bmi1, bmi2, adx, sha, 

Memory: 4k page, system-wide physical 10153M (2122M free)
TotalPageFile size 25319M (AvailPageFile size 1M)
current process WorkingSet (physical memory assigned to process): 53M, peak: 90M
current process commit charge ("private bytes"): 270M, peak: 277M

vm_info: OpenJDK 64-Bit Server VM (11.0.11+9-LTS) for windows-amd64 JRE (11.0.11+9-LTS), built on Apr 14 2021 00:00:20 by "Administrator" with MS VC++ 15.9 (VS2017)

END.
