#
# A fatal error has been detected by the Java Runtime Environment:
#
#  EXCEPTION_ACCESS_VIOLATION (0xc0000005) at pc=0x00007ffbc362369a, pid=21528, tid=17836
#
# JRE version: OpenJDK Runtime Environment Corretto-11.0.11.9.1 (11.0.11+9) (build 11.0.11+9-LTS)
# Java VM: OpenJDK 64-Bit Server VM Corretto-11.0.11.9.1 (11.0.11+9-LTS, mixed mode, tiered, compressed oops, g1 gc, windows-amd64)
# Problematic frame:
# C  [awt.dll+0xd369a]
#
# No core dump will be written. Minidumps are not enabled by default on client versions of Windows
#
# If you would like to submit a bug report, please visit:
#   https://github.com/corretto/corretto-11/issues/
# The crash happened outside the Java Virtual Machine in native code.
# See problematic frame for where to report the bug.
#

---------------  S U M M A R Y ------------

Command Line: -Dfile.encoding=UTF-8 --module-path=D:\Xim\FES\2DO SEM\POO\poo2209\tareas\CifradoCesar\build\classes cifradocesar.CifradoCesar

Host: AMD Ryzen 3 3300U with Radeon Vega Mobile Gfx  , 4 cores, 9G,  Windows 10 , 64 bit Build 18362 (10.0.18362.1500)
Time: Mon May 16 16:32:35 2022 Hora de verano central (México) elapsed time: 5497.217118 seconds (0d 1h 31m 37s)

---------------  T H R E A D  ---------------

Current thread (0x000002915e1d6000):  JavaThread "AWT-EventQueue-0" [_thread_in_native, id=17836, stack(0x000000c7d4a00000,0x000000c7d4b00000)]

Stack: [0x000000c7d4a00000,0x000000c7d4b00000],  sp=0x000000c7d4afd380,  free space=1012k
Native frames: (J=compiled Java code, j=interpreted, Vv=VM code, C=native code)
C  [awt.dll+0xd369a]

Java frames: (J=compiled Java code, j=interpreted, Vv=VM code)
j  sun.awt.Win32GraphicsDevice.initNativeScale(I)V+0 java.desktop@11.0.11
j  sun.awt.Win32GraphicsDevice.initScaleFactors()V+60 java.desktop@11.0.11
j  sun.awt.Win32GraphicsDevice.displayChanged()V+16 java.desktop@11.0.11
j  sun.java2d.d3d.D3DGraphicsDevice.displayChanged()V+1 java.desktop@11.0.11
j  sun.awt.Win32GraphicsEnvironment.displayChanged()V+271 java.desktop@11.0.11
j  sun.awt.windows.WToolkit.lambda$displayChanged$2()V+15 java.desktop@11.0.11
j  sun.awt.windows.WToolkit$$Lambda$136.run()V+0 java.desktop@11.0.11
j  java.awt.event.InvocationEvent.dispatch()V+47 java.desktop@11.0.11
j  java.awt.EventQueue.dispatchEventImpl(Ljava/awt/AWTEvent;Ljava/lang/Object;)V+21 java.desktop@11.0.11
j  java.awt.EventQueue$4.run()Ljava/lang/Void;+32 java.desktop@11.0.11
j  java.awt.EventQueue$4.run()Ljava/lang/Object;+1 java.desktop@11.0.11
v  ~StubRoutines::call_stub
j  java.security.AccessController.doPrivileged(Ljava/security/PrivilegedAction;Ljava/security/AccessControlContext;)Ljava/lang/Object;+0 java.base@11.0.11
j  java.security.ProtectionDomain$JavaSecurityAccessImpl.doIntersectionPrivilege(Ljava/security/PrivilegedAction;Ljava/security/AccessControlContext;Ljava/security/AccessControlContext;)Ljava/lang/Object;+18 java.base@11.0.11
j  java.awt.EventQueue.dispatchEvent(Ljava/awt/AWTEvent;)V+46 java.desktop@11.0.11
j  java.awt.EventDispatchThread.pumpOneEventForFilters(I)V+78 java.desktop@11.0.11
j  java.awt.EventDispatchThread.pumpEventsForFilter(ILjava/awt/Conditional;Ljava/awt/EventFilter;)V+35 java.desktop@11.0.11
j  java.awt.EventDispatchThread.pumpEventsForHierarchy(ILjava/awt/Conditional;Ljava/awt/Component;)V+11 java.desktop@11.0.11
j  java.awt.EventDispatchThread.pumpEvents(ILjava/awt/Conditional;)V+4 java.desktop@11.0.11
j  java.awt.EventDispatchThread.pumpEvents(Ljava/awt/Conditional;)V+3 java.desktop@11.0.11
j  java.awt.EventDispatchThread.run()V+9 java.desktop@11.0.11
v  ~StubRoutines::call_stub

siginfo: EXCEPTION_ACCESS_VIOLATION (0xc0000005), reading address 0x00000000006e759a


Register to memory mapping:

RIP=0x00007ffbc362369a awt.dll
RAX=0x000000c7d4afd3a8 is pointing into the stack for thread: 0x000002915e1d6000
RBX=0x00000000006e7572 is an unknown value
RCX=0x00000000006e7572 is an unknown value
RDX=0x0 is NULL
RSP=0x000000c7d4afd380 is pointing into the stack for thread: 0x000002915e1d6000
RBP=0x000000c7d4afd468 is pointing into the stack for thread: 0x000002915e1d6000
RSI=0x0 is NULL
RDI=0x0 is NULL
R8 =0x0000000000000001 is an unknown value
R9 =0x00000000000000dd is an unknown value
R10=0x000002913fb9f348 is at code_begin+1000 in an Interpreter codelet
method entry point (kind = native)  [0x000002913fb9ef60, 0x000002913fb9fa00]  2720 bytes
R11=0x0000000000000100 is an unknown value
R12=0x0 is NULL
R13={method} {0x0000029158d5f2c0} 'initNativeScale' '(I)V' in 'sun/awt/Win32GraphicsDevice'
R14=0x000000c7d4afd490 is pointing into the stack for thread: 0x000002915e1d6000
R15=0x000002915e1d6000 is a thread


Registers:
RAX=0x000000c7d4afd3a8, RBX=0x00000000006e7572, RCX=0x00000000006e7572, RDX=0x0000000000000000
RSP=0x000000c7d4afd380, RBP=0x000000c7d4afd468, RSI=0x0000000000000000, RDI=0x0000000000000000
R8 =0x0000000000000001, R9 =0x00000000000000dd, R10=0x000002913fb9f348, R11=0x0000000000000100
R12=0x0000000000000000, R13=0x0000029158d5f2b8, R14=0x000000c7d4afd490, R15=0x000002915e1d6000
RIP=0x00007ffbc362369a, EFLAGS=0x0000000000010202

Top of Stack: (sp=0x000000c7d4afd380)
0x000000c7d4afd380:   0000029158921a00 0000000000000000
0x000000c7d4afd390:   fffffffffffffffe 00000000000000b5
0x000000c7d4afd3a0:   0000029158921a00 00007ffbc3624a84
0x000000c7d4afd3b0:   00007ffbbf800000 0000029158d5f2b8
0x000000c7d4afd3c0:   0000000000000000 00007ffbb0d9fb2a
0x000000c7d4afd3d0:   fffffffffffffffe 0000029135cf8790
0x000000c7d4afd3e0:   000002913fb99e80 000002913fb9f377
0x000000c7d4afd3f0:   0000029158d5f2b8 0000000000000000
0x000000c7d4afd400:   000002915e1d6000 0000000000000000
0x000000c7d4afd410:   000000c7d4afd540 00007ffbb0db04a9
0x000000c7d4afd420:   000000c7d4afd420 0000000000000000
0x000000c7d4afd430:   000000c7d4afd490 0000029158d61e60
0x000000c7d4afd440:   0000000000000000 000000076b0d42b8
0x000000c7d4afd450:   0000029158d5f2b8 0000000000000000
0x000000c7d4afd460:   000000c7d4afd488 000000c7d4afd4e0
0x000000c7d4afd470:   000002913fb9a127 0000000000000000 

Instructions: (pc=0x00007ffbc362369a)
0x00007ffbc362359a:   08 33 ff 48 85 c9 74 07 48 8b b9 08 0c 00 00 48
0x00007ffbc36235aa:   8b cb e8 bf 4e f5 ff 90 48 8b c7 48 8b 5c 24 40
0x00007ffbc36235ba:   48 83 c4 30 5f c3 f3 0f 10 41 48 c3 cc cc f3 0f
0x00007ffbc36235ca:   10 41 4c c3 cc cc 40 57 48 83 ec 30 48 c7 44 24
0x00007ffbc36235da:   20 fe ff ff ff 48 89 5c 24 40 48 89 74 24 50 48
0x00007ffbc36235ea:   8b f1 ba 02 00 01 00 48 8b 0d 80 d8 07 00 e8 9e
0x00007ffbc36235fa:   ed 00 00 48 8b d8 e8 5b 4d f5 ff 48 85 c0 75 08
0x00007ffbc362360a:   48 8b cb e8 3e 4f f5 ff e8 49 4d f5 ff 48 8b d8
0x00007ffbc362361a:   48 89 44 24 48 33 ff 39 78 0c 7e 27 41 b8 01 00
0x00007ffbc362362a:   00 00 8b d7 48 8b cb e8 8a 4c f5 ff 48 8b 50 28
0x00007ffbc362363a:   48 8b ce e8 92 f6 ff ff 85 c0 75 0d ff c7 3b 7b
0x00007ffbc362364a:   0c 7c d9 8b 3d 7d dd 07 00 48 8b cb e8 15 4e f5
0x00007ffbc362365a:   ff 90 8b c7 48 8b 5c 24 40 48 8b 74 24 50 48 83
0x00007ffbc362366a:   c4 30 5f c3 cc cc 48 8b 41 08 48 8b 80 18 0c 00
0x00007ffbc362367a:   00 c3 48 8b 41 08 48 05 00 04 00 00 c3 cc 48 8b
0x00007ffbc362368a:   c4 53 48 83 ec 20 48 8b d9 c7 40 08 00 00 80 bf
0x00007ffbc362369a:   48 8b 49 28 4c 8d 40 10 48 8d 50 08 c7 40 10 00
0x00007ffbc36236aa:   00 80 bf e8 12 ce 00 00 f3 0f 10 54 24 30 0f 57
0x00007ffbc36236ba:   c0 0f 2f d0 76 25 f3 0f 10 4c 24 38 0f 2f c8 76
0x00007ffbc36236ca:   1a f3 0f 5e 15 a1 ee 02 00 f3 0f 5e 0d 99 ee 02
0x00007ffbc36236da:   00 f3 0f 11 53 48 f3 0f 11 4b 4c 48 83 c4 20 5b
0x00007ffbc36236ea:   c3 cc 48 8b c4 57 41 54 41 56 48 83 ec 50 48 c7
0x00007ffbc36236fa:   40 d8 fe ff ff ff 48 89 58 10 48 89 70 18 48 8b
0x00007ffbc362370a:   d9 48 8b 41 18 33 ff 48 85 c0 75 18 b9 28 04 00
0x00007ffbc362371a:   00 e8 44 8a 00 00 48 89 43 18 c7 00 28 00 00 00
0x00007ffbc362372a:   48 8b 43 18 66 89 78 0e 48 8b 4b 28 e8 29 03 00
0x00007ffbc362373a:   00 48 8b f0 41 bc 01 00 00 00 45 8b c4 41 8b d4
0x00007ffbc362374a:   48 8b c8 ff 15 bd 9d 07 00 4c 8b f0 89 7c 24 30
0x00007ffbc362375a:   48 8b 4b 18 48 89 4c 24 28 48 89 7c 24 20 45 8b
0x00007ffbc362376a:   cc 45 33 c0 48 8b d0 48 8b ce ff 15 7e 9e 07 00
0x00007ffbc362377a:   48 8b 0b 41 8d 54 24 07 48 8b 43 30 39 51 04 0f
0x00007ffbc362378a:   8e ca 01 00 00 44 84 60 24 74 09 89 3d 39 dc 07 


Stack slot to memory mapping:
stack at sp + 0 slots: 0x0000029158921a00 points into unknown readable memory: 0x000002915e06bc50 | 50 bc 06 5e 91 02 00 00
stack at sp + 1 slots: 0x0 is NULL
stack at sp + 2 slots: 0xfffffffffffffffe is an unknown value
stack at sp + 3 slots: 0x00000000000000b5 is an unknown value
stack at sp + 4 slots: 0x0000029158921a00 points into unknown readable memory: 0x000002915e06bc50 | 50 bc 06 5e 91 02 00 00
stack at sp + 5 slots: 0x00007ffbc3624a84 awt.dll
stack at sp + 6 slots: 0x00007ffbbf800000 is an unknown value
stack at sp + 7 slots: {method} {0x0000029158d5f2c0} 'initNativeScale' '(I)V' in 'sun/awt/Win32GraphicsDevice'


---------------  P R O C E S S  ---------------

Threads class SMR info:
_java_thread_list=0x000002915e40f540, length=16, elements={
0x00000291576b1800, 0x00000291576bb800, 0x0000029157f09000, 0x0000029157f0a000,
0x0000029157f0c800, 0x0000029157f14800, 0x0000029157f22000, 0x0000029157f27000,
0x0000029157646800, 0x000002915855f000, 0x0000029158551800, 0x00000291585b9000,
0x000002915e1d6000, 0x0000029135c9b800, 0x0000029158899800, 0x0000029158823000
}

Java Threads: ( => current thread )
  0x00000291576b1800 JavaThread "Reference Handler" daemon [_thread_blocked, id=3152, stack(0x000000c7d3400000,0x000000c7d3500000)]
  0x00000291576bb800 JavaThread "Finalizer" daemon [_thread_blocked, id=23540, stack(0x000000c7d3500000,0x000000c7d3600000)]
  0x0000029157f09000 JavaThread "Signal Dispatcher" daemon [_thread_blocked, id=16776, stack(0x000000c7d3600000,0x000000c7d3700000)]
  0x0000029157f0a000 JavaThread "Attach Listener" daemon [_thread_blocked, id=4936, stack(0x000000c7d3700000,0x000000c7d3800000)]
  0x0000029157f0c800 JavaThread "Service Thread" daemon [_thread_blocked, id=25704, stack(0x000000c7d3800000,0x000000c7d3900000)]
  0x0000029157f14800 JavaThread "C2 CompilerThread0" daemon [_thread_blocked, id=20856, stack(0x000000c7d3900000,0x000000c7d3a00000)]
  0x0000029157f22000 JavaThread "C1 CompilerThread0" daemon [_thread_blocked, id=30116, stack(0x000000c7d3a00000,0x000000c7d3b00000)]
  0x0000029157f27000 JavaThread "Sweeper thread" daemon [_thread_blocked, id=18012, stack(0x000000c7d3b00000,0x000000c7d3c00000)]
  0x0000029157646800 JavaThread "Common-Cleaner" daemon [_thread_blocked, id=16140, stack(0x000000c7d3c00000,0x000000c7d3d00000)]
  0x000002915855f000 JavaThread "Java2D Disposer" daemon [_thread_blocked, id=28208, stack(0x000000c7d3e00000,0x000000c7d3f00000)]
  0x0000029158551800 JavaThread "AWT-Shutdown" [_thread_blocked, id=5812, stack(0x000000c7d3f00000,0x000000c7d4000000)]
  0x00000291585b9000 JavaThread "AWT-Windows" daemon [_thread_in_native, id=11984, stack(0x000000c7d4000000,0x000000c7d4100000)]
=>0x000002915e1d6000 JavaThread "AWT-EventQueue-0" [_thread_in_native, id=17836, stack(0x000000c7d4a00000,0x000000c7d4b00000)]
  0x0000029135c9b800 JavaThread "DestroyJavaVM" [_thread_blocked, id=1168, stack(0x000000c7d2d00000,0x000000c7d2e00000)]
  0x0000029158899800 JavaThread "D3D Screen Updater" daemon [_thread_blocked, id=25232, stack(0x000000c7d4c00000,0x000000c7d4d00000)]
  0x0000029158823000 JavaThread "TimerQueue" daemon [_thread_blocked, id=19880, stack(0x000000c7d4d00000,0x000000c7d4e00000)]

Other Threads:
  0x000002915768b000 VMThread "VM Thread" [stack: 0x000000c7d3300000,0x000000c7d3400000] [id=27784]
  0x0000029158190000 WatcherThread [stack: 0x000000c7d3d00000,0x000000c7d3e00000] [id=16192]
  0x0000029135cb3800 GCTaskThread "GC Thread#0" [stack: 0x000000c7d2e00000,0x000000c7d2f00000] [id=17088]
  0x0000029135cef000 ConcurrentGCThread "G1 Main Marker" [stack: 0x000000c7d2f00000,0x000000c7d3000000] [id=10460]
  0x0000029135cf0800 ConcurrentGCThread "G1 Conc#0" [stack: 0x000000c7d3000000,0x000000c7d3100000] [id=15236]
  0x00000291574f0800 ConcurrentGCThread "G1 Refine#0" [stack: 0x000000c7d3100000,0x000000c7d3200000] [id=11064]
  0x00000291574f1800 ConcurrentGCThread "G1 Young RemSet Sampling" [stack: 0x000000c7d3200000,0x000000c7d3300000] [id=12012]

Threads with active compile tasks:

VM state:not at safepoint (normal execution)

VM Mutex/Monitor currently owned by a thread: None

Heap address: 0x0000000761400000, size: 2540 MB, Compressed Oops mode: Zero based, Oop shift amount: 3
Narrow klass base: 0x0000000800000000, Narrow klass shift: 0
Compressed class space size: 1073741824 Address: 0x0000000800000000

Heap:
 garbage-first heap   total 163840K, used 12288K [0x0000000761400000, 0x0000000800000000)
  region size 1024K, 13 young (13312K), 0 survivors (0K)
 Metaspace       used 14664K, capacity 15042K, committed 15232K, reserved 1062912K
  class space    used 1598K, capacity 1794K, committed 1920K, reserved 1048576K
Heap Regions: E=young(eden), S=young(survivor), O=old, HS=humongous(starts), HC=humongous(continues), CS=collection set, F=free, A=archive, TAMS=top-at-mark-start (previous, next)
|   0|0x0000000761400000, 0x0000000761400000, 0x0000000761500000|  0%| F|  |TAMS 0x0000000761400000, 0x0000000761400000| Untracked 
|   1|0x0000000761500000, 0x0000000761500000, 0x0000000761600000|  0%| F|  |TAMS 0x0000000761500000, 0x0000000761500000| Untracked 
|   2|0x0000000761600000, 0x0000000761600000, 0x0000000761700000|  0%| F|  |TAMS 0x0000000761600000, 0x0000000761600000| Untracked 
|   3|0x0000000761700000, 0x0000000761700000, 0x0000000761800000|  0%| F|  |TAMS 0x0000000761700000, 0x0000000761700000| Untracked 
|   4|0x0000000761800000, 0x0000000761800000, 0x0000000761900000|  0%| F|  |TAMS 0x0000000761800000, 0x0000000761800000| Untracked 
|   5|0x0000000761900000, 0x0000000761900000, 0x0000000761a00000|  0%| F|  |TAMS 0x0000000761900000, 0x0000000761900000| Untracked 
|   6|0x0000000761a00000, 0x0000000761a00000, 0x0000000761b00000|  0%| F|  |TAMS 0x0000000761a00000, 0x0000000761a00000| Untracked 
|   7|0x0000000761b00000, 0x0000000761b00000, 0x0000000761c00000|  0%| F|  |TAMS 0x0000000761b00000, 0x0000000761b00000| Untracked 
|   8|0x0000000761c00000, 0x0000000761c00000, 0x0000000761d00000|  0%| F|  |TAMS 0x0000000761c00000, 0x0000000761c00000| Untracked 
|   9|0x0000000761d00000, 0x0000000761d00000, 0x0000000761e00000|  0%| F|  |TAMS 0x0000000761d00000, 0x0000000761d00000| Untracked 
|  10|0x0000000761e00000, 0x0000000761e00000, 0x0000000761f00000|  0%| F|  |TAMS 0x0000000761e00000, 0x0000000761e00000| Untracked 
|  11|0x0000000761f00000, 0x0000000761f00000, 0x0000000762000000|  0%| F|  |TAMS 0x0000000761f00000, 0x0000000761f00000| Untracked 
|  12|0x0000000762000000, 0x0000000762000000, 0x0000000762100000|  0%| F|  |TAMS 0x0000000762000000, 0x0000000762000000| Untracked 
|  13|0x0000000762100000, 0x0000000762100000, 0x0000000762200000|  0%| F|  |TAMS 0x0000000762100000, 0x0000000762100000| Untracked 
|  14|0x0000000762200000, 0x0000000762200000, 0x0000000762300000|  0%| F|  |TAMS 0x0000000762200000, 0x0000000762200000| Untracked 
|  15|0x0000000762300000, 0x0000000762300000, 0x0000000762400000|  0%| F|  |TAMS 0x0000000762300000, 0x0000000762300000| Untracked 
|  16|0x0000000762400000, 0x0000000762400000, 0x0000000762500000|  0%| F|  |TAMS 0x0000000762400000, 0x0000000762400000| Untracked 
|  17|0x0000000762500000, 0x0000000762500000, 0x0000000762600000|  0%| F|  |TAMS 0x0000000762500000, 0x0000000762500000| Untracked 
|  18|0x0000000762600000, 0x0000000762600000, 0x0000000762700000|  0%| F|  |TAMS 0x0000000762600000, 0x0000000762600000| Untracked 
|  19|0x0000000762700000, 0x0000000762700000, 0x0000000762800000|  0%| F|  |TAMS 0x0000000762700000, 0x0000000762700000| Untracked 
|  20|0x0000000762800000, 0x0000000762800000, 0x0000000762900000|  0%| F|  |TAMS 0x0000000762800000, 0x0000000762800000| Untracked 
|  21|0x0000000762900000, 0x0000000762900000, 0x0000000762a00000|  0%| F|  |TAMS 0x0000000762900000, 0x0000000762900000| Untracked 
|  22|0x0000000762a00000, 0x0000000762a00000, 0x0000000762b00000|  0%| F|  |TAMS 0x0000000762a00000, 0x0000000762a00000| Untracked 
|  23|0x0000000762b00000, 0x0000000762b00000, 0x0000000762c00000|  0%| F|  |TAMS 0x0000000762b00000, 0x0000000762b00000| Untracked 
|  24|0x0000000762c00000, 0x0000000762c00000, 0x0000000762d00000|  0%| F|  |TAMS 0x0000000762c00000, 0x0000000762c00000| Untracked 
|  25|0x0000000762d00000, 0x0000000762d00000, 0x0000000762e00000|  0%| F|  |TAMS 0x0000000762d00000, 0x0000000762d00000| Untracked 
|  26|0x0000000762e00000, 0x0000000762e00000, 0x0000000762f00000|  0%| F|  |TAMS 0x0000000762e00000, 0x0000000762e00000| Untracked 
|  27|0x0000000762f00000, 0x0000000762f00000, 0x0000000763000000|  0%| F|  |TAMS 0x0000000762f00000, 0x0000000762f00000| Untracked 
|  28|0x0000000763000000, 0x0000000763000000, 0x0000000763100000|  0%| F|  |TAMS 0x0000000763000000, 0x0000000763000000| Untracked 
|  29|0x0000000763100000, 0x0000000763100000, 0x0000000763200000|  0%| F|  |TAMS 0x0000000763100000, 0x0000000763100000| Untracked 
|  30|0x0000000763200000, 0x0000000763200000, 0x0000000763300000|  0%| F|  |TAMS 0x0000000763200000, 0x0000000763200000| Untracked 
|  31|0x0000000763300000, 0x0000000763300000, 0x0000000763400000|  0%| F|  |TAMS 0x0000000763300000, 0x0000000763300000| Untracked 
|  32|0x0000000763400000, 0x0000000763400000, 0x0000000763500000|  0%| F|  |TAMS 0x0000000763400000, 0x0000000763400000| Untracked 
|  33|0x0000000763500000, 0x0000000763500000, 0x0000000763600000|  0%| F|  |TAMS 0x0000000763500000, 0x0000000763500000| Untracked 
|  34|0x0000000763600000, 0x0000000763600000, 0x0000000763700000|  0%| F|  |TAMS 0x0000000763600000, 0x0000000763600000| Untracked 
|  35|0x0000000763700000, 0x0000000763700000, 0x0000000763800000|  0%| F|  |TAMS 0x0000000763700000, 0x0000000763700000| Untracked 
|  36|0x0000000763800000, 0x0000000763800000, 0x0000000763900000|  0%| F|  |TAMS 0x0000000763800000, 0x0000000763800000| Untracked 
|  37|0x0000000763900000, 0x0000000763900000, 0x0000000763a00000|  0%| F|  |TAMS 0x0000000763900000, 0x0000000763900000| Untracked 
|  38|0x0000000763a00000, 0x0000000763a00000, 0x0000000763b00000|  0%| F|  |TAMS 0x0000000763a00000, 0x0000000763a00000| Untracked 
|  39|0x0000000763b00000, 0x0000000763b00000, 0x0000000763c00000|  0%| F|  |TAMS 0x0000000763b00000, 0x0000000763b00000| Untracked 
|  40|0x0000000763c00000, 0x0000000763c00000, 0x0000000763d00000|  0%| F|  |TAMS 0x0000000763c00000, 0x0000000763c00000| Untracked 
|  41|0x0000000763d00000, 0x0000000763d00000, 0x0000000763e00000|  0%| F|  |TAMS 0x0000000763d00000, 0x0000000763d00000| Untracked 
|  42|0x0000000763e00000, 0x0000000763e00000, 0x0000000763f00000|  0%| F|  |TAMS 0x0000000763e00000, 0x0000000763e00000| Untracked 
|  43|0x0000000763f00000, 0x0000000763f00000, 0x0000000764000000|  0%| F|  |TAMS 0x0000000763f00000, 0x0000000763f00000| Untracked 
|  44|0x0000000764000000, 0x0000000764000000, 0x0000000764100000|  0%| F|  |TAMS 0x0000000764000000, 0x0000000764000000| Untracked 
|  45|0x0000000764100000, 0x0000000764100000, 0x0000000764200000|  0%| F|  |TAMS 0x0000000764100000, 0x0000000764100000| Untracked 
|  46|0x0000000764200000, 0x0000000764200000, 0x0000000764300000|  0%| F|  |TAMS 0x0000000764200000, 0x0000000764200000| Untracked 
|  47|0x0000000764300000, 0x0000000764300000, 0x0000000764400000|  0%| F|  |TAMS 0x0000000764300000, 0x0000000764300000| Untracked 
|  48|0x0000000764400000, 0x0000000764400000, 0x0000000764500000|  0%| F|  |TAMS 0x0000000764400000, 0x0000000764400000| Untracked 
|  49|0x0000000764500000, 0x0000000764500000, 0x0000000764600000|  0%| F|  |TAMS 0x0000000764500000, 0x0000000764500000| Untracked 
|  50|0x0000000764600000, 0x0000000764600000, 0x0000000764700000|  0%| F|  |TAMS 0x0000000764600000, 0x0000000764600000| Untracked 
|  51|0x0000000764700000, 0x0000000764700000, 0x0000000764800000|  0%| F|  |TAMS 0x0000000764700000, 0x0000000764700000| Untracked 
|  52|0x0000000764800000, 0x0000000764800000, 0x0000000764900000|  0%| F|  |TAMS 0x0000000764800000, 0x0000000764800000| Untracked 
|  53|0x0000000764900000, 0x0000000764900000, 0x0000000764a00000|  0%| F|  |TAMS 0x0000000764900000, 0x0000000764900000| Untracked 
|  54|0x0000000764a00000, 0x0000000764a00000, 0x0000000764b00000|  0%| F|  |TAMS 0x0000000764a00000, 0x0000000764a00000| Untracked 
|  55|0x0000000764b00000, 0x0000000764b00000, 0x0000000764c00000|  0%| F|  |TAMS 0x0000000764b00000, 0x0000000764b00000| Untracked 
|  56|0x0000000764c00000, 0x0000000764c00000, 0x0000000764d00000|  0%| F|  |TAMS 0x0000000764c00000, 0x0000000764c00000| Untracked 
|  57|0x0000000764d00000, 0x0000000764d00000, 0x0000000764e00000|  0%| F|  |TAMS 0x0000000764d00000, 0x0000000764d00000| Untracked 
|  58|0x0000000764e00000, 0x0000000764e00000, 0x0000000764f00000|  0%| F|  |TAMS 0x0000000764e00000, 0x0000000764e00000| Untracked 
|  59|0x0000000764f00000, 0x0000000764f00000, 0x0000000765000000|  0%| F|  |TAMS 0x0000000764f00000, 0x0000000764f00000| Untracked 
|  60|0x0000000765000000, 0x0000000765000000, 0x0000000765100000|  0%| F|  |TAMS 0x0000000765000000, 0x0000000765000000| Untracked 
|  61|0x0000000765100000, 0x0000000765100000, 0x0000000765200000|  0%| F|  |TAMS 0x0000000765100000, 0x0000000765100000| Untracked 
|  62|0x0000000765200000, 0x0000000765200000, 0x0000000765300000|  0%| F|  |TAMS 0x0000000765200000, 0x0000000765200000| Untracked 
|  63|0x0000000765300000, 0x0000000765300000, 0x0000000765400000|  0%| F|  |TAMS 0x0000000765300000, 0x0000000765300000| Untracked 
|  64|0x0000000765400000, 0x0000000765400000, 0x0000000765500000|  0%| F|  |TAMS 0x0000000765400000, 0x0000000765400000| Untracked 
|  65|0x0000000765500000, 0x0000000765500000, 0x0000000765600000|  0%| F|  |TAMS 0x0000000765500000, 0x0000000765500000| Untracked 
|  66|0x0000000765600000, 0x0000000765600000, 0x0000000765700000|  0%| F|  |TAMS 0x0000000765600000, 0x0000000765600000| Untracked 
|  67|0x0000000765700000, 0x0000000765700000, 0x0000000765800000|  0%| F|  |TAMS 0x0000000765700000, 0x0000000765700000| Untracked 
|  68|0x0000000765800000, 0x0000000765800000, 0x0000000765900000|  0%| F|  |TAMS 0x0000000765800000, 0x0000000765800000| Untracked 
|  69|0x0000000765900000, 0x0000000765900000, 0x0000000765a00000|  0%| F|  |TAMS 0x0000000765900000, 0x0000000765900000| Untracked 
|  70|0x0000000765a00000, 0x0000000765a00000, 0x0000000765b00000|  0%| F|  |TAMS 0x0000000765a00000, 0x0000000765a00000| Untracked 
|  71|0x0000000765b00000, 0x0000000765b00000, 0x0000000765c00000|  0%| F|  |TAMS 0x0000000765b00000, 0x0000000765b00000| Untracked 
|  72|0x0000000765c00000, 0x0000000765c00000, 0x0000000765d00000|  0%| F|  |TAMS 0x0000000765c00000, 0x0000000765c00000| Untracked 
|  73|0x0000000765d00000, 0x0000000765d00000, 0x0000000765e00000|  0%| F|  |TAMS 0x0000000765d00000, 0x0000000765d00000| Untracked 
|  74|0x0000000765e00000, 0x0000000765e00000, 0x0000000765f00000|  0%| F|  |TAMS 0x0000000765e00000, 0x0000000765e00000| Untracked 
|  75|0x0000000765f00000, 0x0000000765f00000, 0x0000000766000000|  0%| F|  |TAMS 0x0000000765f00000, 0x0000000765f00000| Untracked 
|  76|0x0000000766000000, 0x0000000766000000, 0x0000000766100000|  0%| F|  |TAMS 0x0000000766000000, 0x0000000766000000| Untracked 
|  77|0x0000000766100000, 0x0000000766100000, 0x0000000766200000|  0%| F|  |TAMS 0x0000000766100000, 0x0000000766100000| Untracked 
|  78|0x0000000766200000, 0x0000000766200000, 0x0000000766300000|  0%| F|  |TAMS 0x0000000766200000, 0x0000000766200000| Untracked 
|  79|0x0000000766300000, 0x0000000766300000, 0x0000000766400000|  0%| F|  |TAMS 0x0000000766300000, 0x0000000766300000| Untracked 
|  80|0x0000000766400000, 0x0000000766400000, 0x0000000766500000|  0%| F|  |TAMS 0x0000000766400000, 0x0000000766400000| Untracked 
|  81|0x0000000766500000, 0x0000000766500000, 0x0000000766600000|  0%| F|  |TAMS 0x0000000766500000, 0x0000000766500000| Untracked 
|  82|0x0000000766600000, 0x0000000766600000, 0x0000000766700000|  0%| F|  |TAMS 0x0000000766600000, 0x0000000766600000| Untracked 
|  83|0x0000000766700000, 0x0000000766700000, 0x0000000766800000|  0%| F|  |TAMS 0x0000000766700000, 0x0000000766700000| Untracked 
|  84|0x0000000766800000, 0x0000000766800000, 0x0000000766900000|  0%| F|  |TAMS 0x0000000766800000, 0x0000000766800000| Untracked 
|  85|0x0000000766900000, 0x0000000766900000, 0x0000000766a00000|  0%| F|  |TAMS 0x0000000766900000, 0x0000000766900000| Untracked 
|  86|0x0000000766a00000, 0x0000000766a00000, 0x0000000766b00000|  0%| F|  |TAMS 0x0000000766a00000, 0x0000000766a00000| Untracked 
|  87|0x0000000766b00000, 0x0000000766b00000, 0x0000000766c00000|  0%| F|  |TAMS 0x0000000766b00000, 0x0000000766b00000| Untracked 
|  88|0x0000000766c00000, 0x0000000766c00000, 0x0000000766d00000|  0%| F|  |TAMS 0x0000000766c00000, 0x0000000766c00000| Untracked 
|  89|0x0000000766d00000, 0x0000000766d00000, 0x0000000766e00000|  0%| F|  |TAMS 0x0000000766d00000, 0x0000000766d00000| Untracked 
|  90|0x0000000766e00000, 0x0000000766e00000, 0x0000000766f00000|  0%| F|  |TAMS 0x0000000766e00000, 0x0000000766e00000| Untracked 
|  91|0x0000000766f00000, 0x0000000766f00000, 0x0000000767000000|  0%| F|  |TAMS 0x0000000766f00000, 0x0000000766f00000| Untracked 
|  92|0x0000000767000000, 0x0000000767000000, 0x0000000767100000|  0%| F|  |TAMS 0x0000000767000000, 0x0000000767000000| Untracked 
|  93|0x0000000767100000, 0x0000000767100000, 0x0000000767200000|  0%| F|  |TAMS 0x0000000767100000, 0x0000000767100000| Untracked 
|  94|0x0000000767200000, 0x0000000767200000, 0x0000000767300000|  0%| F|  |TAMS 0x0000000767200000, 0x0000000767200000| Untracked 
|  95|0x0000000767300000, 0x0000000767300000, 0x0000000767400000|  0%| F|  |TAMS 0x0000000767300000, 0x0000000767300000| Untracked 
|  96|0x0000000767400000, 0x0000000767400000, 0x0000000767500000|  0%| F|  |TAMS 0x0000000767400000, 0x0000000767400000| Untracked 
|  97|0x0000000767500000, 0x0000000767500000, 0x0000000767600000|  0%| F|  |TAMS 0x0000000767500000, 0x0000000767500000| Untracked 
|  98|0x0000000767600000, 0x0000000767600000, 0x0000000767700000|  0%| F|  |TAMS 0x0000000767600000, 0x0000000767600000| Untracked 
|  99|0x0000000767700000, 0x0000000767700000, 0x0000000767800000|  0%| F|  |TAMS 0x0000000767700000, 0x0000000767700000| Untracked 
| 100|0x0000000767800000, 0x0000000767800000, 0x0000000767900000|  0%| F|  |TAMS 0x0000000767800000, 0x0000000767800000| Untracked 
| 101|0x0000000767900000, 0x0000000767900000, 0x0000000767a00000|  0%| F|  |TAMS 0x0000000767900000, 0x0000000767900000| Untracked 
| 102|0x0000000767a00000, 0x0000000767a00000, 0x0000000767b00000|  0%| F|  |TAMS 0x0000000767a00000, 0x0000000767a00000| Untracked 
| 103|0x0000000767b00000, 0x0000000767b00000, 0x0000000767c00000|  0%| F|  |TAMS 0x0000000767b00000, 0x0000000767b00000| Untracked 
| 104|0x0000000767c00000, 0x0000000767c00000, 0x0000000767d00000|  0%| F|  |TAMS 0x0000000767c00000, 0x0000000767c00000| Untracked 
| 105|0x0000000767d00000, 0x0000000767d00000, 0x0000000767e00000|  0%| F|  |TAMS 0x0000000767d00000, 0x0000000767d00000| Untracked 
| 106|0x0000000767e00000, 0x0000000767e00000, 0x0000000767f00000|  0%| F|  |TAMS 0x0000000767e00000, 0x0000000767e00000| Untracked 
| 107|0x0000000767f00000, 0x0000000767f00000, 0x0000000768000000|  0%| F|  |TAMS 0x0000000767f00000, 0x0000000767f00000| Untracked 
| 108|0x0000000768000000, 0x0000000768000000, 0x0000000768100000|  0%| F|  |TAMS 0x0000000768000000, 0x0000000768000000| Untracked 
| 109|0x0000000768100000, 0x0000000768100000, 0x0000000768200000|  0%| F|  |TAMS 0x0000000768100000, 0x0000000768100000| Untracked 
| 110|0x0000000768200000, 0x0000000768200000, 0x0000000768300000|  0%| F|  |TAMS 0x0000000768200000, 0x0000000768200000| Untracked 
| 111|0x0000000768300000, 0x0000000768300000, 0x0000000768400000|  0%| F|  |TAMS 0x0000000768300000, 0x0000000768300000| Untracked 
| 112|0x0000000768400000, 0x0000000768400000, 0x0000000768500000|  0%| F|  |TAMS 0x0000000768400000, 0x0000000768400000| Untracked 
| 113|0x0000000768500000, 0x0000000768500000, 0x0000000768600000|  0%| F|  |TAMS 0x0000000768500000, 0x0000000768500000| Untracked 
| 114|0x0000000768600000, 0x0000000768600000, 0x0000000768700000|  0%| F|  |TAMS 0x0000000768600000, 0x0000000768600000| Untracked 
| 115|0x0000000768700000, 0x0000000768700000, 0x0000000768800000|  0%| F|  |TAMS 0x0000000768700000, 0x0000000768700000| Untracked 
| 116|0x0000000768800000, 0x0000000768800000, 0x0000000768900000|  0%| F|  |TAMS 0x0000000768800000, 0x0000000768800000| Untracked 
| 117|0x0000000768900000, 0x0000000768900000, 0x0000000768a00000|  0%| F|  |TAMS 0x0000000768900000, 0x0000000768900000| Untracked 
| 118|0x0000000768a00000, 0x0000000768a00000, 0x0000000768b00000|  0%| F|  |TAMS 0x0000000768a00000, 0x0000000768a00000| Untracked 
| 119|0x0000000768b00000, 0x0000000768b00000, 0x0000000768c00000|  0%| F|  |TAMS 0x0000000768b00000, 0x0000000768b00000| Untracked 
| 120|0x0000000768c00000, 0x0000000768c00000, 0x0000000768d00000|  0%| F|  |TAMS 0x0000000768c00000, 0x0000000768c00000| Untracked 
| 121|0x0000000768d00000, 0x0000000768d00000, 0x0000000768e00000|  0%| F|  |TAMS 0x0000000768d00000, 0x0000000768d00000| Untracked 
| 122|0x0000000768e00000, 0x0000000768e00000, 0x0000000768f00000|  0%| F|  |TAMS 0x0000000768e00000, 0x0000000768e00000| Untracked 
| 123|0x0000000768f00000, 0x0000000768f00000, 0x0000000769000000|  0%| F|  |TAMS 0x0000000768f00000, 0x0000000768f00000| Untracked 
| 124|0x0000000769000000, 0x0000000769000000, 0x0000000769100000|  0%| F|  |TAMS 0x0000000769000000, 0x0000000769000000| Untracked 
| 125|0x0000000769100000, 0x0000000769100000, 0x0000000769200000|  0%| F|  |TAMS 0x0000000769100000, 0x0000000769100000| Untracked 
| 126|0x0000000769200000, 0x0000000769200000, 0x0000000769300000|  0%| F|  |TAMS 0x0000000769200000, 0x0000000769200000| Untracked 
| 127|0x0000000769300000, 0x0000000769300000, 0x0000000769400000|  0%| F|  |TAMS 0x0000000769300000, 0x0000000769300000| Untracked 
| 128|0x0000000769400000, 0x0000000769400000, 0x0000000769500000|  0%| F|  |TAMS 0x0000000769400000, 0x0000000769400000| Untracked 
| 129|0x0000000769500000, 0x0000000769500000, 0x0000000769600000|  0%| F|  |TAMS 0x0000000769500000, 0x0000000769500000| Untracked 
| 130|0x0000000769600000, 0x0000000769600000, 0x0000000769700000|  0%| F|  |TAMS 0x0000000769600000, 0x0000000769600000| Untracked 
| 131|0x0000000769700000, 0x0000000769700000, 0x0000000769800000|  0%| F|  |TAMS 0x0000000769700000, 0x0000000769700000| Untracked 
| 132|0x0000000769800000, 0x0000000769800000, 0x0000000769900000|  0%| F|  |TAMS 0x0000000769800000, 0x0000000769800000| Untracked 
| 133|0x0000000769900000, 0x0000000769900000, 0x0000000769a00000|  0%| F|  |TAMS 0x0000000769900000, 0x0000000769900000| Untracked 
| 134|0x0000000769a00000, 0x0000000769a00000, 0x0000000769b00000|  0%| F|  |TAMS 0x0000000769a00000, 0x0000000769a00000| Untracked 
| 135|0x0000000769b00000, 0x0000000769b00000, 0x0000000769c00000|  0%| F|  |TAMS 0x0000000769b00000, 0x0000000769b00000| Untracked 
| 136|0x0000000769c00000, 0x0000000769c00000, 0x0000000769d00000|  0%| F|  |TAMS 0x0000000769c00000, 0x0000000769c00000| Untracked 
| 137|0x0000000769d00000, 0x0000000769d00000, 0x0000000769e00000|  0%| F|  |TAMS 0x0000000769d00000, 0x0000000769d00000| Untracked 
| 138|0x0000000769e00000, 0x0000000769e00000, 0x0000000769f00000|  0%| F|  |TAMS 0x0000000769e00000, 0x0000000769e00000| Untracked 
| 139|0x0000000769f00000, 0x0000000769f00000, 0x000000076a000000|  0%| F|  |TAMS 0x0000000769f00000, 0x0000000769f00000| Untracked 
| 140|0x000000076a000000, 0x000000076a000000, 0x000000076a100000|  0%| F|  |TAMS 0x000000076a000000, 0x000000076a000000| Untracked 
| 141|0x000000076a100000, 0x000000076a100000, 0x000000076a200000|  0%| F|  |TAMS 0x000000076a100000, 0x000000076a100000| Untracked 
| 142|0x000000076a200000, 0x000000076a200000, 0x000000076a300000|  0%| F|  |TAMS 0x000000076a200000, 0x000000076a200000| Untracked 
| 143|0x000000076a300000, 0x000000076a300000, 0x000000076a400000|  0%| F|  |TAMS 0x000000076a300000, 0x000000076a300000| Untracked 
| 144|0x000000076a400000, 0x000000076a400000, 0x000000076a500000|  0%| F|  |TAMS 0x000000076a400000, 0x000000076a400000| Untracked 
| 145|0x000000076a500000, 0x000000076a500000, 0x000000076a600000|  0%| F|  |TAMS 0x000000076a500000, 0x000000076a500000| Untracked 
| 146|0x000000076a600000, 0x000000076a600000, 0x000000076a700000|  0%| F|  |TAMS 0x000000076a600000, 0x000000076a600000| Untracked 
| 147|0x000000076a700000, 0x000000076a7482f0, 0x000000076a800000| 28%| E|  |TAMS 0x000000076a700000, 0x000000076a700000| Complete 
| 148|0x000000076a800000, 0x000000076a900000, 0x000000076a900000|100%| E|CS|TAMS 0x000000076a800000, 0x000000076a800000| Complete 
| 149|0x000000076a900000, 0x000000076aa00000, 0x000000076aa00000|100%| E|CS|TAMS 0x000000076a900000, 0x000000076a900000| Complete 
| 150|0x000000076aa00000, 0x000000076ab00000, 0x000000076ab00000|100%| E|CS|TAMS 0x000000076aa00000, 0x000000076aa00000| Complete 
| 151|0x000000076ab00000, 0x000000076ac00000, 0x000000076ac00000|100%| E|CS|TAMS 0x000000076ab00000, 0x000000076ab00000| Complete 
| 152|0x000000076ac00000, 0x000000076ad00000, 0x000000076ad00000|100%| E|CS|TAMS 0x000000076ac00000, 0x000000076ac00000| Complete 
| 153|0x000000076ad00000, 0x000000076ae00000, 0x000000076ae00000|100%| E|CS|TAMS 0x000000076ad00000, 0x000000076ad00000| Complete 
| 154|0x000000076ae00000, 0x000000076af00000, 0x000000076af00000|100%| E|CS|TAMS 0x000000076ae00000, 0x000000076ae00000| Complete 
| 155|0x000000076af00000, 0x000000076b000000, 0x000000076b000000|100%| E|CS|TAMS 0x000000076af00000, 0x000000076af00000| Complete 
| 156|0x000000076b000000, 0x000000076b100000, 0x000000076b100000|100%| E|CS|TAMS 0x000000076b000000, 0x000000076b000000| Complete 
| 157|0x000000076b100000, 0x000000076b200000, 0x000000076b200000|100%| E|CS|TAMS 0x000000076b100000, 0x000000076b100000| Complete 
| 158|0x000000076b200000, 0x000000076b300000, 0x000000076b300000|100%| E|CS|TAMS 0x000000076b200000, 0x000000076b200000| Complete 
| 159|0x000000076b300000, 0x000000076b400000, 0x000000076b400000|100%| E|CS|TAMS 0x000000076b300000, 0x000000076b300000| Complete 

Card table byte_map: [0x000002914f6b0000,0x000002914fbb0000] _byte_map_base: 0x000002914bba6000

Marking Bits (Prev, Next): (CMBitMap*) 0x0000029135ce45c8, (CMBitMap*) 0x0000029135ce4600
 Prev Bits: [0x00000291500b0000, 0x0000029152860000)
 Next Bits: [0x0000029152860000, 0x0000029155010000)

Polling page: 0x0000029135a40000

Metaspace:

Usage:
  Non-class:     12.94 MB capacity,    12.76 MB ( 99%) used,   138.01 KB (  1%) free+waste,    43.50 KB ( <1%) overhead. 
      Class:      1.75 MB capacity,     1.56 MB ( 89%) used,   171.91 KB ( 10%) free+waste,    23.94 KB (  1%) overhead. 
       Both:     14.69 MB capacity,    14.32 MB ( 97%) used,   309.92 KB (  2%) free+waste,    67.44 KB ( <1%) overhead. 

Virtual space:
  Non-class space:       14.00 MB reserved,      13.00 MB ( 93%) committed 
      Class space:        1.00 GB reserved,       1.88 MB ( <1%) committed 
             Both:        1.01 GB reserved,      14.88 MB (  1%) committed 

Chunk freelists:
   Non-Class:  0 bytes
       Class:  0 bytes
        Both:  0 bytes

MaxMetaspaceSize: 17179869184.00 GB
CompressedClassSpaceSize: 1.00 GB

CodeHeap 'non-profiled nmethods': size=120064Kb used=341Kb max_used=341Kb free=119722Kb
 bounds [0x0000029147650000, 0x00000291478c0000, 0x000002914eb90000]
CodeHeap 'profiled nmethods': size=120000Kb used=1495Kb max_used=1495Kb free=118504Kb
 bounds [0x0000029140120000, 0x0000029140390000, 0x0000029147650000]
CodeHeap 'non-nmethods': size=5696Kb used=1205Kb max_used=1220Kb free=4491Kb
 bounds [0x000002913fb90000, 0x000002913fe00000, 0x0000029140120000]
 total_blobs=1528 nmethods=964 adapters=476
 compilation: enabled
              stopped_count=0, restarted_count=0
 full_count=0

Compilation events (20 events):
Event: 92.902 Thread 0x0000029157f14800  954       4       java.lang.Math::min (11 bytes)
Event: 92.902 Thread 0x0000029157f14800 nmethod 954 0x00000291476a1910 code [0x00000291476a1aa0, 0x00000291476a1af8]
Event: 103.245 Thread 0x0000029157f14800  955       4       java.util.Arrays::copyOf (40 bytes)
Event: 103.251 Thread 0x0000029157f14800 nmethod 955 0x00000291476a1b90 code [0x00000291476a1d40, 0x00000291476a21d8]
Event: 524.306 Thread 0x0000029157f14800  956       4       java.util.ArrayList::toArray (57 bytes)
Event: 524.311 Thread 0x0000029157f14800 nmethod 956 0x00000291476a2410 code [0x00000291476a25a0, 0x00000291476a28f8]
Event: 537.245 Thread 0x0000029157f14800  957       4       java.util.ArrayList::toArray (57 bytes)
Event: 537.253 Thread 0x0000029157f14800 nmethod 957 0x00000291476a2a90 code [0x00000291476a2c20, 0x00000291476a3078]
Event: 539.657 Thread 0x0000029157f14800  958       4       sun.java2d.d3d.D3DSurfaceData$D3DWindowSurfaceData::isDirty (18 bytes)
Event: 539.659 Thread 0x0000029157f14800 nmethod 958 0x00000291476a3210 code [0x00000291476a33a0, 0x00000291476a3458]
Event: 3034.310 Thread 0x0000029157f22000  959 % !   3       sun.java2d.d3d.D3DScreenUpdateManager::run @ 0 (267 bytes)
Event: 3034.324 Thread 0x0000029157f22000 nmethod 959% 0x000002914028b790 code [0x000002914028bba0, 0x000002914028e338]
Event: 3085.714 Thread 0x0000029157f22000  960   !   3       sun.java2d.d3d.D3DScreenUpdateManager::run (267 bytes)
Event: 3085.718 Thread 0x0000029157f22000 nmethod 960 0x000002914028f210 code [0x000002914028f620, 0x0000029140291d38]
Event: 3188.491 Thread 0x0000029157f14800  961       4       sun.java2d.StateTrackableDelegate$1::isCurrent (17 bytes)
Event: 3188.492 Thread 0x0000029157f14800 nmethod 961 0x00000291476a3590 code [0x00000291476a3720, 0x00000291476a37b8]
Event: 5089.106 Thread 0x0000029157f14800  962 % !   4       sun.java2d.d3d.D3DScreenUpdateManager::run @ 0 (267 bytes)
Event: 5089.130 Thread 0x0000029157f14800 nmethod 962% 0x00000291476a3890 code [0x00000291476a3a80, 0x00000291476a49d8]
Event: 5497.108 Thread 0x0000029157f22000  964       3       sun.invoke.util.VerifyAccess::isMemberAccessible (313 bytes)
Event: 5497.113 Thread 0x0000029157f22000 nmethod 964 0x0000029140292c10 code [0x00000291402930e0, 0x00000291402952e8]

GC Heap History (0 events):
No events

Deoptimization events (20 events):
Event: 0.221 Thread 0x0000029135c9b800 Uncommon trap: trap_request=0xffffffc6 fr.pc=0x000002914765b194 relative=0x0000000000000074
Event: 0.221 Thread 0x0000029135c9b800 Uncommon trap: reason=bimorphic_or_optimized_type_check action=maybe_recompile pc=0x000002914765b194 method=java.util.AbstractCollection.isEmpty()Z @ 1 c2
Event: 0.221 Thread 0x0000029135c9b800 DEOPT PACKING pc=0x000002914765b194 sp=0x000000c7d2dfa880
Event: 0.221 Thread 0x0000029135c9b800 DEOPT UNPACKING pc=0x000002913fbb68af sp=0x000000c7d2dfa810 mode 2
Event: 0.509 Thread 0x0000029135c9b800 Uncommon trap: trap_request=0xffffff4d fr.pc=0x000002914765eb34 relative=0x0000000000000d34
Event: 0.509 Thread 0x0000029135c9b800 Uncommon trap: reason=unstable_if action=reinterpret pc=0x000002914765eb34 method=java.util.HashMap.putVal(ILjava/lang/Object;Ljava/lang/Object;ZZ)Ljava/lang/Object; @ 81 c2
Event: 0.509 Thread 0x0000029135c9b800 DEOPT PACKING pc=0x000002914765eb34 sp=0x000000c7d2dfe190
Event: 0.509 Thread 0x0000029135c9b800 DEOPT UNPACKING pc=0x000002913fbb68af sp=0x000000c7d2dfe130 mode 2
Event: 90.394 Thread 0x0000029158899800 Uncommon trap: trap_request=0xffffffcc fr.pc=0x00000291476a1570 relative=0x0000000000000330
Event: 90.394 Thread 0x0000029158899800 Uncommon trap: reason=intrinsic_or_type_checked_inlining action=make_not_entrant pc=0x00000291476a1570 method=java.util.Arrays.copyOf([Ljava/lang/Object;ILjava/lang/Class;)[Ljava/lang/Object; @ 35 c2
Event: 90.394 Thread 0x0000029158899800 DEOPT PACKING pc=0x00000291476a1570 sp=0x000000c7d4cfef60
Event: 90.394 Thread 0x0000029158899800 DEOPT UNPACKING pc=0x000002913fbb68af sp=0x000000c7d4cfeef0 mode 2
Event: 524.406 Thread 0x0000029158899800 Uncommon trap: trap_request=0xffffffdc fr.pc=0x00000291476a2734 relative=0x0000000000000194
Event: 524.406 Thread 0x0000029158899800 Uncommon trap: reason=class_check action=make_not_entrant pc=0x00000291476a2734 method=java.util.ArrayList.toArray([Ljava/lang/Object;)[Ljava/lang/Object; @ 21 c2
Event: 524.406 Thread 0x0000029158899800 DEOPT PACKING pc=0x00000291476a2734 sp=0x000000c7d4cfefc0
Event: 524.406 Thread 0x0000029158899800 DEOPT UNPACKING pc=0x000002913fbb68af sp=0x000000c7d4cfef80 mode 2
Event: 5495.299 Thread 0x0000029158899800 Uncommon trap: trap_request=0xffffff4d fr.pc=0x00000291476a3788 relative=0x0000000000000068
Event: 5495.299 Thread 0x0000029158899800 Uncommon trap: reason=unstable_if action=reinterpret pc=0x00000291476a3788 method=sun.java2d.StateTrackableDelegate$1.isCurrent()Z @ 8 c2
Event: 5495.299 Thread 0x0000029158899800 DEOPT PACKING pc=0x00000291476a3788 sp=0x000000c7d4cfef70
Event: 5495.299 Thread 0x0000029158899800 DEOPT UNPACKING pc=0x000002913fbb68af sp=0x000000c7d4cfef00 mode 2

Classes redefined (0 events):
No events

Internal exceptions (20 events):
Event: 0.252 Thread 0x0000029135c9b800 Exception <a 'java/lang/NoSuchMethodError'{0x000000076b000c68}: 'java.lang.Object java.lang.invoke.DirectMethodHandle$Holder.invokeStatic(java.lang.Object, java.lang.Object, java.lang.Object, java.lang.Object, java.lang.Object, java.lang.Object, java.lang.Object, java.lang.Object, java.lang.Object, java.lang.Object, java.lang.Object, java.lang.Object, java.lang.Object, java.lang.Object, java.lang.Object, java.lang.Object)'> (0x000000076b000c68) thrown at [./src/hotspot/share/interpreter/linkResolver.cpp, l
Event: 0.253 Thread 0x0000029135c9b800 Exception <a 'java/lang/NoSuchMethodError'{0x000000076b00e8d8}: 'java.lang.Object java.lang.invoke.DirectMethodHandle$Holder.invokeSpecial(java.lang.Object, java.lang.Object, int, int, java.lang.Object, java.lang.Object, java.lang.Object)'> (0x000000076b00e8d8) thrown at [./src/hotspot/share/interpreter/linkResolver.cpp, line 773]
Event: 0.253 Thread 0x0000029135c9b800 Exception <a 'java/lang/NoSuchMethodError'{0x000000076b011e68}: 'java.lang.Object java.lang.invoke.DelegatingMethodHandle$Holder.reinvoke_L(java.lang.Object, int, int, java.lang.Object, java.lang.Object, java.lang.Object)'> (0x000000076b011e68) thrown at [./src/hotspot/share/interpreter/linkResolver.cpp, line 773]
Event: 0.254 Thread 0x0000029135c9b800 Exception <a 'java/lang/NoSuchMethodError'{0x000000076b015f48}: 'java.lang.Object java.lang.invoke.DirectMethodHandle$Holder.invokeStatic(java.lang.Object, java.lang.Object, java.lang.Object, java.lang.Object, int)'> (0x000000076b015f48) thrown at [./src/hotspot/share/interpreter/linkResolver.cpp, line 773]
Event: 0.263 Thread 0x0000029135c9b800 Exception <a 'java/io/FileNotFoundException'{0x000000076b078aa0}> (0x000000076b078aa0) thrown at [./src/hotspot/share/prims/jni.cpp, line 615]
Event: 0.349 Thread 0x00000291585b9000 Exception <a 'java/lang/NoSuchMethodError'{0x000000076af4d3f8}: 'void java.lang.invoke.DirectMethodHandle$Holder.invokeSpecial(java.lang.Object, java.lang.Object)'> (0x000000076af4d3f8) thrown at [./src/hotspot/share/interpreter/linkResolver.cpp, line 773]
Event: 0.361 Thread 0x0000029135c9b800 Exception <a 'java/lang/NoSuchMethodError'{0x000000076af28400}: 'java.lang.Object java.lang.invoke.DirectMethodHandle$Holder.invokeStatic(java.lang.Object, java.lang.Object, java.lang.Object, java.lang.Object, java.lang.Object, java.lang.Object, java.lang.Object, java.lang.Object, int)'> (0x000000076af28400) thrown at [./src/hotspot/share/interpreter/linkResolver.cpp, line 773]
Event: 0.363 Thread 0x0000029135c9b800 Exception <a 'java/lang/NoSuchMethodError'{0x000000076af42360}: 'java.lang.Object java.lang.invoke.DirectMethodHandle$Holder.invokeStatic(java.lang.Object, java.lang.Object, java.lang.Object, java.lang.Object, java.lang.Object, java.lang.Object, java.lang.Object, java.lang.Object, int, int)'> (0x000000076af42360) thrown at [./src/hotspot/share/interpreter/linkResolver.cpp, line 773]
Event: 0.528 Thread 0x0000029135c9b800 Exception <a 'java/lang/NoSuchMethodError'{0x000000076aea2828}: 'java.lang.Object java.lang.invoke.DirectMethodHandle$Holder.invokeStatic(java.lang.Object, int, java.lang.Object, java.lang.Object, java.lang.Object, java.lang.Object)'> (0x000000076aea2828) thrown at [./src/hotspot/share/interpreter/linkResolver.cpp, line 773]
Event: 0.529 Thread 0x0000029135c9b800 Exception <a 'java/lang/NoSuchMethodError'{0x000000076aea98e8}: 'java.lang.Object java.lang.invoke.DirectMethodHandle$Holder.invokeStatic(java.lang.Object, int, java.lang.Object, java.lang.Object, java.lang.Object)'> (0x000000076aea98e8) thrown at [./src/hotspot/share/interpreter/linkResolver.cpp, line 773]
Event: 0.529 Thread 0x0000029135c9b800 Exception <a 'java/lang/NoSuchMethodError'{0x000000076aead430}: 'java.lang.Object java.lang.invoke.DirectMethodHandle$Holder.invokeSpecial(java.lang.Object, java.lang.Object, int, java.lang.Object, java.lang.Object, java.lang.Object)'> (0x000000076aead430) thrown at [./src/hotspot/share/interpreter/linkResolver.cpp, line 773]
Event: 0.535 Thread 0x0000029135c9b800 Exception <a 'java/lang/NoSuchMethodError'{0x000000076aec4d40}: 'java.lang.Object java.lang.invoke.DirectMethodHandle$Holder.invokeStatic(java.lang.Object, int, java.lang.Object)'> (0x000000076aec4d40) thrown at [./src/hotspot/share/interpreter/linkResolver.cpp, line 773]
Event: 0.572 Thread 0x0000029135c9b800 Exception <a 'java/lang/ClassNotFoundException'{0x000000076ad730d8}: com/sun/swing/internal/plaf/metal/resources/spi/metalProvider> (0x000000076ad730d8) thrown at [./src/hotspot/share/classfile/systemDictionary.cpp, line 231]
Event: 0.573 Thread 0x0000029135c9b800 Exception <a 'java/lang/ClassNotFoundException'{0x000000076ad77c00}: com/sun/swing/internal/plaf/basic/resources/spi/basicProvider> (0x000000076ad77c00) thrown at [./src/hotspot/share/classfile/systemDictionary.cpp, line 231]
Event: 0.643 Thread 0x0000029135c9b800 Exception <a 'java/lang/NoSuchMethodError'{0x000000076ac4ba00}: 'void java.lang.invoke.DirectMethodHandle$Holder.invokeStaticInit(java.lang.Object)'> (0x000000076ac4ba00) thrown at [./src/hotspot/share/interpreter/linkResolver.cpp, line 773]
Event: 0.691 Thread 0x0000029135c9b800 Exception <a 'java/lang/NoSuchMethodError'{0x000000076ab99870}: 'java.lang.Object java.lang.invoke.DirectMethodHandle$Holder.invokeStatic(java.lang.Object, java.lang.Object, java.lang.Object, java.lang.Object, java.lang.Object, java.lang.Object, java.lang.Object, java.lang.Object, java.lang.Object, java.lang.Object, java.lang.Object, int)'> (0x000000076ab99870) thrown at [./src/hotspot/share/interpreter/linkResolver.cpp, line 773]
Event: 0.693 Thread 0x0000029135c9b800 Exception <a 'java/lang/NoSuchMethodError'{0x000000076abb7a78}: 'java.lang.Object java.lang.invoke.DirectMethodHandle$Holder.invokeStatic(java.lang.Object, java.lang.Object, java.lang.Object, java.lang.Object, java.lang.Object, java.lang.Object, java.lang.Object, java.lang.Object, java.lang.Object, java.lang.Object, java.lang.Object, int, int)'> (0x000000076abb7a78) thrown at [./src/hotspot/share/interpreter/linkResolver.cpp, line 773]
Event: 0.694 Thread 0x0000029135c9b800 Exception <a 'java/lang/NoSuchMethodError'{0x000000076abd6a10}: 'java.lang.Object java.lang.invoke.DirectMethodHandle$Holder.invokeStatic(java.lang.Object, java.lang.Object, java.lang.Object, java.lang.Object, java.lang.Object, java.lang.Object, java.lang.Object, java.lang.Object, java.lang.Object, java.lang.Object, java.lang.Object, int, int, java.lang.Object)'> (0x000000076abd6a10) thrown at [./src/hotspot/share/interpreter/linkResolver.cpp, line 773]
Event: 0.695 Thread 0x0000029135c9b800 Exception <a 'java/lang/NoSuchMethodError'{0x000000076aa0b540}: 'java.lang.Object java.lang.invoke.Invokers$Holder.linkToTargetMethod(java.lang.Object, int, java.lang.Object)'> (0x000000076aa0b540) thrown at [./src/hotspot/share/interpreter/linkResolver.cpp, line 773]
Event: 0.724 Thread 0x0000029135c9b800 Exception <a 'java/lang/NoSuchMethodError'{0x000000076aa553a0}: 'java.lang.Object java.lang.invoke.DirectMethodHandle$Holder.invokeStatic(java.lang.Object, java.lang.Object, java.lang.Object, java.lang.Object, java.lang.Object, java.lang.Object, java.lang.Object, java.lang.Object, java.lang.Object, java.lang.Object, java.lang.Object, int, int, java.lang.Object, java.lang.Object)'> (0x000000076aa553a0) thrown at [./src/hotspot/share/interpreter/linkResolver.cpp, line 773]

Events (20 events):
Event: 1.899 loading class java/awt/event/AWTEventListenerProxy done
Event: 1.899 loading class java/awt/Toolkit$SelectiveAWTEventListener
Event: 1.899 loading class java/awt/Toolkit$SelectiveAWTEventListener done
Event: 1.899 loading class java/awt/Toolkit$ToolkitEventMulticaster
Event: 1.899 loading class java/awt/Toolkit$ToolkitEventMulticaster done
Event: 1.899 loading class java/awt/event/MouseWheelEvent
Event: 1.899 loading class java/awt/event/MouseWheelEvent done
Event: 1.900 loading class java/awt/LightweightDispatcher$2
Event: 1.900 loading class java/awt/LightweightDispatcher$2 done
Event: 3.396 Executing VM operation: RevokeBias
Event: 3.396 Executing VM operation: RevokeBias done
Event: 3.396 loading class java/awt/KeyboardFocusManager$2
Event: 3.396 loading class java/awt/KeyboardFocusManager$2 done
Event: 3.397 loading class sun/awt/SunToolkit$1
Event: 3.397 loading class sun/awt/SunToolkit$1 done
Event: 5280.177 Loaded shared library D:\Program Files (X86)\jdk11.0.11_9\bin\java.dll
Event: 5495.303 Executing VM operation: RevokeBias
Event: 5495.303 Executing VM operation: RevokeBias done
Event: 5497.107 Executing VM operation: RevokeBias
Event: 5497.107 Executing VM operation: RevokeBias done


Dynamic libraries:
0x00007ff6ed870000 - 0x00007ff6ed87d000 	D:\Program Files (X86)\jdk11.0.11_9\bin\java.exe
0x00007ffbfe580000 - 0x00007ffbfe770000 	C:\windows\SYSTEM32\ntdll.dll
0x00007ffbfc970000 - 0x00007ffbfca22000 	C:\windows\System32\KERNEL32.DLL
0x00007ffbfb550000 - 0x00007ffbfb7f5000 	C:\windows\System32\KERNELBASE.dll
0x00007ffbfbb00000 - 0x00007ffbfbbfa000 	C:\windows\System32\ucrtbase.dll
0x00007ffbe20d0000 - 0x00007ffbe20e9000 	D:\Program Files (X86)\jdk11.0.11_9\bin\VCRUNTIME140.dll
0x00007ffbf77b0000 - 0x00007ffbf77c7000 	D:\Program Files (X86)\jdk11.0.11_9\bin\jli.dll
0x00007ffbfcae0000 - 0x00007ffbfcc74000 	C:\windows\System32\USER32.dll
0x00007ffbfbd70000 - 0x00007ffbfbd91000 	C:\windows\System32\win32u.dll
0x00007ffbfcc90000 - 0x00007ffbfccb6000 	C:\windows\System32\GDI32.dll
0x00007ffbfb800000 - 0x00007ffbfb998000 	C:\windows\System32\gdi32full.dll
0x00007ffbfbda0000 - 0x00007ffbfbe3e000 	C:\windows\System32\msvcp_win.dll
0x00007ffbe5770000 - 0x00007ffbe59f4000 	C:\windows\WinSxS\amd64_microsoft.windows.common-controls_6595b64144ccf1df_6.0.18362.1556_none_9e7e372fe45e41d5\COMCTL32.dll
0x00007ffbfd460000 - 0x00007ffbfd4fe000 	C:\windows\System32\msvcrt.dll
0x00007ffbfd500000 - 0x00007ffbfd836000 	C:\windows\System32\combase.dll
0x00007ffbfe420000 - 0x00007ffbfe53f000 	C:\windows\System32\RPCRT4.dll
0x00007ffbfbcb0000 - 0x00007ffbfbd31000 	C:\windows\System32\bcryptPrimitives.dll
0x00007ffbfcfc0000 - 0x00007ffbfcfee000 	C:\windows\System32\IMM32.DLL
0x00007ffbd92a0000 - 0x00007ffbd933b000 	D:\Program Files (X86)\jdk11.0.11_9\bin\msvcp140.dll
0x00007ffbb0800000 - 0x00007ffbb134c000 	D:\Program Files (X86)\jdk11.0.11_9\bin\server\jvm.dll
0x00007ffbfca30000 - 0x00007ffbfcad3000 	C:\windows\System32\ADVAPI32.dll
0x00007ffbfd3c0000 - 0x00007ffbfd457000 	C:\windows\System32\sechost.dll
0x00007ffbfc960000 - 0x00007ffbfc968000 	C:\windows\System32\PSAPI.DLL
0x00007ffbf8170000 - 0x00007ffbf8179000 	C:\windows\SYSTEM32\WSOCK32.dll
0x00007ffbf62f0000 - 0x00007ffbf62fa000 	C:\windows\SYSTEM32\VERSION.dll
0x00007ffbeca60000 - 0x00007ffbeca84000 	C:\windows\SYSTEM32\WINMM.dll
0x00007ffbfe3b0000 - 0x00007ffbfe41f000 	C:\windows\System32\WS2_32.dll
0x00007ffbeca30000 - 0x00007ffbeca5d000 	C:\windows\SYSTEM32\winmmbase.dll
0x00007ffbfbe60000 - 0x00007ffbfbeaa000 	C:\windows\System32\cfgmgr32.dll
0x00007ffbfb460000 - 0x00007ffbfb471000 	C:\windows\System32\kernel.appcore.dll
0x00007ffbf5ab0000 - 0x00007ffbf5ac0000 	D:\Program Files (X86)\jdk11.0.11_9\bin\verify.dll
0x00007ffbeda00000 - 0x00007ffbedbf4000 	C:\windows\SYSTEM32\DBGHELP.DLL
0x00007ffbe5a00000 - 0x00007ffbe5a2a000 	C:\windows\SYSTEM32\dbgcore.DLL
0x00007ffbda230000 - 0x00007ffbda258000 	D:\Program Files (X86)\jdk11.0.11_9\bin\java.dll
0x00007ffbf5a20000 - 0x00007ffbf5a2a000 	D:\Program Files (X86)\jdk11.0.11_9\bin\jimage.dll
0x00007ffbe20b0000 - 0x00007ffbe20c7000 	D:\Program Files (X86)\jdk11.0.11_9\bin\zip.dll
0x00007ffbfd840000 - 0x00007ffbfdf27000 	C:\windows\System32\SHELL32.dll
0x00007ffbfc720000 - 0x00007ffbfc7c8000 	C:\windows\System32\shcore.dll
0x00007ffbfbeb0000 - 0x00007ffbfc62b000 	C:\windows\System32\windows.storage.dll
0x00007ffbfb480000 - 0x00007ffbfb49e000 	C:\windows\System32\profapi.dll
0x00007ffbfb4a0000 - 0x00007ffbfb4ea000 	C:\windows\System32\powrprof.dll
0x00007ffbfb430000 - 0x00007ffbfb440000 	C:\windows\System32\UMPDC.dll
0x00007ffbfc900000 - 0x00007ffbfc952000 	C:\windows\System32\shlwapi.dll
0x00007ffbfbe40000 - 0x00007ffbfbe57000 	C:\windows\System32\cryptsp.dll
0x00007ffbdda60000 - 0x00007ffbdda79000 	D:\Program Files (X86)\jdk11.0.11_9\bin\net.dll
0x00007ffbef4d0000 - 0x00007ffbef5ca000 	C:\windows\SYSTEM32\WINHTTP.dll
0x00007ffbfac10000 - 0x00007ffbfac77000 	C:\windows\system32\mswsock.dll
0x00007ffbda210000 - 0x00007ffbda222000 	D:\Program Files (X86)\jdk11.0.11_9\bin\nio.dll
0x00007ffbc3550000 - 0x00007ffbc36e9000 	D:\Program Files (X86)\jdk11.0.11_9\bin\awt.dll
0x00007ffbfc650000 - 0x00007ffbfc715000 	C:\windows\System32\OLEAUT32.dll
0x00007ffbf9640000 - 0x00007ffbf96cf000 	C:\windows\SYSTEM32\apphelp.dll
0x00007ffbf9b90000 - 0x00007ffbf9bbd000 	C:\windows\system32\DWMAPI.DLL
0x00007ffbf9770000 - 0x00007ffbf9809000 	C:\windows\system32\uxtheme.dll
0x00007ffbc15c0000 - 0x00007ffbc1716000 	C:\windows\system32\opengl32.dll
0x00007ffbcba70000 - 0x00007ffbcba9c000 	C:\windows\SYSTEM32\GLU32.dll
0x00007ffbfa0e0000 - 0x00007ffbfa100000 	C:\windows\SYSTEM32\dxcore.dll
0x00007ffbfce80000 - 0x00007ffbfcfb5000 	C:\windows\System32\MSCTF.dll
0x00007ffbfcd20000 - 0x00007ffbfce77000 	C:\windows\System32\ole32.dll
0x00007ffbd1ec0000 - 0x00007ffbd1f45000 	D:\Program Files (X86)\jdk11.0.11_9\bin\freetype.dll
0x00007ffbda0c0000 - 0x00007ffbda0d2000 	D:\Program Files (X86)\jdk11.0.11_9\bin\fontmanager.dll
0x00007ffbc3a00000 - 0x00007ffbc3abc000 	D:\Program Files (X86)\jdk11.0.11_9\bin\harfbuzz.dll
0x00007ffbfd290000 - 0x00007ffbfd332000 	C:\windows\System32\clbcatq.dll
0x00007ffbebc60000 - 0x00007ffbebe0f000 	C:\windows\SYSTEM32\WindowsCodecs.dll
0x00007ffbe0920000 - 0x00007ffbe095b000 	C:\windows\system32\dataexchange.dll
0x00007ffbf87c0000 - 0x00007ffbf8a1b000 	C:\windows\system32\d3d11.dll
0x00007ffbf8fa0000 - 0x00007ffbf917d000 	C:\windows\system32\dcomp.dll
0x00007ffbfa100000 - 0x00007ffbfa1eb000 	C:\windows\system32\dxgi.dll
0x00007ffbf9830000 - 0x00007ffbf9a8a000 	C:\windows\system32\twinapi.appcore.dll
0x00007ffbf9bc0000 - 0x00007ffbf9be9000 	C:\windows\system32\RMCLIENT.dll
0x00007ffbdc300000 - 0x00007ffbdc39b000 	C:\windows\System32\TextInputFramework.dll
0x00007ffbf8ec0000 - 0x00007ffbf8f94000 	C:\windows\System32\CoreMessaging.dll
0x00007ffbebe10000 - 0x00007ffbec13a000 	C:\windows\System32\CoreUIComponents.dll
0x00007ffbf7800000 - 0x00007ffbf7952000 	C:\windows\SYSTEM32\wintypes.dll
0x00007ffbfa570000 - 0x00007ffbfa5a1000 	C:\windows\SYSTEM32\ntmarta.dll
0x00007ffbecec0000 - 0x00007ffbed167000 	C:\windows\System32\iertutil.dll
0x00007ffbc2690000 - 0x00007ffbc2857000 	C:\windows\system32\d3d9.dll
0x00007ffbead40000 - 0x00007ffbeaf17000 	C:\windows\System32\DriverStore\FileRepository\u0355311.inf_amd64_183b8d63847c90cf\B355199\aticfx64.dll
0x00007ffbc5490000 - 0x00007ffbc54c1000 	C:\windows\System32\DriverStore\FileRepository\u0355311.inf_amd64_183b8d63847c90cf\B355199\atiu9p64.dll
0x00007ffbaf540000 - 0x00007ffbb01c9000 	C:\windows\System32\DriverStore\FileRepository\u0355311.inf_amd64_183b8d63847c90cf\B355199\atiumd64.dll
0x0000000065ed0000 - 0x0000000066c95000 	C:\windows\System32\DriverStore\FileRepository\u0355311.inf_amd64_183b8d63847c90cf\B355199\atiumd6a.dll
0x00007ffbf8120000 - 0x00007ffbf814e000 	C:\windows\SYSTEM32\amdihk64.dll

dbghelp: loaded successfully - version: 4.0.5 - missing functions: none
symbol engine: initialized successfully - sym options: 0x614 - pdb path: .;D:\Program Files (X86)\jdk11.0.11_9\bin;C:\windows\SYSTEM32;C:\windows\WinSxS\amd64_microsoft.windows.common-controls_6595b64144ccf1df_6.0.18362.1556_none_9e7e372fe45e41d5;D:\Program Files (X86)\jdk11.0.11_9\bin\server;C:\windows\System32\DriverStore\FileRepository\u0355311.inf_amd64_183b8d63847c90cf\B355199

VM Arguments:
jvm_args: -Dfile.encoding=UTF-8 --module-path=D:\Xim\FES\2DO SEM\POO\poo2209\tareas\CifradoCesar\build\classes 
java_command: cifradocesar.CifradoCesar
java_class_path (initial): D:\Xim\FES\2DO SEM\POO\poo2209\tareas\CifradoCesar\build\classes
Launcher Type: SUN_STANDARD

[Global flags]
     intx CICompilerCount                          = 3                                         {product} {ergonomic}
     uint ConcGCThreads                            = 1                                         {product} {ergonomic}
     uint G1ConcRefinementThreads                  = 4                                         {product} {ergonomic}
   size_t G1HeapRegionSize                         = 1048576                                   {product} {ergonomic}
    uintx GCDrainStackTargetSize                   = 64                                        {product} {ergonomic}
   size_t InitialHeapSize                          = 167772160                                 {product} {ergonomic}
   size_t MarkStackSize                            = 4194304                                   {product} {ergonomic}
   size_t MaxHeapSize                              = 2663383040                                {product} {ergonomic}
   size_t MaxNewSize                               = 1598029824                                {product} {ergonomic}
   size_t MinHeapDeltaBytes                        = 1048576                                   {product} {ergonomic}
    uintx NonNMethodCodeHeapSize                   = 5830732                                {pd product} {ergonomic}
    uintx NonProfiledCodeHeapSize                  = 122913754                              {pd product} {ergonomic}
    uintx ProfiledCodeHeapSize                     = 122913754                              {pd product} {ergonomic}
    uintx ReservedCodeCacheSize                    = 251658240                              {pd product} {ergonomic}
     bool SegmentedCodeCache                       = true                                      {product} {ergonomic}
     bool UseCompressedClassPointers               = true                                 {lp64_product} {ergonomic}
     bool UseCompressedOops                        = true                                 {lp64_product} {ergonomic}
     bool UseG1GC                                  = true                                      {product} {ergonomic}
     bool UseLargePagesIndividualAllocation        = false                                  {pd product} {ergonomic}

Logging:
Log output configuration:
 #0: stdout all=warning uptime,level,tags
 #1: stderr all=off uptime,level,tags

Environment Variables:
JAVA_HOME=D:\Program Files (X86)\jdk11.0.11_9
PATH=C:\Program Files\Common Files\Oracle\Java\javapath;D:\Program Files (X86)\jdk11.0.11_9\bin;C:\Program Files\Common Files (x86)\Oracle\Java\javapath;C:\windows\system32;C:\windows;C:\windows\System32\Wbem;C:\windows\System32\WindowsPowerShell\v1.0\;C:\windows\System32\OpenSSH\;C:\Program Files\dotnet\;C:\Program Files\Microsoft SQL Server\130\Tools\Binn\;C:\Program Files (x86)\dotnet\;D:\Program Files (X86)\JAVA\bin;C:\Users\begax\AppData\Local\Microsoft\WindowsApps;C:\Users\begax\.dotnet\tools
USERNAME=begax
OS=Windows_NT
PROCESSOR_IDENTIFIER=AMD64 Family 23 Model 24 Stepping 1, AuthenticAMD



---------------  S Y S T E M  ---------------

OS: Windows 10 , 64 bit Build 18362 (10.0.18362.1500)
OS uptime: 19 days 7:56 hours

CPU:total 4 (initial active 4) (4 cores per cpu, 1 threads per core) family 23 model 24 stepping 1 microcode 0x0, cmov, cx8, fxsr, mmx, sse, sse2, sse3, ssse3, sse4.1, sse4.2, popcnt, avx, avx2, aes, clmul, mmxext, 3dnowpref, lzcnt, sse4a, tsc, tscinvbit, tscinv, bmi1, bmi2, adx, sha, 

Memory: 4k page, system-wide physical 10153M (2070M free)
TotalPageFile size 25319M (AvailPageFile size 745M)
current process WorkingSet (physical memory assigned to process): 43M, peak: 89M
current process commit charge ("private bytes"): 269M, peak: 276M

vm_info: OpenJDK 64-Bit Server VM (11.0.11+9-LTS) for windows-amd64 JRE (11.0.11+9-LTS), built on Apr 14 2021 00:00:20 by "Administrator" with MS VC++ 15.9 (VS2017)

END.
