#
# There is insufficient memory for the Java Runtime Environment to continue.
# Native memory allocation (malloc) failed to allocate 32744 bytes for ChunkPool::allocate
# Possible reasons:
#   The system is out of physical RAM or swap space
#   The process is running with CompressedOops enabled, and the Java Heap may be blocking the growth of the native heap
# Possible solutions:
#   Reduce memory load on the system
#   Increase physical memory or swap space
#   Check if swap backing store is full
#   Decrease Java heap size (-Xmx/-Xms)
#   Decrease number of Java threads
#   Decrease Java thread stack sizes (-Xss)
#   Set larger code cache with -XX:ReservedCodeCacheSize=
#   JVM is running with Zero Based Compressed Oops mode in which the Java heap is
#     placed in the first 32GB address space. The Java Heap base address is the
#     maximum limit for the native heap growth. Please use -XX:HeapBaseMinAddress
#     to set the Java Heap base and to place the Java Heap above 32GB virtual address.
# This output file may be truncated or incomplete.
#
#  Out of Memory Error (./src/hotspot/share/memory/arena.cpp:81), pid=30920, tid=31684
#
# JRE version: OpenJDK Runtime Environment Corretto-11.0.11.9.1 (11.0.11+9) (build 11.0.11+9-LTS)
# Java VM: OpenJDK 64-Bit Server VM Corretto-11.0.11.9.1 (11.0.11+9-LTS, mixed mode, tiered, compressed oops, g1 gc, windows-amd64)
# No core dump will be written. Minidumps are not enabled by default on client versions of Windows
#

---------------  S U M M A R Y ------------

Command Line: -Dfile.encoding=UTF-8 --module-path=D:\Xim\FES\2DO SEM\POO\poo2209\tareas\CifradoCesar\build\classes cifradocesar.CifradoCesar

Host: AMD Ryzen 3 3300U with Radeon Vega Mobile Gfx  , 4 cores, 9G,  Windows 10 , 64 bit Build 18362 (10.0.18362.1500)
Time: Mon May 16 16:32:33 2022 Hora de verano central (México) elapsed time: 1555.002840 seconds (0d 0h 25m 55s)

---------------  T H R E A D  ---------------

Current thread (0x000001aacf64f800):  JavaThread "C1 CompilerThread0" daemon [_thread_in_native, id=31684, stack(0x00000052ae300000,0x00000052ae400000)]


Current CompileTask:
C1:1555002 1194       3      
[error occurred during error reporting (printing current compile task), id 0xe0000001, Out of Memory Error (./src/hotspot/share/memory/arena.cpp:81)]

Stack: [0x00000052ae300000,0x00000052ae400000]
Native frames: (J=compiled Java code, j=interpreted, Vv=VM code, C=native code)
V  [jvm.dll+0x5f867a]
V  [jvm.dll+0x78124e]
V  [jvm.dll+0x78291f]
V  [jvm.dll+0x782fe3]
V  [jvm.dll+0x246e88]
V  [jvm.dll+0xbe64b]
V  [jvm.dll+0xbe9ac]
V  [jvm.dll+0x70fe5b]
V  [jvm.dll+0x70ffc9]
V  [jvm.dll+0x4ce502]
V  [jvm.dll+0x5adfb9]
V  [jvm.dll+0x21320f]
V  [jvm.dll+0x213787]
V  [jvm.dll+0x7810ec]
V  [jvm.dll+0x78291f]
V  [jvm.dll+0x782fe3]
V  [jvm.dll+0x246e88]
V  [jvm.dll+0xbe64b]
V  [jvm.dll+0xbe9ac]
V  [jvm.dll+0x127cf5]
V  [jvm.dll+0x154b41]
V  [jvm.dll+0x15155e]
V  [jvm.dll+0x13da40]
V  [jvm.dll+0x125db9]
V  [jvm.dll+0x1256bf]
V  [jvm.dll+0x1258ef]
V  [jvm.dll+0x124b97]
V  [jvm.dll+0x126aa7]
V  [jvm.dll+0x20ee67]
V  [jvm.dll+0x20d04b]
V  [jvm.dll+0x745629]
V  [jvm.dll+0x73e694]
V  [jvm.dll+0x5f74f6]
C  [ucrtbase.dll+0x210b2]
C  [KERNEL32.DLL+0x17c24]
C  [ntdll.dll+0x6d721]


---------------  P R O C E S S  ---------------

Threads class SMR info:
_java_thread_list=0x000001aad620cb00, length=16, elements={
0x000001aacecbe800, 0x000001aacecc8000, 0x000001aacf637800, 0x000001aacf639000,
0x000001aacf63d800, 0x000001aacf643000, 0x000001aacf64f800, 0x000001aacf651000,
0x000001aacec53800, 0x000001aacfbc6000, 0x000001aacfb5c000, 0x000001aacfb5d000,
0x000001aad5a3f000, 0x000001aaad2eb800, 0x000001aacff1f000, 0x000001aad56e0800
}

Java Threads: ( => current thread )
  0x000001aacecbe800 JavaThread "Reference Handler" daemon [_thread_blocked, id=31372, stack(0x00000052add00000,0x00000052ade00000)]
  0x000001aacecc8000 JavaThread "Finalizer" daemon [_thread_blocked, id=30868, stack(0x00000052ade00000,0x00000052adf00000)]
  0x000001aacf637800 JavaThread "Signal Dispatcher" daemon [_thread_blocked, id=17164, stack(0x00000052adf00000,0x00000052ae000000)]
  0x000001aacf639000 JavaThread "Attach Listener" daemon [_thread_blocked, id=11768, stack(0x00000052ae000000,0x00000052ae100000)]
  0x000001aacf63d800 JavaThread "Service Thread" daemon [_thread_blocked, id=31680, stack(0x00000052ae100000,0x00000052ae200000)]
  0x000001aacf643000 JavaThread "C2 CompilerThread0" daemon [_thread_blocked, id=31676, stack(0x00000052ae200000,0x00000052ae300000)]
=>0x000001aacf64f800 JavaThread "C1 CompilerThread0" daemon [_thread_in_native, id=31684, stack(0x00000052ae300000,0x00000052ae400000)]
  0x000001aacf651000 JavaThread "Sweeper thread" daemon [_thread_blocked, id=7904, stack(0x00000052ae400000,0x00000052ae500000)]
  0x000001aacec53800 JavaThread "Common-Cleaner" daemon [_thread_blocked, id=23312, stack(0x00000052ae500000,0x00000052ae600000)]
  0x000001aacfbc6000 JavaThread "Java2D Disposer" daemon [_thread_blocked, id=19556, stack(0x00000052ae700000,0x00000052ae800000)]
  0x000001aacfb5c000 JavaThread "AWT-Shutdown" [_thread_blocked, id=26656, stack(0x00000052ae800000,0x00000052ae900000)]
  0x000001aacfb5d000 JavaThread "AWT-Windows" daemon [_thread_in_native, id=24524, stack(0x00000052ae900000,0x00000052aea00000)]
  0x000001aad5a3f000 JavaThread "AWT-EventQueue-0" [_thread_in_vm, id=3712, stack(0x00000052af300000,0x00000052af400000)]
  0x000001aaad2eb800 JavaThread "DestroyJavaVM" [_thread_blocked, id=28708, stack(0x00000052ad600000,0x00000052ad700000)]
  0x000001aacff1f000 JavaThread "D3D Screen Updater" daemon [_thread_blocked, id=31024, stack(0x00000052af500000,0x00000052af600000)]
  0x000001aad56e0800 JavaThread "TimerQueue" daemon [_thread_blocked, id=31016, stack(0x00000052af600000,0x00000052af700000)]

Other Threads:
  0x000001aacec99000 VMThread "VM Thread" [stack: 0x00000052adc00000,0x00000052add00000] [id=19224]
  0x000001aacf89c000 WatcherThread [stack: 0x00000052ae600000,0x00000052ae700000] [id=28940]
  0x000001aaad304800 GCTaskThread "GC Thread#0" [stack: 0x00000052ad700000,0x00000052ad800000] [id=14460]
  0x000001aaad33e800 ConcurrentGCThread "G1 Main Marker" [stack: 0x00000052ad800000,0x00000052ad900000] [id=28476]
  0x000001aaad340000 ConcurrentGCThread "G1 Conc#0" [stack: 0x00000052ad900000,0x00000052ada00000] [id=26152]
  0x000001aaad3be000 ConcurrentGCThread "G1 Refine#0" [stack: 0x00000052ada00000,0x00000052adb00000] [id=31004]
  0x000001aaceb00800 ConcurrentGCThread "G1 Young RemSet Sampling" [stack: 0x00000052adb00000,0x00000052adc00000] [id=8056]

Threads with active compile tasks:
C1 CompilerThread01555193 1194       3       java.lang.invoke.TypeConvertingMethodAdapter::convertType (299 bytes)

VM state:not at safepoint (normal execution)

VM Mutex/Monitor currently owned by a thread: None

Heap address: 0x0000000761400000, size: 2540 MB, Compressed Oops mode: Zero based, Oop shift amount: 3
Narrow klass base: 0x0000000800000000, Narrow klass shift: 0
Compressed class space size: 1073741824 Address: 0x0000000800000000

Heap:
 garbage-first heap   total 163840K, used 13312K [0x0000000761400000, 0x0000000800000000)
  region size 1024K, 14 young (14336K), 0 survivors (0K)
 Metaspace       used 16293K, capacity 16763K, committed 16896K, reserved 1064960K
  class space    used 1784K, capacity 2029K, committed 2048K, reserved 1048576K
Heap Regions: E=young(eden), S=young(survivor), O=old, HS=humongous(starts), HC=humongous(continues), CS=collection set, F=free, A=archive, TAMS=top-at-mark-start (previous, next)
|   0|0x0000000761400000, 0x0000000761400000, 0x0000000761500000|  0%| F|  |TAMS 0x0000000761400000, 0x0000000761400000| Untracked 
|   1|0x0000000761500000, 0x0000000761500000, 0x0000000761600000|  0%| F|  |TAMS 0x0000000761500000, 0x0000000761500000| Untracked 
|   2|0x0000000761600000, 0x0000000761600000, 0x0000000761700000|  0%| F|  |TAMS 0x0000000761600000, 0x0000000761600000| Untracked 
|   3|0x0000000761700000, 0x0000000761700000, 0x0000000761800000|  0%| F|  |TAMS 0x0000000761700000, 0x0000000761700000| Untracked 
|   4|0x0000000761800000, 0x0000000761800000, 0x0000000761900000|  0%| F|  |TAMS 0x0000000761800000, 0x0000000761800000| Untracked 
|   5|0x0000000761900000, 0x0000000761900000, 0x0000000761a00000|  0%| F|  |TAMS 0x0000000761900000, 0x0000000761900000| Untracked 
|   6|0x0000000761a00000, 0x0000000761a00000, 0x0000000761b00000|  0%| F|  |TAMS 0x0000000761a00000, 0x0000000761a00000| Untracked 
|   7|0x0000000761b00000, 0x0000000761b00000, 0x0000000761c00000|  0%| F|  |TAMS 0x0000000761b00000, 0x0000000761b00000| Untracked 
|   8|0x0000000761c00000, 0x0000000761c00000, 0x0000000761d00000|  0%| F|  |TAMS 0x0000000761c00000, 0x0000000761c00000| Untracked 
|   9|0x0000000761d00000, 0x0000000761d00000, 0x0000000761e00000|  0%| F|  |TAMS 0x0000000761d00000, 0x0000000761d00000| Untracked 
|  10|0x0000000761e00000, 0x0000000761e00000, 0x0000000761f00000|  0%| F|  |TAMS 0x0000000761e00000, 0x0000000761e00000| Untracked 
|  11|0x0000000761f00000, 0x0000000761f00000, 0x0000000762000000|  0%| F|  |TAMS 0x0000000761f00000, 0x0000000761f00000| Untracked 
|  12|0x0000000762000000, 0x0000000762000000, 0x0000000762100000|  0%| F|  |TAMS 0x0000000762000000, 0x0000000762000000| Untracked 
|  13|0x0000000762100000, 0x0000000762100000, 0x0000000762200000|  0%| F|  |TAMS 0x0000000762100000, 0x0000000762100000| Untracked 
|  14|0x0000000762200000, 0x0000000762200000, 0x0000000762300000|  0%| F|  |TAMS 0x0000000762200000, 0x0000000762200000| Untracked 
|  15|0x0000000762300000, 0x0000000762300000, 0x0000000762400000|  0%| F|  |TAMS 0x0000000762300000, 0x0000000762300000| Untracked 
|  16|0x0000000762400000, 0x0000000762400000, 0x0000000762500000|  0%| F|  |TAMS 0x0000000762400000, 0x0000000762400000| Untracked 
|  17|0x0000000762500000, 0x0000000762500000, 0x0000000762600000|  0%| F|  |TAMS 0x0000000762500000, 0x0000000762500000| Untracked 
|  18|0x0000000762600000, 0x0000000762600000, 0x0000000762700000|  0%| F|  |TAMS 0x0000000762600000, 0x0000000762600000| Untracked 
|  19|0x0000000762700000, 0x0000000762700000, 0x0000000762800000|  0%| F|  |TAMS 0x0000000762700000, 0x0000000762700000| Untracked 
|  20|0x0000000762800000, 0x0000000762800000, 0x0000000762900000|  0%| F|  |TAMS 0x0000000762800000, 0x0000000762800000| Untracked 
|  21|0x0000000762900000, 0x0000000762900000, 0x0000000762a00000|  0%| F|  |TAMS 0x0000000762900000, 0x0000000762900000| Untracked 
|  22|0x0000000762a00000, 0x0000000762a00000, 0x0000000762b00000|  0%| F|  |TAMS 0x0000000762a00000, 0x0000000762a00000| Untracked 
|  23|0x0000000762b00000, 0x0000000762b00000, 0x0000000762c00000|  0%| F|  |TAMS 0x0000000762b00000, 0x0000000762b00000| Untracked 
|  24|0x0000000762c00000, 0x0000000762c00000, 0x0000000762d00000|  0%| F|  |TAMS 0x0000000762c00000, 0x0000000762c00000| Untracked 
|  25|0x0000000762d00000, 0x0000000762d00000, 0x0000000762e00000|  0%| F|  |TAMS 0x0000000762d00000, 0x0000000762d00000| Untracked 
|  26|0x0000000762e00000, 0x0000000762e00000, 0x0000000762f00000|  0%| F|  |TAMS 0x0000000762e00000, 0x0000000762e00000| Untracked 
|  27|0x0000000762f00000, 0x0000000762f00000, 0x0000000763000000|  0%| F|  |TAMS 0x0000000762f00000, 0x0000000762f00000| Untracked 
|  28|0x0000000763000000, 0x0000000763000000, 0x0000000763100000|  0%| F|  |TAMS 0x0000000763000000, 0x0000000763000000| Untracked 
|  29|0x0000000763100000, 0x0000000763100000, 0x0000000763200000|  0%| F|  |TAMS 0x0000000763100000, 0x0000000763100000| Untracked 
|  30|0x0000000763200000, 0x0000000763200000, 0x0000000763300000|  0%| F|  |TAMS 0x0000000763200000, 0x0000000763200000| Untracked 
|  31|0x0000000763300000, 0x0000000763300000, 0x0000000763400000|  0%| F|  |TAMS 0x0000000763300000, 0x0000000763300000| Untracked 
|  32|0x0000000763400000, 0x0000000763400000, 0x0000000763500000|  0%| F|  |TAMS 0x0000000763400000, 0x0000000763400000| Untracked 
|  33|0x0000000763500000, 0x0000000763500000, 0x0000000763600000|  0%| F|  |TAMS 0x0000000763500000, 0x0000000763500000| Untracked 
|  34|0x0000000763600000, 0x0000000763600000, 0x0000000763700000|  0%| F|  |TAMS 0x0000000763600000, 0x0000000763600000| Untracked 
|  35|0x0000000763700000, 0x0000000763700000, 0x0000000763800000|  0%| F|  |TAMS 0x0000000763700000, 0x0000000763700000| Untracked 
|  36|0x0000000763800000, 0x0000000763800000, 0x0000000763900000|  0%| F|  |TAMS 0x0000000763800000, 0x0000000763800000| Untracked 
|  37|0x0000000763900000, 0x0000000763900000, 0x0000000763a00000|  0%| F|  |TAMS 0x0000000763900000, 0x0000000763900000| Untracked 
|  38|0x0000000763a00000, 0x0000000763a00000, 0x0000000763b00000|  0%| F|  |TAMS 0x0000000763a00000, 0x0000000763a00000| Untracked 
|  39|0x0000000763b00000, 0x0000000763b00000, 0x0000000763c00000|  0%| F|  |TAMS 0x0000000763b00000, 0x0000000763b00000| Untracked 
|  40|0x0000000763c00000, 0x0000000763c00000, 0x0000000763d00000|  0%| F|  |TAMS 0x0000000763c00000, 0x0000000763c00000| Untracked 
|  41|0x0000000763d00000, 0x0000000763d00000, 0x0000000763e00000|  0%| F|  |TAMS 0x0000000763d00000, 0x0000000763d00000| Untracked 
|  42|0x0000000763e00000, 0x0000000763e00000, 0x0000000763f00000|  0%| F|  |TAMS 0x0000000763e00000, 0x0000000763e00000| Untracked 
|  43|0x0000000763f00000, 0x0000000763f00000, 0x0000000764000000|  0%| F|  |TAMS 0x0000000763f00000, 0x0000000763f00000| Untracked 
|  44|0x0000000764000000, 0x0000000764000000, 0x0000000764100000|  0%| F|  |TAMS 0x0000000764000000, 0x0000000764000000| Untracked 
|  45|0x0000000764100000, 0x0000000764100000, 0x0000000764200000|  0%| F|  |TAMS 0x0000000764100000, 0x0000000764100000| Untracked 
|  46|0x0000000764200000, 0x0000000764200000, 0x0000000764300000|  0%| F|  |TAMS 0x0000000764200000, 0x0000000764200000| Untracked 
|  47|0x0000000764300000, 0x0000000764300000, 0x0000000764400000|  0%| F|  |TAMS 0x0000000764300000, 0x0000000764300000| Untracked 
|  48|0x0000000764400000, 0x0000000764400000, 0x0000000764500000|  0%| F|  |TAMS 0x0000000764400000, 0x0000000764400000| Untracked 
|  49|0x0000000764500000, 0x0000000764500000, 0x0000000764600000|  0%| F|  |TAMS 0x0000000764500000, 0x0000000764500000| Untracked 
|  50|0x0000000764600000, 0x0000000764600000, 0x0000000764700000|  0%| F|  |TAMS 0x0000000764600000, 0x0000000764600000| Untracked 
|  51|0x0000000764700000, 0x0000000764700000, 0x0000000764800000|  0%| F|  |TAMS 0x0000000764700000, 0x0000000764700000| Untracked 
|  52|0x0000000764800000, 0x0000000764800000, 0x0000000764900000|  0%| F|  |TAMS 0x0000000764800000, 0x0000000764800000| Untracked 
|  53|0x0000000764900000, 0x0000000764900000, 0x0000000764a00000|  0%| F|  |TAMS 0x0000000764900000, 0x0000000764900000| Untracked 
|  54|0x0000000764a00000, 0x0000000764a00000, 0x0000000764b00000|  0%| F|  |TAMS 0x0000000764a00000, 0x0000000764a00000| Untracked 
|  55|0x0000000764b00000, 0x0000000764b00000, 0x0000000764c00000|  0%| F|  |TAMS 0x0000000764b00000, 0x0000000764b00000| Untracked 
|  56|0x0000000764c00000, 0x0000000764c00000, 0x0000000764d00000|  0%| F|  |TAMS 0x0000000764c00000, 0x0000000764c00000| Untracked 
|  57|0x0000000764d00000, 0x0000000764d00000, 0x0000000764e00000|  0%| F|  |TAMS 0x0000000764d00000, 0x0000000764d00000| Untracked 
|  58|0x0000000764e00000, 0x0000000764e00000, 0x0000000764f00000|  0%| F|  |TAMS 0x0000000764e00000, 0x0000000764e00000| Untracked 
|  59|0x0000000764f00000, 0x0000000764f00000, 0x0000000765000000|  0%| F|  |TAMS 0x0000000764f00000, 0x0000000764f00000| Untracked 
|  60|0x0000000765000000, 0x0000000765000000, 0x0000000765100000|  0%| F|  |TAMS 0x0000000765000000, 0x0000000765000000| Untracked 
|  61|0x0000000765100000, 0x0000000765100000, 0x0000000765200000|  0%| F|  |TAMS 0x0000000765100000, 0x0000000765100000| Untracked 
|  62|0x0000000765200000, 0x0000000765200000, 0x0000000765300000|  0%| F|  |TAMS 0x0000000765200000, 0x0000000765200000| Untracked 
|  63|0x0000000765300000, 0x0000000765300000, 0x0000000765400000|  0%| F|  |TAMS 0x0000000765300000, 0x0000000765300000| Untracked 
|  64|0x0000000765400000, 0x0000000765400000, 0x0000000765500000|  0%| F|  |TAMS 0x0000000765400000, 0x0000000765400000| Untracked 
|  65|0x0000000765500000, 0x0000000765500000, 0x0000000765600000|  0%| F|  |TAMS 0x0000000765500000, 0x0000000765500000| Untracked 
|  66|0x0000000765600000, 0x0000000765600000, 0x0000000765700000|  0%| F|  |TAMS 0x0000000765600000, 0x0000000765600000| Untracked 
|  67|0x0000000765700000, 0x0000000765700000, 0x0000000765800000|  0%| F|  |TAMS 0x0000000765700000, 0x0000000765700000| Untracked 
|  68|0x0000000765800000, 0x0000000765800000, 0x0000000765900000|  0%| F|  |TAMS 0x0000000765800000, 0x0000000765800000| Untracked 
|  69|0x0000000765900000, 0x0000000765900000, 0x0000000765a00000|  0%| F|  |TAMS 0x0000000765900000, 0x0000000765900000| Untracked 
|  70|0x0000000765a00000, 0x0000000765a00000, 0x0000000765b00000|  0%| F|  |TAMS 0x0000000765a00000, 0x0000000765a00000| Untracked 
|  71|0x0000000765b00000, 0x0000000765b00000, 0x0000000765c00000|  0%| F|  |TAMS 0x0000000765b00000, 0x0000000765b00000| Untracked 
|  72|0x0000000765c00000, 0x0000000765c00000, 0x0000000765d00000|  0%| F|  |TAMS 0x0000000765c00000, 0x0000000765c00000| Untracked 
|  73|0x0000000765d00000, 0x0000000765d00000, 0x0000000765e00000|  0%| F|  |TAMS 0x0000000765d00000, 0x0000000765d00000| Untracked 
|  74|0x0000000765e00000, 0x0000000765e00000, 0x0000000765f00000|  0%| F|  |TAMS 0x0000000765e00000, 0x0000000765e00000| Untracked 
|  75|0x0000000765f00000, 0x0000000765f00000, 0x0000000766000000|  0%| F|  |TAMS 0x0000000765f00000, 0x0000000765f00000| Untracked 
|  76|0x0000000766000000, 0x0000000766000000, 0x0000000766100000|  0%| F|  |TAMS 0x0000000766000000, 0x0000000766000000| Untracked 
|  77|0x0000000766100000, 0x0000000766100000, 0x0000000766200000|  0%| F|  |TAMS 0x0000000766100000, 0x0000000766100000| Untracked 
|  78|0x0000000766200000, 0x0000000766200000, 0x0000000766300000|  0%| F|  |TAMS 0x0000000766200000, 0x0000000766200000| Untracked 
|  79|0x0000000766300000, 0x0000000766300000, 0x0000000766400000|  0%| F|  |TAMS 0x0000000766300000, 0x0000000766300000| Untracked 
|  80|0x0000000766400000, 0x0000000766400000, 0x0000000766500000|  0%| F|  |TAMS 0x0000000766400000, 0x0000000766400000| Untracked 
|  81|0x0000000766500000, 0x0000000766500000, 0x0000000766600000|  0%| F|  |TAMS 0x0000000766500000, 0x0000000766500000| Untracked 
|  82|0x0000000766600000, 0x0000000766600000, 0x0000000766700000|  0%| F|  |TAMS 0x0000000766600000, 0x0000000766600000| Untracked 
|  83|0x0000000766700000, 0x0000000766700000, 0x0000000766800000|  0%| F|  |TAMS 0x0000000766700000, 0x0000000766700000| Untracked 
|  84|0x0000000766800000, 0x0000000766800000, 0x0000000766900000|  0%| F|  |TAMS 0x0000000766800000, 0x0000000766800000| Untracked 
|  85|0x0000000766900000, 0x0000000766900000, 0x0000000766a00000|  0%| F|  |TAMS 0x0000000766900000, 0x0000000766900000| Untracked 
|  86|0x0000000766a00000, 0x0000000766a00000, 0x0000000766b00000|  0%| F|  |TAMS 0x0000000766a00000, 0x0000000766a00000| Untracked 
|  87|0x0000000766b00000, 0x0000000766b00000, 0x0000000766c00000|  0%| F|  |TAMS 0x0000000766b00000, 0x0000000766b00000| Untracked 
|  88|0x0000000766c00000, 0x0000000766c00000, 0x0000000766d00000|  0%| F|  |TAMS 0x0000000766c00000, 0x0000000766c00000| Untracked 
|  89|0x0000000766d00000, 0x0000000766d00000, 0x0000000766e00000|  0%| F|  |TAMS 0x0000000766d00000, 0x0000000766d00000| Untracked 
|  90|0x0000000766e00000, 0x0000000766e00000, 0x0000000766f00000|  0%| F|  |TAMS 0x0000000766e00000, 0x0000000766e00000| Untracked 
|  91|0x0000000766f00000, 0x0000000766f00000, 0x0000000767000000|  0%| F|  |TAMS 0x0000000766f00000, 0x0000000766f00000| Untracked 
|  92|0x0000000767000000, 0x0000000767000000, 0x0000000767100000|  0%| F|  |TAMS 0x0000000767000000, 0x0000000767000000| Untracked 
|  93|0x0000000767100000, 0x0000000767100000, 0x0000000767200000|  0%| F|  |TAMS 0x0000000767100000, 0x0000000767100000| Untracked 
|  94|0x0000000767200000, 0x0000000767200000, 0x0000000767300000|  0%| F|  |TAMS 0x0000000767200000, 0x0000000767200000| Untracked 
|  95|0x0000000767300000, 0x0000000767300000, 0x0000000767400000|  0%| F|  |TAMS 0x0000000767300000, 0x0000000767300000| Untracked 
|  96|0x0000000767400000, 0x0000000767400000, 0x0000000767500000|  0%| F|  |TAMS 0x0000000767400000, 0x0000000767400000| Untracked 
|  97|0x0000000767500000, 0x0000000767500000, 0x0000000767600000|  0%| F|  |TAMS 0x0000000767500000, 0x0000000767500000| Untracked 
|  98|0x0000000767600000, 0x0000000767600000, 0x0000000767700000|  0%| F|  |TAMS 0x0000000767600000, 0x0000000767600000| Untracked 
|  99|0x0000000767700000, 0x0000000767700000, 0x0000000767800000|  0%| F|  |TAMS 0x0000000767700000, 0x0000000767700000| Untracked 
| 100|0x0000000767800000, 0x0000000767800000, 0x0000000767900000|  0%| F|  |TAMS 0x0000000767800000, 0x0000000767800000| Untracked 
| 101|0x0000000767900000, 0x0000000767900000, 0x0000000767a00000|  0%| F|  |TAMS 0x0000000767900000, 0x0000000767900000| Untracked 
| 102|0x0000000767a00000, 0x0000000767a00000, 0x0000000767b00000|  0%| F|  |TAMS 0x0000000767a00000, 0x0000000767a00000| Untracked 
| 103|0x0000000767b00000, 0x0000000767b00000, 0x0000000767c00000|  0%| F|  |TAMS 0x0000000767b00000, 0x0000000767b00000| Untracked 
| 104|0x0000000767c00000, 0x0000000767c00000, 0x0000000767d00000|  0%| F|  |TAMS 0x0000000767c00000, 0x0000000767c00000| Untracked 
| 105|0x0000000767d00000, 0x0000000767d00000, 0x0000000767e00000|  0%| F|  |TAMS 0x0000000767d00000, 0x0000000767d00000| Untracked 
| 106|0x0000000767e00000, 0x0000000767e00000, 0x0000000767f00000|  0%| F|  |TAMS 0x0000000767e00000, 0x0000000767e00000| Untracked 
| 107|0x0000000767f00000, 0x0000000767f00000, 0x0000000768000000|  0%| F|  |TAMS 0x0000000767f00000, 0x0000000767f00000| Untracked 
| 108|0x0000000768000000, 0x0000000768000000, 0x0000000768100000|  0%| F|  |TAMS 0x0000000768000000, 0x0000000768000000| Untracked 
| 109|0x0000000768100000, 0x0000000768100000, 0x0000000768200000|  0%| F|  |TAMS 0x0000000768100000, 0x0000000768100000| Untracked 
| 110|0x0000000768200000, 0x0000000768200000, 0x0000000768300000|  0%| F|  |TAMS 0x0000000768200000, 0x0000000768200000| Untracked 
| 111|0x0000000768300000, 0x0000000768300000, 0x0000000768400000|  0%| F|  |TAMS 0x0000000768300000, 0x0000000768300000| Untracked 
| 112|0x0000000768400000, 0x0000000768400000, 0x0000000768500000|  0%| F|  |TAMS 0x0000000768400000, 0x0000000768400000| Untracked 
| 113|0x0000000768500000, 0x0000000768500000, 0x0000000768600000|  0%| F|  |TAMS 0x0000000768500000, 0x0000000768500000| Untracked 
| 114|0x0000000768600000, 0x0000000768600000, 0x0000000768700000|  0%| F|  |TAMS 0x0000000768600000, 0x0000000768600000| Untracked 
| 115|0x0000000768700000, 0x0000000768700000, 0x0000000768800000|  0%| F|  |TAMS 0x0000000768700000, 0x0000000768700000| Untracked 
| 116|0x0000000768800000, 0x0000000768800000, 0x0000000768900000|  0%| F|  |TAMS 0x0000000768800000, 0x0000000768800000| Untracked 
| 117|0x0000000768900000, 0x0000000768900000, 0x0000000768a00000|  0%| F|  |TAMS 0x0000000768900000, 0x0000000768900000| Untracked 
| 118|0x0000000768a00000, 0x0000000768a00000, 0x0000000768b00000|  0%| F|  |TAMS 0x0000000768a00000, 0x0000000768a00000| Untracked 
| 119|0x0000000768b00000, 0x0000000768b00000, 0x0000000768c00000|  0%| F|  |TAMS 0x0000000768b00000, 0x0000000768b00000| Untracked 
| 120|0x0000000768c00000, 0x0000000768c00000, 0x0000000768d00000|  0%| F|  |TAMS 0x0000000768c00000, 0x0000000768c00000| Untracked 
| 121|0x0000000768d00000, 0x0000000768d00000, 0x0000000768e00000|  0%| F|  |TAMS 0x0000000768d00000, 0x0000000768d00000| Untracked 
| 122|0x0000000768e00000, 0x0000000768e00000, 0x0000000768f00000|  0%| F|  |TAMS 0x0000000768e00000, 0x0000000768e00000| Untracked 
| 123|0x0000000768f00000, 0x0000000768f00000, 0x0000000769000000|  0%| F|  |TAMS 0x0000000768f00000, 0x0000000768f00000| Untracked 
| 124|0x0000000769000000, 0x0000000769000000, 0x0000000769100000|  0%| F|  |TAMS 0x0000000769000000, 0x0000000769000000| Untracked 
| 125|0x0000000769100000, 0x0000000769100000, 0x0000000769200000|  0%| F|  |TAMS 0x0000000769100000, 0x0000000769100000| Untracked 
| 126|0x0000000769200000, 0x0000000769200000, 0x0000000769300000|  0%| F|  |TAMS 0x0000000769200000, 0x0000000769200000| Untracked 
| 127|0x0000000769300000, 0x0000000769300000, 0x0000000769400000|  0%| F|  |TAMS 0x0000000769300000, 0x0000000769300000| Untracked 
| 128|0x0000000769400000, 0x0000000769400000, 0x0000000769500000|  0%| F|  |TAMS 0x0000000769400000, 0x0000000769400000| Untracked 
| 129|0x0000000769500000, 0x0000000769500000, 0x0000000769600000|  0%| F|  |TAMS 0x0000000769500000, 0x0000000769500000| Untracked 
| 130|0x0000000769600000, 0x0000000769600000, 0x0000000769700000|  0%| F|  |TAMS 0x0000000769600000, 0x0000000769600000| Untracked 
| 131|0x0000000769700000, 0x0000000769700000, 0x0000000769800000|  0%| F|  |TAMS 0x0000000769700000, 0x0000000769700000| Untracked 
| 132|0x0000000769800000, 0x0000000769800000, 0x0000000769900000|  0%| F|  |TAMS 0x0000000769800000, 0x0000000769800000| Untracked 
| 133|0x0000000769900000, 0x0000000769900000, 0x0000000769a00000|  0%| F|  |TAMS 0x0000000769900000, 0x0000000769900000| Untracked 
| 134|0x0000000769a00000, 0x0000000769a00000, 0x0000000769b00000|  0%| F|  |TAMS 0x0000000769a00000, 0x0000000769a00000| Untracked 
| 135|0x0000000769b00000, 0x0000000769b00000, 0x0000000769c00000|  0%| F|  |TAMS 0x0000000769b00000, 0x0000000769b00000| Untracked 
| 136|0x0000000769c00000, 0x0000000769c00000, 0x0000000769d00000|  0%| F|  |TAMS 0x0000000769c00000, 0x0000000769c00000| Untracked 
| 137|0x0000000769d00000, 0x0000000769d00000, 0x0000000769e00000|  0%| F|  |TAMS 0x0000000769d00000, 0x0000000769d00000| Untracked 
| 138|0x0000000769e00000, 0x0000000769e00000, 0x0000000769f00000|  0%| F|  |TAMS 0x0000000769e00000, 0x0000000769e00000| Untracked 
| 139|0x0000000769f00000, 0x0000000769f00000, 0x000000076a000000|  0%| F|  |TAMS 0x0000000769f00000, 0x0000000769f00000| Untracked 
| 140|0x000000076a000000, 0x000000076a000000, 0x000000076a100000|  0%| F|  |TAMS 0x000000076a000000, 0x000000076a000000| Untracked 
| 141|0x000000076a100000, 0x000000076a100000, 0x000000076a200000|  0%| F|  |TAMS 0x000000076a100000, 0x000000076a100000| Untracked 
| 142|0x000000076a200000, 0x000000076a200000, 0x000000076a300000|  0%| F|  |TAMS 0x000000076a200000, 0x000000076a200000| Untracked 
| 143|0x000000076a300000, 0x000000076a300000, 0x000000076a400000|  0%| F|  |TAMS 0x000000076a300000, 0x000000076a300000| Untracked 
| 144|0x000000076a400000, 0x000000076a400000, 0x000000076a500000|  0%| F|  |TAMS 0x000000076a400000, 0x000000076a400000| Untracked 
| 145|0x000000076a500000, 0x000000076a500000, 0x000000076a600000|  0%| F|  |TAMS 0x000000076a500000, 0x000000076a500000| Untracked 
| 146|0x000000076a600000, 0x000000076a6482f0, 0x000000076a700000| 28%| E|  |TAMS 0x000000076a600000, 0x000000076a600000| Complete 
| 147|0x000000076a700000, 0x000000076a800000, 0x000000076a800000|100%| E|CS|TAMS 0x000000076a700000, 0x000000076a700000| Complete 
| 148|0x000000076a800000, 0x000000076a900000, 0x000000076a900000|100%| E|CS|TAMS 0x000000076a800000, 0x000000076a800000| Complete 
| 149|0x000000076a900000, 0x000000076aa00000, 0x000000076aa00000|100%| E|CS|TAMS 0x000000076a900000, 0x000000076a900000| Complete 
| 150|0x000000076aa00000, 0x000000076ab00000, 0x000000076ab00000|100%| E|CS|TAMS 0x000000076aa00000, 0x000000076aa00000| Complete 
| 151|0x000000076ab00000, 0x000000076ac00000, 0x000000076ac00000|100%| E|CS|TAMS 0x000000076ab00000, 0x000000076ab00000| Complete 
| 152|0x000000076ac00000, 0x000000076ad00000, 0x000000076ad00000|100%| E|CS|TAMS 0x000000076ac00000, 0x000000076ac00000| Complete 
| 153|0x000000076ad00000, 0x000000076ae00000, 0x000000076ae00000|100%| E|CS|TAMS 0x000000076ad00000, 0x000000076ad00000| Complete 
| 154|0x000000076ae00000, 0x000000076af00000, 0x000000076af00000|100%| E|CS|TAMS 0x000000076ae00000, 0x000000076ae00000| Complete 
| 155|0x000000076af00000, 0x000000076b000000, 0x000000076b000000|100%| E|CS|TAMS 0x000000076af00000, 0x000000076af00000| Complete 
| 156|0x000000076b000000, 0x000000076b100000, 0x000000076b100000|100%| E|CS|TAMS 0x000000076b000000, 0x000000076b000000| Complete 
| 157|0x000000076b100000, 0x000000076b200000, 0x000000076b200000|100%| E|CS|TAMS 0x000000076b100000, 0x000000076b100000| Complete 
| 158|0x000000076b200000, 0x000000076b300000, 0x000000076b300000|100%| E|CS|TAMS 0x000000076b200000, 0x000000076b200000| Complete 
| 159|0x000000076b300000, 0x000000076b400000, 0x000000076b400000|100%| E|CS|TAMS 0x000000076b300000, 0x000000076b300000| Complete 

Card table byte_map: [0x000001aac6d30000,0x000001aac7230000] _byte_map_base: 0x000001aac3226000

Marking Bits (Prev, Next): (CMBitMap*) 0x000001aaad333d68, (CMBitMap*) 0x000001aaad333da0
 Prev Bits: [0x000001aac7730000, 0x000001aac9ee0000)
 Next Bits: [0x000001aac9ee0000, 0x000001aacc690000)

Polling page: 0x000001aaad0a0000

Metaspace:

Usage:
  Non-class:     14.39 MB capacity,    14.17 MB ( 98%) used,   175.10 KB (  1%) free+waste,    49.75 KB ( <1%) overhead. 
      Class:      1.98 MB capacity,     1.74 MB ( 88%) used,   217.72 KB ( 11%) free+waste,    27.00 KB (  1%) overhead. 
       Both:     16.37 MB capacity,    15.91 MB ( 97%) used,   392.82 KB (  2%) free+waste,    76.75 KB ( <1%) overhead. 

Virtual space:
  Non-class space:       16.00 MB reserved,      14.50 MB ( 91%) committed 
      Class space:        1.00 GB reserved,       2.00 MB ( <1%) committed 
             Both:        1.02 GB reserved,      16.50 MB (  2%) committed 

Chunk freelists:
   Non-Class:  50.00 KB
       Class:  19.00 KB
        Both:  69.00 KB

MaxMetaspaceSize: 17179869184.00 GB
CompressedClassSpaceSize: 1.00 GB

CodeHeap 'non-profiled nmethods': size=120064Kb used=458Kb max_used=458Kb free=119605Kb
 bounds [0x000001aabecd0000, 0x000001aabef40000, 0x000001aac6210000]
CodeHeap 'profiled nmethods': size=120000Kb used=1935Kb max_used=1935Kb free=118064Kb
 bounds [0x000001aab77a0000, 0x000001aab7a10000, 0x000001aabecd0000]
CodeHeap 'non-nmethods': size=5696Kb used=1230Kb max_used=1269Kb free=4465Kb
 bounds [0x000001aab7210000, 0x000001aab7480000, 0x000001aab77a0000]
 total_blobs=1796 nmethods=1193 adapters=515
 compilation: enabled
              stopped_count=0, restarted_count=0
 full_count=0

Compilation events (20 events):
Event: 6.695 Thread 0x000001aacf64f800 nmethod 1182 0x000001aab7982710 code [0x000001aab7982900, 0x000001aab7982e78]
Event: 22.250 Thread 0x000001aacf643000 1184       4       java.util.Arrays::copyOf (40 bytes)
Event: 22.254 Thread 0x000001aacf643000 nmethod 1184 0x000001aabed40190 code [0x000001aabed40340, 0x000001aabed40798]
Event: 25.160 Thread 0x000001aacf64f800 1185       3       sun.java2d.d3d.D3DSurfaceData$D3DWindowSurfaceData::isDirty (18 bytes)
Event: 25.160 Thread 0x000001aacf64f800 nmethod 1185 0x000001aab7982f90 code [0x000001aab7983160, 0x000001aab7983388]
Event: 25.160 Thread 0x000001aacf64f800 1186       3       sun.java2d.StateTrackableDelegate$1::isCurrent (17 bytes)
Event: 25.161 Thread 0x000001aacf64f800 nmethod 1186 0x000001aab7983490 code [0x000001aab7983640, 0x000001aab79837b8]
Event: 35.193 Thread 0x000001aacf643000 1187       4       java.util.Arrays::copyOf (40 bytes)
Event: 35.198 Thread 0x000001aacf643000 nmethod 1187 0x000001aabed40a10 code [0x000001aabed40bc0, 0x000001aabed41078]
Event: 520.100 Thread 0x000001aacf643000 1188       4       java.util.ArrayList::toArray (57 bytes)
Event: 520.105 Thread 0x000001aacf643000 nmethod 1188 0x000001aabed41310 code [0x000001aabed414a0, 0x000001aabed417f8]
Event: 533.040 Thread 0x000001aacf643000 1189       4       java.util.ArrayList::toArray (57 bytes)
Event: 533.047 Thread 0x000001aacf643000 nmethod 1189 0x000001aabed41990 code [0x000001aabed41b20, 0x000001aabed41f78]
Event: 538.569 Thread 0x000001aacf643000 1190       4       sun.java2d.d3d.D3DSurfaceData$D3DWindowSurfaceData::isDirty (18 bytes)
Event: 538.570 Thread 0x000001aacf643000 nmethod 1190 0x000001aabed42110 code [0x000001aabed422a0, 0x000001aabed42358]
Event: 538.570 Thread 0x000001aacf643000 1191       4       sun.java2d.StateTrackableDelegate$1::isCurrent (17 bytes)
Event: 538.572 Thread 0x000001aacf643000 nmethod 1191 0x000001aabed42490 code [0x000001aabed42620, 0x000001aabed426b8]
Event: 1554.610 Thread 0x000001aacf64f800 1192       3       jdk.internal.reflect.ReflectionFactory::langReflectAccess (15 bytes)
Event: 1554.610 Thread 0x000001aacf64f800 nmethod 1192 0x000001aab7983890 code [0x000001aab7983a40, 0x000001aab7983bf8]
Event: 1554.998 Thread 0x000001aacf64f800 1194       3       java.lang.invoke.TypeConvertingMethodAdapter::convertType (299 bytes)

GC Heap History (0 events):
No events

Deoptimization events (20 events):
Event: 0.775 Thread 0x000001aaad2eb800 Uncommon trap: trap_request=0xffffffde fr.pc=0x000001aabecdb768 relative=0x00000000000001c8
Event: 0.775 Thread 0x000001aaad2eb800 Uncommon trap: reason=class_check action=maybe_recompile pc=0x000001aabecdb768 method=java.lang.String.equals(Ljava/lang/Object;)Z @ 8 c2
Event: 0.775 Thread 0x000001aaad2eb800 DEOPT PACKING pc=0x000001aabecdb768 sp=0x00000052ad6fdfb0
Event: 0.775 Thread 0x000001aaad2eb800 DEOPT UNPACKING pc=0x000001aab72368af sp=0x00000052ad6fdf58 mode 2
Event: 0.776 Thread 0x000001aaad2eb800 Uncommon trap: trap_request=0xffffffde fr.pc=0x000001aabecdb768 relative=0x00000000000001c8
Event: 0.776 Thread 0x000001aaad2eb800 Uncommon trap: reason=class_check action=maybe_recompile pc=0x000001aabecdb768 method=java.lang.String.equals(Ljava/lang/Object;)Z @ 8 c2
Event: 0.776 Thread 0x000001aaad2eb800 DEOPT PACKING pc=0x000001aabecdb768 sp=0x00000052ad6fe1b0
Event: 0.776 Thread 0x000001aaad2eb800 DEOPT UNPACKING pc=0x000001aab72368af sp=0x00000052ad6fe158 mode 2
Event: 0.776 Thread 0x000001aaad2eb800 Uncommon trap: trap_request=0xffffffde fr.pc=0x000001aabecdb768 relative=0x00000000000001c8
Event: 0.776 Thread 0x000001aaad2eb800 Uncommon trap: reason=class_check action=maybe_recompile pc=0x000001aabecdb768 method=java.lang.String.equals(Ljava/lang/Object;)Z @ 8 c2
Event: 0.776 Thread 0x000001aaad2eb800 DEOPT PACKING pc=0x000001aabecdb768 sp=0x00000052ad6fe870
Event: 0.776 Thread 0x000001aaad2eb800 DEOPT UNPACKING pc=0x000001aab72368af sp=0x00000052ad6fe818 mode 2
Event: 22.349 Thread 0x000001aacff1f000 Uncommon trap: trap_request=0xffffffcc fr.pc=0x000001aabed40670 relative=0x0000000000000330
Event: 22.350 Thread 0x000001aacff1f000 Uncommon trap: reason=intrinsic_or_type_checked_inlining action=make_not_entrant pc=0x000001aabed40670 method=java.util.Arrays.copyOf([Ljava/lang/Object;ILjava/lang/Class;)[Ljava/lang/Object; @ 35 c2
Event: 22.350 Thread 0x000001aacff1f000 DEOPT PACKING pc=0x000001aabed40670 sp=0x00000052af5ff1a0
Event: 22.350 Thread 0x000001aacff1f000 DEOPT UNPACKING pc=0x000001aab72368af sp=0x00000052af5ff130 mode 2
Event: 520.201 Thread 0x000001aacff1f000 Uncommon trap: trap_request=0xffffffdc fr.pc=0x000001aabed41634 relative=0x0000000000000194
Event: 520.201 Thread 0x000001aacff1f000 Uncommon trap: reason=class_check action=make_not_entrant pc=0x000001aabed41634 method=java.util.ArrayList.toArray([Ljava/lang/Object;)[Ljava/lang/Object; @ 21 c2
Event: 520.201 Thread 0x000001aacff1f000 DEOPT PACKING pc=0x000001aabed41634 sp=0x00000052af5ff200
Event: 520.201 Thread 0x000001aacff1f000 DEOPT UNPACKING pc=0x000001aab72368af sp=0x00000052af5ff1c0 mode 2

Classes redefined (0 events):
No events

Internal exceptions (20 events):
Event: 0.338 Thread 0x000001aacfb5d000 Exception <a 'java/lang/NoSuchMethodError'{0x000000076af4d728}: 'void java.lang.invoke.DirectMethodHandle$Holder.invokeSpecial(java.lang.Object, java.lang.Object)'> (0x000000076af4d728) thrown at [./src/hotspot/share/interpreter/linkResolver.cpp, line 773]
Event: 0.342 Thread 0x000001aaad2eb800 Exception <a 'java/lang/NoSuchMethodError'{0x000000076af29458}: 'java.lang.Object java.lang.invoke.DirectMethodHandle$Holder.invokeStatic(java.lang.Object, java.lang.Object, java.lang.Object, java.lang.Object, java.lang.Object, java.lang.Object, java.lang.Object, java.lang.Object, int)'> (0x000000076af29458) thrown at [./src/hotspot/share/interpreter/linkResolver.cpp, line 773]
Event: 0.344 Thread 0x000001aaad2eb800 Exception <a 'java/lang/NoSuchMethodError'{0x000000076af433b8}: 'java.lang.Object java.lang.invoke.DirectMethodHandle$Holder.invokeStatic(java.lang.Object, java.lang.Object, java.lang.Object, java.lang.Object, java.lang.Object, java.lang.Object, java.lang.Object, java.lang.Object, int, int)'> (0x000000076af433b8) thrown at [./src/hotspot/share/interpreter/linkResolver.cpp, line 773]
Event: 0.513 Thread 0x000001aaad2eb800 Exception <a 'java/lang/NoSuchMethodError'{0x000000076aea3390}: 'java.lang.Object java.lang.invoke.DirectMethodHandle$Holder.invokeStatic(java.lang.Object, int, java.lang.Object, java.lang.Object, java.lang.Object, java.lang.Object)'> (0x000000076aea3390) thrown at [./src/hotspot/share/interpreter/linkResolver.cpp, line 773]
Event: 0.513 Thread 0x000001aaad2eb800 Exception <a 'java/lang/NoSuchMethodError'{0x000000076aeaa450}: 'java.lang.Object java.lang.invoke.DirectMethodHandle$Holder.invokeStatic(java.lang.Object, int, java.lang.Object, java.lang.Object, java.lang.Object)'> (0x000000076aeaa450) thrown at [./src/hotspot/share/interpreter/linkResolver.cpp, line 773]
Event: 0.513 Thread 0x000001aaad2eb800 Exception <a 'java/lang/NoSuchMethodError'{0x000000076aeadf98}: 'java.lang.Object java.lang.invoke.DirectMethodHandle$Holder.invokeSpecial(java.lang.Object, java.lang.Object, int, java.lang.Object, java.lang.Object, java.lang.Object)'> (0x000000076aeadf98) thrown at [./src/hotspot/share/interpreter/linkResolver.cpp, line 773]
Event: 0.516 Thread 0x000001aaad2eb800 Exception <a 'java/lang/NoSuchMethodError'{0x000000076aec58a8}: 'java.lang.Object java.lang.invoke.DirectMethodHandle$Holder.invokeStatic(java.lang.Object, int, java.lang.Object)'> (0x000000076aec58a8) thrown at [./src/hotspot/share/interpreter/linkResolver.cpp, line 773]
Event: 0.614 Thread 0x000001aaad2eb800 Exception <a 'java/lang/ClassNotFoundException'{0x000000076ad74490}: com/sun/swing/internal/plaf/metal/resources/spi/metalProvider> (0x000000076ad74490) thrown at [./src/hotspot/share/classfile/systemDictionary.cpp, line 231]
Event: 0.615 Thread 0x000001aaad2eb800 Exception <a 'java/lang/ClassNotFoundException'{0x000000076ad78fb8}: com/sun/swing/internal/plaf/basic/resources/spi/basicProvider> (0x000000076ad78fb8) thrown at [./src/hotspot/share/classfile/systemDictionary.cpp, line 231]
Event: 0.738 Thread 0x000001aaad2eb800 Exception <a 'java/lang/NoSuchMethodError'{0x000000076ab681d8}: 'java.lang.Object java.lang.invoke.DirectMethodHandle$Holder.invokeStatic(java.lang.Object, java.lang.Object, java.lang.Object, java.lang.Object, java.lang.Object, java.lang.Object, java.lang.Object, java.lang.Object, java.lang.Object, java.lang.Object, java.lang.Object, int)'> (0x000000076ab681d8) thrown at [./src/hotspot/share/interpreter/linkResolver.cpp, line 773]
Event: 0.740 Thread 0x000001aaad2eb800 Exception <a 'java/lang/NoSuchMethodError'{0x000000076ab860d8}: 'java.lang.Object java.lang.invoke.DirectMethodHandle$Holder.invokeStatic(java.lang.Object, java.lang.Object, java.lang.Object, java.lang.Object, java.lang.Object, java.lang.Object, java.lang.Object, java.lang.Object, java.lang.Object, java.lang.Object, java.lang.Object, int, int)'> (0x000000076ab860d8) thrown at [./src/hotspot/share/interpreter/linkResolver.cpp, line 773]
Event: 0.743 Thread 0x000001aaad2eb800 Exception <a 'java/lang/NoSuchMethodError'{0x000000076abecbc0}: 'java.lang.Object java.lang.invoke.DirectMethodHandle$Holder.invokeStatic(java.lang.Object, java.lang.Object, java.lang.Object, java.lang.Object, java.lang.Object, java.lang.Object, java.lang.Object, java.lang.Object, java.lang.Object, java.lang.Object, java.lang.Object, int, int, java.lang.Object)'> (0x000000076abecbc0) thrown at [./src/hotspot/share/interpreter/linkResolver.cpp, line 773]
Event: 0.744 Thread 0x000001aaad2eb800 Exception <a 'java/lang/NoSuchMethodError'{0x000000076aa0d458}: 'java.lang.Object java.lang.invoke.DirectMethodHandle$Holder.invokeStatic(java.lang.Object, java.lang.Object, java.lang.Object, java.lang.Object, java.lang.Object, java.lang.Object, java.lang.Object, java.lang.Object, java.lang.Object, java.lang.Object, java.lang.Object, int, int, java.lang.Object, java.lang.Object)'> (0x000000076aa0d458) thrown at [./src/hotspot/share/interpreter/linkResolver.cpp, line 773]
Event: 0.764 Thread 0x000001aaad2eb800 Exception <a 'java/lang/NoSuchMethodError'{0x000000076aac15e8}: 'java.lang.Object java.lang.invoke.DirectMethodHandle$Holder.invokeSpecial(java.lang.Object, java.lang.Object, int, int, java.lang.Object, java.lang.Object, java.lang.Object, java.lang.Object)'> (0x000000076aac15e8) thrown at [./src/hotspot/share/interpreter/linkResolver.cpp, line 773]
Event: 0.764 Thread 0x000001aaad2eb800 Exception <a 'java/lang/NoSuchMethodError'{0x000000076aac4d20}: 'java.lang.Object java.lang.invoke.DelegatingMethodHandle$Holder.reinvoke_L(java.lang.Object, int, int, java.lang.Object, java.lang.Object, java.lang.Object, java.lang.Object)'> (0x000000076aac4d20) thrown at [./src/hotspot/share/interpreter/linkResolver.cpp, line 773]
Event: 0.767 Thread 0x000001aaad2eb800 Exception <a 'java/lang/NoSuchMethodError'{0x000000076aaf8aa0}: 'java.lang.Object java.lang.invoke.DirectMethodHandle$Holder.invokeStatic(java.lang.Object, java.lang.Object, java.lang.Object, java.lang.Object, java.lang.Object, java.lang.Object, java.lang.Object, java.lang.Object, int, int, java.lang.Object)'> (0x000000076aaf8aa0) thrown at [./src/hotspot/share/interpreter/linkResolver.cpp, line 773]
Event: 0.769 Thread 0x000001aaad2eb800 Exception <a 'java/lang/NoSuchMethodError'{0x000000076a9158e8}: 'java.lang.Object java.lang.invoke.DirectMethodHandle$Holder.invokeStatic(java.lang.Object, java.lang.Object, java.lang.Object, java.lang.Object, java.lang.Object, java.lang.Object, java.lang.Object, java.lang.Object, int, int, java.lang.Object, java.lang.Object)'> (0x000000076a9158e8) thrown at [./src/hotspot/share/interpreter/linkResolver.cpp, line 773]
Event: 0.847 Thread 0x000001aaad2eb800 Exception <a 'java/lang/NoSuchMethodError'{0x000000076a9c2868}: 'void java.lang.invoke.DirectMethodHandle$Holder.invokeStaticInit(java.lang.Object)'> (0x000000076a9c2868) thrown at [./src/hotspot/share/interpreter/linkResolver.cpp, line 773]
Event: 0.856 Thread 0x000001aaad2eb800 Exception <a 'java/lang/NoSuchMethodError'{0x000000076a8396d8}: 'java.lang.Object java.lang.invoke.Invokers$Holder.linkToTargetMethod(java.lang.Object, int, java.lang.Object)'> (0x000000076a8396d8) thrown at [./src/hotspot/share/interpreter/linkResolver.cpp, line 773]
Event: 1554.993 Thread 0x000001aad5a3f000 Exception <a 'java/lang/NoSuchMethodError'{0x000000076a760bb8}: 'void java.lang.invoke.DirectMethodHandle$Holder.invokeVirtual(java.lang.Object, java.lang.Object)'> (0x000000076a760bb8) thrown at [./src/hotspot/share/interpreter/linkResolver.cpp, line 773]

Events (20 events):
Event: 6.277 Executing VM operation: RevokeBias
Event: 6.277 Executing VM operation: RevokeBias done
Event: 6.277 loading class java/awt/KeyboardFocusManager$2
Event: 6.277 loading class java/awt/KeyboardFocusManager$2 done
Event: 6.278 loading class sun/awt/SunToolkit$1
Event: 6.278 loading class sun/awt/SunToolkit$1 done
Event: 1554.510 Executing VM operation: RevokeBias
Event: 1554.510 Executing VM operation: RevokeBias done
Event: 1554.838 Executing VM operation: RevokeBias
Event: 1554.838 Executing VM operation: RevokeBias done
Event: 1554.971 loading class java/util/WeakHashMap$KeyIterator
Event: 1554.971 loading class java/util/WeakHashMap$HashIterator
Event: 1554.971 loading class java/util/WeakHashMap$HashIterator done
Event: 1554.971 loading class java/util/WeakHashMap$KeyIterator done
Event: 1554.971 Executing VM operation: RevokeBias
Event: 1554.972 Executing VM operation: RevokeBias done
Event: 1554.993 Executing VM operation: RevokeBias
Event: 1554.994 Executing VM operation: RevokeBias done
Event: 1555.000 loading class java/awt/image/Raster
Event: 1555.000 loading class java/awt/image/Raster done


Dynamic libraries:
0x00007ff6ed870000 - 0x00007ff6ed87d000 	D:\Program Files (X86)\jdk11.0.11_9\bin\java.exe
0x00007ffbfe580000 - 0x00007ffbfe770000 	C:\windows\SYSTEM32\ntdll.dll
0x00007ffbfc970000 - 0x00007ffbfca22000 	C:\windows\System32\KERNEL32.DLL
0x00007ffbfb550000 - 0x00007ffbfb7f5000 	C:\windows\System32\KERNELBASE.dll
0x00007ffbfbb00000 - 0x00007ffbfbbfa000 	C:\windows\System32\ucrtbase.dll
0x00007ffbe20d0000 - 0x00007ffbe20e9000 	D:\Program Files (X86)\jdk11.0.11_9\bin\VCRUNTIME140.dll
0x00007ffbf77b0000 - 0x00007ffbf77c7000 	D:\Program Files (X86)\jdk11.0.11_9\bin\jli.dll
0x00007ffbfcae0000 - 0x00007ffbfcc74000 	C:\windows\System32\USER32.dll
0x00007ffbfbd70000 - 0x00007ffbfbd91000 	C:\windows\System32\win32u.dll
0x00007ffbfcc90000 - 0x00007ffbfccb6000 	C:\windows\System32\GDI32.dll
0x00007ffbe5770000 - 0x00007ffbe59f4000 	C:\windows\WinSxS\amd64_microsoft.windows.common-controls_6595b64144ccf1df_6.0.18362.1556_none_9e7e372fe45e41d5\COMCTL32.dll
0x00007ffbfb800000 - 0x00007ffbfb998000 	C:\windows\System32\gdi32full.dll
0x00007ffbfd460000 - 0x00007ffbfd4fe000 	C:\windows\System32\msvcrt.dll
0x00007ffbfbda0000 - 0x00007ffbfbe3e000 	C:\windows\System32\msvcp_win.dll
0x00007ffbfd500000 - 0x00007ffbfd836000 	C:\windows\System32\combase.dll
0x00007ffbfe420000 - 0x00007ffbfe53f000 	C:\windows\System32\RPCRT4.dll
0x00007ffbfbcb0000 - 0x00007ffbfbd31000 	C:\windows\System32\bcryptPrimitives.dll
0x00007ffbfcfc0000 - 0x00007ffbfcfee000 	C:\windows\System32\IMM32.DLL
0x00007ffbd92a0000 - 0x00007ffbd933b000 	D:\Program Files (X86)\jdk11.0.11_9\bin\msvcp140.dll
0x00007ffbb0800000 - 0x00007ffbb134c000 	D:\Program Files (X86)\jdk11.0.11_9\bin\server\jvm.dll
0x00007ffbfca30000 - 0x00007ffbfcad3000 	C:\windows\System32\ADVAPI32.dll
0x00007ffbfd3c0000 - 0x00007ffbfd457000 	C:\windows\System32\sechost.dll
0x00007ffbfc960000 - 0x00007ffbfc968000 	C:\windows\System32\PSAPI.DLL
0x00007ffbf62f0000 - 0x00007ffbf62fa000 	C:\windows\SYSTEM32\VERSION.dll
0x00007ffbeca60000 - 0x00007ffbeca84000 	C:\windows\SYSTEM32\WINMM.dll
0x00007ffbf8170000 - 0x00007ffbf8179000 	C:\windows\SYSTEM32\WSOCK32.dll
0x00007ffbfe3b0000 - 0x00007ffbfe41f000 	C:\windows\System32\WS2_32.dll
0x00007ffbeca30000 - 0x00007ffbeca5d000 	C:\windows\SYSTEM32\winmmbase.dll
0x00007ffbfbe60000 - 0x00007ffbfbeaa000 	C:\windows\System32\cfgmgr32.dll
0x00007ffbfb460000 - 0x00007ffbfb471000 	C:\windows\System32\kernel.appcore.dll
0x00007ffbf5ab0000 - 0x00007ffbf5ac0000 	D:\Program Files (X86)\jdk11.0.11_9\bin\verify.dll
0x00007ffbeda00000 - 0x00007ffbedbf4000 	C:\windows\SYSTEM32\DBGHELP.DLL
0x00007ffbe5a00000 - 0x00007ffbe5a2a000 	C:\windows\SYSTEM32\dbgcore.DLL
0x00007ffbda230000 - 0x00007ffbda258000 	D:\Program Files (X86)\jdk11.0.11_9\bin\java.dll
0x00007ffbf5a20000 - 0x00007ffbf5a2a000 	D:\Program Files (X86)\jdk11.0.11_9\bin\jimage.dll
0x00007ffbe20b0000 - 0x00007ffbe20c7000 	D:\Program Files (X86)\jdk11.0.11_9\bin\zip.dll
0x00007ffbfd840000 - 0x00007ffbfdf27000 	C:\windows\System32\SHELL32.dll
0x00007ffbfc720000 - 0x00007ffbfc7c8000 	C:\windows\System32\shcore.dll
0x00007ffbfbeb0000 - 0x00007ffbfc62b000 	C:\windows\System32\windows.storage.dll
0x00007ffbfb480000 - 0x00007ffbfb49e000 	C:\windows\System32\profapi.dll
0x00007ffbfb4a0000 - 0x00007ffbfb4ea000 	C:\windows\System32\powrprof.dll
0x00007ffbfb430000 - 0x00007ffbfb440000 	C:\windows\System32\UMPDC.dll
0x00007ffbfc900000 - 0x00007ffbfc952000 	C:\windows\System32\shlwapi.dll
0x00007ffbfbe40000 - 0x00007ffbfbe57000 	C:\windows\System32\cryptsp.dll
0x00007ffbdda60000 - 0x00007ffbdda79000 	D:\Program Files (X86)\jdk11.0.11_9\bin\net.dll
0x00007ffbef4d0000 - 0x00007ffbef5ca000 	C:\windows\SYSTEM32\WINHTTP.dll
0x00007ffbfac10000 - 0x00007ffbfac77000 	C:\windows\system32\mswsock.dll
0x00007ffbda210000 - 0x00007ffbda222000 	D:\Program Files (X86)\jdk11.0.11_9\bin\nio.dll
0x00007ffbc3550000 - 0x00007ffbc36e9000 	D:\Program Files (X86)\jdk11.0.11_9\bin\awt.dll
0x00007ffbfc650000 - 0x00007ffbfc715000 	C:\windows\System32\OLEAUT32.dll
0x00007ffbf9640000 - 0x00007ffbf96cf000 	C:\windows\SYSTEM32\apphelp.dll
0x00007ffbf9b90000 - 0x00007ffbf9bbd000 	C:\windows\system32\DWMAPI.DLL
0x00007ffbf9770000 - 0x00007ffbf9809000 	C:\windows\system32\uxtheme.dll
0x00007ffbc15c0000 - 0x00007ffbc1716000 	C:\windows\system32\opengl32.dll
0x00007ffbcba70000 - 0x00007ffbcba9c000 	C:\windows\SYSTEM32\GLU32.dll
0x00007ffbfa0e0000 - 0x00007ffbfa100000 	C:\windows\SYSTEM32\dxcore.dll
0x00007ffbfce80000 - 0x00007ffbfcfb5000 	C:\windows\System32\MSCTF.dll
0x00007ffbfcd20000 - 0x00007ffbfce77000 	C:\windows\System32\ole32.dll
0x00007ffbc2690000 - 0x00007ffbc2857000 	C:\windows\system32\d3d9.dll
0x00007ffbead40000 - 0x00007ffbeaf17000 	C:\windows\System32\DriverStore\FileRepository\u0355311.inf_amd64_183b8d63847c90cf\B355199\aticfx64.dll
0x00007ffbc5490000 - 0x00007ffbc54c1000 	C:\windows\System32\DriverStore\FileRepository\u0355311.inf_amd64_183b8d63847c90cf\B355199\atiu9p64.dll
0x00007ffbaf540000 - 0x00007ffbb01c9000 	C:\windows\System32\DriverStore\FileRepository\u0355311.inf_amd64_183b8d63847c90cf\B355199\atiumd64.dll
0x0000000065ed0000 - 0x0000000066c95000 	C:\windows\System32\DriverStore\FileRepository\u0355311.inf_amd64_183b8d63847c90cf\B355199\atiumd6a.dll
0x00007ffbf8120000 - 0x00007ffbf814e000 	C:\windows\SYSTEM32\amdihk64.dll
0x00007ffbd1ec0000 - 0x00007ffbd1f45000 	D:\Program Files (X86)\jdk11.0.11_9\bin\freetype.dll
0x00007ffbda0c0000 - 0x00007ffbda0d2000 	D:\Program Files (X86)\jdk11.0.11_9\bin\fontmanager.dll
0x00007ffbc3a00000 - 0x00007ffbc3abc000 	D:\Program Files (X86)\jdk11.0.11_9\bin\harfbuzz.dll
0x00007ffbfd290000 - 0x00007ffbfd332000 	C:\windows\System32\clbcatq.dll
0x00007ffbebc60000 - 0x00007ffbebe0f000 	C:\windows\SYSTEM32\WindowsCodecs.dll
0x00007ffbe0920000 - 0x00007ffbe095b000 	C:\windows\system32\dataexchange.dll
0x00007ffbf87c0000 - 0x00007ffbf8a1b000 	C:\windows\system32\d3d11.dll
0x00007ffbf8fa0000 - 0x00007ffbf917d000 	C:\windows\system32\dcomp.dll
0x00007ffbfa100000 - 0x00007ffbfa1eb000 	C:\windows\system32\dxgi.dll
0x00007ffbf9830000 - 0x00007ffbf9a8a000 	C:\windows\system32\twinapi.appcore.dll
0x00007ffbf9bc0000 - 0x00007ffbf9be9000 	C:\windows\system32\RMCLIENT.dll
0x00007ffbdc300000 - 0x00007ffbdc39b000 	C:\windows\System32\TextInputFramework.dll
0x00007ffbf8ec0000 - 0x00007ffbf8f94000 	C:\windows\System32\CoreMessaging.dll
0x00007ffbebe10000 - 0x00007ffbec13a000 	C:\windows\System32\CoreUIComponents.dll
0x00007ffbf7800000 - 0x00007ffbf7952000 	C:\windows\SYSTEM32\wintypes.dll
0x00007ffbfa570000 - 0x00007ffbfa5a1000 	C:\windows\SYSTEM32\ntmarta.dll
0x00007ffbecec0000 - 0x00007ffbed167000 	C:\windows\System32\iertutil.dll

dbghelp: loaded successfully - version: 4.0.5 - missing functions: none
symbol engine: initialized successfully - sym options: 0x614 - pdb path: .;D:\Program Files (X86)\jdk11.0.11_9\bin;C:\windows\SYSTEM32;C:\windows\WinSxS\amd64_microsoft.windows.common-controls_6595b64144ccf1df_6.0.18362.1556_none_9e7e372fe45e41d5;D:\Program Files (X86)\jdk11.0.11_9\bin\server;C:\windows\System32\DriverStore\FileRepository\u0355311.inf_amd64_183b8d63847c90cf\B355199

VM Arguments:
jvm_args: -Dfile.encoding=UTF-8 --module-path=D:\Xim\FES\2DO SEM\POO\poo2209\tareas\CifradoCesar\build\classes 
java_command: cifradocesar.CifradoCesar
java_class_path (initial): D:\Xim\FES\2DO SEM\POO\poo2209\tareas\CifradoCesar\build\classes
Launcher Type: SUN_STANDARD

[Global flags]
     intx CICompilerCount                          = 3                                         {product} {ergonomic}
     uint ConcGCThreads                            = 1                                         {product} {ergonomic}
     uint G1ConcRefinementThreads                  = 4                                         {product} {ergonomic}
   size_t G1HeapRegionSize                         = 1048576                                   {product} {ergonomic}
    uintx GCDrainStackTargetSize                   = 64                                        {product} {ergonomic}
   size_t InitialHeapSize                          = 167772160                                 {product} {ergonomic}
   size_t MarkStackSize                            = 4194304                                   {product} {ergonomic}
   size_t MaxHeapSize                              = 2663383040                                {product} {ergonomic}
   size_t MaxNewSize                               = 1598029824                                {product} {ergonomic}
   size_t MinHeapDeltaBytes                        = 1048576                                   {product} {ergonomic}
    uintx NonNMethodCodeHeapSize                   = 5830732                                {pd product} {ergonomic}
    uintx NonProfiledCodeHeapSize                  = 122913754                              {pd product} {ergonomic}
    uintx ProfiledCodeHeapSize                     = 122913754                              {pd product} {ergonomic}
    uintx ReservedCodeCacheSize                    = 251658240                              {pd product} {ergonomic}
     bool SegmentedCodeCache                       = true                                      {product} {ergonomic}
     bool UseCompressedClassPointers               = true                                 {lp64_product} {ergonomic}
     bool UseCompressedOops                        = true                                 {lp64_product} {ergonomic}
     bool UseG1GC                                  = true                                      {product} {ergonomic}
     bool UseLargePagesIndividualAllocation        = false                                  {pd product} {ergonomic}

Logging:
Log output configuration:
 #0: stdout all=warning uptime,level,tags
 #1: stderr all=off uptime,level,tags

Environment Variables:
JAVA_HOME=D:\Program Files (X86)\jdk11.0.11_9
PATH=C:\Program Files\Common Files\Oracle\Java\javapath;D:\Program Files (X86)\jdk11.0.11_9\bin;C:\Program Files\Common Files (x86)\Oracle\Java\javapath;C:\windows\system32;C:\windows;C:\windows\System32\Wbem;C:\windows\System32\WindowsPowerShell\v1.0\;C:\windows\System32\OpenSSH\;C:\Program Files\dotnet\;C:\Program Files\Microsoft SQL Server\130\Tools\Binn\;C:\Program Files (x86)\dotnet\;D:\Program Files (X86)\JAVA\bin;C:\Users\begax\AppData\Local\Microsoft\WindowsApps;C:\Users\begax\.dotnet\tools
USERNAME=begax
OS=Windows_NT
PROCESSOR_IDENTIFIER=AMD64 Family 23 Model 24 Stepping 1, AuthenticAMD



---------------  S Y S T E M  ---------------

OS: Windows 10 , 64 bit Build 18362 (10.0.18362.1500)
OS uptime: 19 days 7:56 hours

CPU:total 4 (initial active 4) (4 cores per cpu, 1 threads per core) family 23 model 24 stepping 1 microcode 0x0, cmov, cx8, fxsr, mmx, sse, sse2, sse3, ssse3, sse4.1, sse4.2, popcnt, avx, avx2, aes, clmul, mmxext, 3dnowpref, lzcnt, sse4a, tsc, tscinvbit, tscinv, bmi1, bmi2, adx, sha, 

Memory: 4k page, system-wide physical 10153M (2122M free)
TotalPageFile size 25319M (AvailPageFile size 1M)
current process WorkingSet (physical memory assigned to process): 77M, peak: 103M
current process commit charge ("private bytes"): 273M, peak: 291M

vm_info: OpenJDK 64-Bit Server VM (11.0.11+9-LTS) for windows-amd64 JRE (11.0.11+9-LTS), built on Apr 14 2021 00:00:20 by "Administrator" with MS VC++ 15.9 (VS2017)

END.
